#
# There is insufficient memory for the Java Runtime Environment to continue.
# Native memory allocation (malloc) failed to allocate 132816 bytes for Chunk::new
# Possible reasons:
#   The system is out of physical RAM or swap space
#   In 32 bit mode, the process size limit was hit
# Possible solutions:
#   Reduce memory load on the system
#   Increase physical memory or swap space
#   Check if swap backing store is full
#   Use 64 bit Java on a 64 bit OS
#   Decrease Java heap size (-Xmx/-Xms)
#   Decrease number of Java threads
#   Decrease Java thread stack sizes (-Xss)
#   Set larger code cache with -XX:ReservedCodeCacheSize=
# This output file may be truncated or incomplete.
#
#  Out of Memory Error (allocation.cpp:390), pid=9916, tid=3412
#
# JRE version: Java(TM) SE Runtime Environment (8.0_20-b26) (build 1.8.0_20-b26)
# Java VM: Java HotSpot(TM) 64-Bit Server VM (25.20-b23 mixed mode windows-amd64 compressed oops)
# Failed to write core dump. Minidumps are not enabled by default on client versions of Windows
#

---------------  T H R E A D  ---------------

Current thread (0x00000000560d1000):  JavaThread "C2 CompilerThread0" daemon [_thread_in_native, id=3412, stack(0x00000000569c0000,0x0000000056ac0000)]

Stack: [0x00000000569c0000,0x0000000056ac0000]
Native frames: (J=compiled Java code, j=interpreted, Vv=VM code, C=native code)
V  [jvm.dll+0x3152fa]


Current CompileTask:
C2:  50372 1737       4       com.android.dx.cf.code.Ropper::mergeAndWorkAsNecessary (102 bytes)


---------------  P R O C E S S  ---------------

Java Threads: ( => current thread )
  0x000000005613d000 JavaThread "Service Thread" daemon [_thread_blocked, id=4584, stack(0x0000000056d40000,0x0000000056e40000)]
  0x00000000560d4800 JavaThread "C1 CompilerThread2" daemon [_thread_blocked, id=9692, stack(0x0000000056ad0000,0x0000000056bd0000)]
  0x00000000560d3000 JavaThread "C2 CompilerThread1" daemon [_thread_blocked, id=4960, stack(0x00000000566e0000,0x00000000567e0000)]
=>0x00000000560d1000 JavaThread "C2 CompilerThread0" daemon [_thread_in_native, id=3412, stack(0x00000000569c0000,0x0000000056ac0000)]
  0x0000000054cf7800 JavaThread "Attach Listener" daemon [_thread_blocked, id=3376, stack(0x0000000056870000,0x0000000056970000)]
  0x0000000054cf4800 JavaThread "Signal Dispatcher" daemon [_thread_blocked, id=8104, stack(0x00000000565e0000,0x00000000566e0000)]
  0x0000000054c90800 JavaThread "Finalizer" daemon [_thread_blocked, id=2756, stack(0x0000000055fd0000,0x00000000560d0000)]
  0x0000000054c8d000 JavaThread "Reference Handler" daemon [_thread_blocked, id=7628, stack(0x0000000055d50000,0x0000000055e50000)]
  0x00000000004ff000 JavaThread "main" [_thread_in_native, id=6796, stack(0x0000000001f70000,0x0000000002070000)]

Other Threads:
  0x0000000054c87000 VMThread [stack: 0x0000000055ed0000,0x0000000055fd0000] [id=9440]
  0x0000000056150800 WatcherThread [stack: 0x0000000056c40000,0x0000000056d40000] [id=8612]

VM state:not at safepoint (normal execution)

VM Mutex/Monitor currently owned by a thread: None

Heap:
 PSYoungGen      total 52736K, used 17354K [0x00000000eab00000, 0x00000000f1200000, 0x0000000100000000)
  eden space 49152K, 28% used [0x00000000eab00000,0x00000000eb875dc8,0x00000000edb00000)
  from space 3584K, 99% used [0x00000000edb00000,0x00000000ede7cc00,0x00000000ede80000)
  to   space 3584K, 0% used [0x00000000f0e80000,0x00000000f0e80000,0x00000000f1200000)
 ParOldGen       total 64512K, used 13117K [0x00000000c0000000, 0x00000000c3f00000, 0x00000000eab00000)
  object space 64512K, 20% used [0x00000000c0000000,0x00000000c0ccf6f8,0x00000000c3f00000)
 Metaspace       used 5478K, capacity 6832K, committed 7040K, reserved 1056768K
  class space    used 536K, capacity 616K, committed 640K, reserved 1048576K

Card table byte_map: [0x0000000011820000,0x0000000011a30000] byte_map_base: 0x0000000011220000

Marking Bits: (ParMarkBitMap*) 0x0000000058acb460
 Begin Bits: [0x0000000012100000, 0x0000000013100000)
 End Bits:   [0x0000000013100000, 0x0000000014100000)

Polling page: 0x00000000001a0000

CodeCache: size=245760Kb used=7210Kb max_used=7222Kb free=238549Kb
 bounds [0x0000000002460000, 0x0000000002b80000, 0x0000000011460000]
 total_blobs=1904 nmethods=1646 adapters=173
 compilation: enabled

Compilation events (10 events):
Event: 50.223 Thread 0x00000000560d4800 nmethod 1739 0x0000000002b172d0 code [0x0000000002b17440, 0x0000000002b175e8]
Event: 50.229 Thread 0x00000000560d3000 nmethod 1732 0x0000000002b27410 code [0x0000000002b27580, 0x0000000002b27718]
Event: 50.229 Thread 0x00000000560d3000 1735       4       com.android.dx.ssa.SsaRenamer$1::visitBlock (16 bytes)
Event: 50.248 Thread 0x00000000560d3000 nmethod 1735 0x0000000002b523d0 code [0x0000000002b52560, 0x0000000002b529a8]
Event: 50.248 Thread 0x00000000560d3000 1736       4       com.android.dx.ssa.SsaRenamer$BlockRenamer::<init> (72 bytes)
Event: 50.250 Thread 0x00000000560d1000 nmethod 1734 0x0000000002b6ead0 code [0x0000000002b6ec60, 0x0000000002b6f1a8]
Event: 50.250 Thread 0x00000000560d1000 1738       4       com.android.dx.rop.code.PlainCstInsn::accept (8 bytes)
Event: 50.251 Thread 0x00000000560d1000 nmethod 1738 0x0000000002b17090 code [0x0000000002b171c0, 0x0000000002b17238]
Event: 50.251 Thread 0x00000000560d1000 1737       4       com.android.dx.cf.code.Ropper::mergeAndWorkAsNecessary (102 bytes)
Event: 50.337 Thread 0x00000000560d3000 nmethod 1736 0x0000000002b51c50 code [0x0000000002b51dc0, 0x0000000002b52138]

GC Heap History (6 events):
Event: 16.415 GC heap before
{Heap before GC invocations=1 (full 0):
 PSYoungGen      total 28160K, used 24576K [0x00000000eab00000, 0x00000000eca00000, 0x0000000100000000)
  eden space 24576K, 100% used [0x00000000eab00000,0x00000000ec300000,0x00000000ec300000)
  from space 3584K, 0% used [0x00000000ec680000,0x00000000ec680000,0x00000000eca00000)
  to   space 3584K, 0% used [0x00000000ec300000,0x00000000ec300000,0x00000000ec680000)
 ParOldGen       total 64512K, used 0K [0x00000000c0000000, 0x00000000c3f00000, 0x00000000eab00000)
  object space 64512K, 0% used [0x00000000c0000000,0x00000000c0000000,0x00000000c3f00000)
 Metaspace       used 5259K, capacity 6640K, committed 6784K, reserved 1056768K
  class space    used 533K, capacity 616K, committed 640K, reserved 1048576K
Event: 17.084 GC heap after
Heap after GC invocations=1 (full 0):
 PSYoungGen      total 28160K, used 3575K [0x00000000eab00000, 0x00000000ee200000, 0x0000000100000000)
  eden space 24576K, 0% used [0x00000000eab00000,0x00000000eab00000,0x00000000ec300000)
  from space 3584K, 99% used [0x00000000ec300000,0x00000000ec67dc60,0x00000000ec680000)
  to   space 3584K, 0% used [0x00000000ede80000,0x00000000ede80000,0x00000000ee200000)
 ParOldGen       total 64512K, used 2019K [0x00000000c0000000, 0x00000000c3f00000, 0x00000000eab00000)
  object space 64512K, 3% used [0x00000000c0000000,0x00000000c01f8f88,0x00000000c3f00000)
 Metaspace       used 5259K, capacity 6640K, committed 6784K, reserved 1056768K
  class space    used 533K, capacity 616K, committed 640K, reserved 1048576K
}
Event: 18.426 GC heap before
{Heap before GC invocations=2 (full 0):
 PSYoungGen      total 28160K, used 28151K [0x00000000eab00000, 0x00000000ee200000, 0x0000000100000000)
  eden space 24576K, 100% used [0x00000000eab00000,0x00000000ec300000,0x00000000ec300000)
  from space 3584K, 99% used [0x00000000ec300000,0x00000000ec67dc60,0x00000000ec680000)
  to   space 3584K, 0% used [0x00000000ede80000,0x00000000ede80000,0x00000000ee200000)
 ParOldGen       total 64512K, used 2019K [0x00000000c0000000, 0x00000000c3f00000, 0x00000000eab00000)
  object space 64512K, 3% used [0x00000000c0000000,0x00000000c01f8f88,0x00000000c3f00000)
 Metaspace       used 5418K, capacity 6768K, committed 7040K, reserved 1056768K
  class space    used 536K, capacity 616K, committed 640K, reserved 1048576K
Event: 24.226 GC heap after
Heap after GC invocations=2 (full 0):
 PSYoungGen      total 52736K, used 3571K [0x00000000eab00000, 0x00000000ee200000, 0x0000000100000000)
  eden space 49152K, 0% used [0x00000000eab00000,0x00000000eab00000,0x00000000edb00000)
  from space 3584K, 99% used [0x00000000ede80000,0x00000000ee1fcd50,0x00000000ee200000)
  to   space 3584K, 0% used [0x00000000edb00000,0x00000000edb00000,0x00000000ede80000)
 ParOldGen       total 64512K, used 5387K [0x00000000c0000000, 0x00000000c3f00000, 0x00000000eab00000)
  object space 64512K, 8% used [0x00000000c0000000,0x00000000c0542f58,0x00000000c3f00000)
 Metaspace       used 5418K, capacity 6768K, committed 7040K, reserved 1056768K
  class space    used 536K, capacity 616K, committed 640K, reserved 1048576K
}
Event: 33.935 GC heap before
{Heap before GC invocations=3 (full 0):
 PSYoungGen      total 52736K, used 52723K [0x00000000eab00000, 0x00000000ee200000, 0x0000000100000000)
  eden space 49152K, 100% used [0x00000000eab00000,0x00000000edb00000,0x00000000edb00000)
  from space 3584K, 99% used [0x00000000ede80000,0x00000000ee1fcd50,0x00000000ee200000)
  to   space 3584K, 0% used [0x00000000edb00000,0x00000000edb00000,0x00000000ede80000)
 ParOldGen       total 64512K, used 5387K [0x00000000c0000000, 0x00000000c3f00000, 0x00000000eab00000)
  object space 64512K, 8% used [0x00000000c0000000,0x00000000c0542f58,0x00000000c3f00000)
 Metaspace       used 5470K, capacity 6832K, committed 7040K, reserved 1056768K
  class space    used 536K, capacity 616K, committed 640K, reserved 1048576K
Event: 35.777 GC heap after
Heap after GC invocations=3 (full 0):
 PSYoungGen      total 52736K, used 3571K [0x00000000eab00000, 0x00000000f1200000, 0x0000000100000000)
  eden space 49152K, 0% used [0x00000000eab00000,0x00000000eab00000,0x00000000edb00000)
  from space 3584K, 99% used [0x00000000edb00000,0x00000000ede7cc00,0x00000000ede80000)
  to   space 3584K, 0% used [0x00000000f0e80000,0x00000000f0e80000,0x00000000f1200000)
 ParOldGen       total 64512K, used 13117K [0x00000000c0000000, 0x00000000c3f00000, 0x00000000eab00000)
  object space 64512K, 20% used [0x00000000c0000000,0x00000000c0ccf6f8,0x00000000c3f00000)
 Metaspace       used 5470K, capacity 6832K, committed 7040K, reserved 1056768K
  class space    used 536K, capacity 616K, committed 640K, reserved 1048576K
}

Deoptimization events (10 events):
Event: 15.046 Thread 0x00000000004ff000 Uncommon trap: reason=class_check action=maybe_recompile pc=0x0000000002861460 method=com.android.dx.ssa.NormalSsaInsn.accept(Lcom/android/dx/ssa/SsaInsn$Visitor;)V @ 9
Event: 17.089 Thread 0x00000000004ff000 Uncommon trap: reason=class_check action=maybe_recompile pc=0x0000000002861460 method=com.android.dx.ssa.NormalSsaInsn.accept(Lcom/android/dx/ssa/SsaInsn$Visitor;)V @ 9
Event: 17.558 Thread 0x00000000004ff000 Uncommon trap: reason=class_check action=maybe_recompile pc=0x0000000002861460 method=com.android.dx.ssa.NormalSsaInsn.accept(Lcom/android/dx/ssa/SsaInsn$Visitor;)V @ 9
Event: 17.558 Thread 0x00000000004ff000 Uncommon trap: reason=class_check action=maybe_recompile pc=0x0000000002776b20 method=com.android.dx.ssa.NormalSsaInsn.accept(Lcom/android/dx/ssa/SsaInsn$Visitor;)V @ 9
Event: 17.576 Thread 0x00000000004ff000 Uncommon trap: reason=class_check action=maybe_recompile pc=0x0000000002861460 method=com.android.dx.ssa.NormalSsaInsn.accept(Lcom/android/dx/ssa/SsaInsn$Visitor;)V @ 9
Event: 17.591 Thread 0x00000000004ff000 Uncommon trap: reason=null_check action=make_not_entrant pc=0x000000000282a890 method=com.android.dx.rop.type.Type.equals(Ljava/lang/Object;)Z @ 8
Event: 18.372 Thread 0x00000000004ff000 Uncommon trap: reason=unloaded action=reinterpret pc=0x0000000002943fa0 method=com.android.dx.cf.cst.ConstantPoolParser.parse0(ILjava/util/BitSet;)Lcom/android/dx/rop/cst/Constant; @ 198
Event: 25.902 Thread 0x00000000004ff000 Uncommon trap: reason=class_check action=maybe_recompile pc=0x00000000029ff258 method=com.android.dx.rop.code.RegisterSpec.withSimpleType()Lcom/android/dx/rop/code/RegisterSpec; @ 21
Event: 26.216 Thread 0x00000000004ff000 Uncommon trap: reason=unreached action=reinterpret pc=0x000000000281e604 method=com.android.dx.rop.cst.Constant.compareTo(Lcom/android/dx/rop/cst/Constant;)I @ 12
Event: 27.941 Thread 0x00000000004ff000 Uncommon trap: reason=class_check action=maybe_recompile pc=0x00000000029ff258 method=com.android.dx.rop.code.RegisterSpec.withSimpleType()Lcom/android/dx/rop/code/RegisterSpec; @ 21

Internal exceptions (4 events):
Event: 0.341 Thread 0x00000000004ff000 Exception <a 'java/lang/NoSuchMethodError': Method sun.misc.Unsafe.defineClass(Ljava/lang/String;[BII)Ljava/lang/Class; name or signature does not match> (0x00000000eab0c550) thrown at [D:\re\workspace\8-2-build-windows-amd64-cygwin\jdk8u20\1074\hotspot\sr£r4ÙÕ?
Event: 0.341 Thread 0x00000000004ff000 Exception <a 'java/lang/NoSuchMethodError': Method sun.misc.Unsafe.prefetchRead(Ljava/lang/Object;J)V name or signature does not match> (0x00000000eab0c7e0) thrown at [D:\re\workspace\8-2-build-windows-amd64-cygwin\jdk8u20\1074\hotspot\src\share\vm\prims\jµ‰S'»U@
Event: 5.584 Thread 0x00000000004ff000 Implicit null exception at 0x000000000281f191 to 0x0000000002821505
Event: 17.591 Thread 0x00000000004ff000 Implicit null exception at 0x000000000282a792 to 0x000000000282a882

Events (10 events):
Event: 33.935 Executing VM operation: ParallelGCFailedAllocation
Event: 35.777 Executing VM operation: ParallelGCFailedAllocation done
Event: 36.242 Thread 0x00000000004ff000 DEOPT PACKING pc=0x0000000002a89b05 sp=0x000000000206eeb0
Event: 36.242 Thread 0x00000000004ff000 DEOPT UNPACKING pc=0x00000000024a71bf sp=0x000000000206ecb0 mode 0
Event: 38.131 Thread 0x00000000004ff000 DEOPT PACKING pc=0x0000000002a8bcf9 sp=0x000000000206ec20
Event: 38.131 Thread 0x00000000004ff000 DEOPT UNPACKING pc=0x00000000024a71bf sp=0x000000000206e9e0 mode 0
Event: 46.525 loading class com/android/dx/rop/code/RegisterSpec$1
Event: 46.525 loading class com/android/dx/rop/code/RegisterSpec$1 done
Event: 46.865 Thread 0x00000000004ff000 DEOPT PACKING pc=0x0000000002a7e72a sp=0x000000000206eb00
Event: 46.865 Thread 0x00000000004ff000 DEOPT UNPACKING pc=0x00000000024a71bf sp=0x000000000206e930 mode 0


Dynamic libraries:
0x000000013f520000 - 0x000000013f554000 	C:\PROGRA~1\Java\JDK18~1.0_2\bin\java.exe
0x0000000077b90000 - 0x0000000077d39000 	C:\Windows\SYSTEM32\ntdll.dll
0x0000000077a70000 - 0x0000000077b8f000 	C:\Windows\system32\kernel32.dll
0x000007fefd980000 - 0x000007fefd9ec000 	C:\Windows\system32\KERNELBASE.dll
0x000007fefe550000 - 0x000007fefe62b000 	C:\Windows\system32\ADVAPI32.dll
0x000007fefe140000 - 0x000007fefe1df000 	C:\Windows\system32\msvcrt.dll
0x000007fefe9d0000 - 0x000007fefe9ef000 	C:\Windows\SYSTEM32\sechost.dll
0x000007feff850000 - 0x000007feff97d000 	C:\Windows\system32\RPCRT4.dll
0x0000000077970000 - 0x0000000077a6a000 	C:\Windows\system32\USER32.dll
0x000007feffaf0000 - 0x000007feffb57000 	C:\Windows\system32\GDI32.dll
0x000007fefe9c0000 - 0x000007fefe9ce000 	C:\Windows\system32\LPK.dll
0x000007feffb60000 - 0x000007feffc29000 	C:\Windows\system32\USP10.dll
0x000007fefc4b0000 - 0x000007fefc6a4000 	C:\Windows\WinSxS\amd64_microsoft.windows.common-controls_6595b64144ccf1df_6.0.7601.17514_none_fa396087175ac9ac\COMCTL32.dll
0x000007fefe4d0000 - 0x000007fefe541000 	C:\Windows\system32\SHLWAPI.dll
0x000007feff820000 - 0x000007feff84e000 	C:\Windows\system32\IMM32.DLL
0x000007fefe710000 - 0x000007fefe819000 	C:\Windows\system32\MSCTF.dll
0x0000000058210000 - 0x00000000582e2000 	C:\PROGRA~1\Java\JDK18~1.0_2\jre\bin\msvcr100.dll
0x00000000582f0000 - 0x0000000058b48000 	C:\PROGRA~1\Java\JDK18~1.0_2\jre\bin\server\jvm.dll
0x000007fefb920000 - 0x000007fefb929000 	C:\Windows\system32\WSOCK32.dll
0x000007feffaa0000 - 0x000007feffaed000 	C:\Windows\system32\WS2_32.dll
0x000007fefe820000 - 0x000007fefe828000 	C:\Windows\system32\NSI.dll
0x000007fefb4b0000 - 0x000007fefb4eb000 	C:\Windows\system32\WINMM.dll
0x0000000077d50000 - 0x0000000077d57000 	C:\Windows\system32\PSAPI.DLL
0x000000006d6d0000 - 0x000000006d6df000 	C:\PROGRA~1\Java\JDK18~1.0_2\jre\bin\verify.dll
0x000000006d470000 - 0x000000006d498000 	C:\PROGRA~1\Java\JDK18~1.0_2\jre\bin\java.dll
0x000000006d450000 - 0x000000006d466000 	C:\PROGRA~1\Java\JDK18~1.0_2\jre\bin\zip.dll
0x000007fefe9f0000 - 0x000007feff778000 	C:\Windows\system32\SHELL32.dll
0x000007feffc90000 - 0x000007feffe93000 	C:\Windows\system32\ole32.dll
0x000007fefd950000 - 0x000007fefd95f000 	C:\Windows\system32\profapi.dll

VM Arguments:
jvm_args: -Xmx1024M -Xss1m -Djava.ext.dirs=C:\Users\Esteban\AppData\Local\Android\android-studio\sdk\build-tools\android-4.4W\lib 
java_command: C:\Users\Esteban\AppData\Local\Android\android-studio\sdk\build-tools\android-4.4W\lib\dx.jar --dex --output C:\msysgit\26-11\CI-1430-MiBusCR\Buses\app\build\intermediates\pre-dexed\debug\firebase-client-jvm-1.0.18-0ad7c72af977b6d0a1ea90d45951a8ca29cea4ef.jar C:\msysgit\26-11\CI-1430-MiBusCR\Buses\app\libs\firebase-client-jvm-1.0.18.jar
java_class_path (initial): C:\Users\Esteban\AppData\Local\Android\android-studio\sdk\build-tools\android-4.4W\lib\dx.jar
Launcher Type: SUN_STANDARD

Environment Variables:
JAVA_HOME=C:\Program Files\Java\jdk1.8.0_20
CLASSPATH=.;C:\Program Files (x86)\Java\jre6\lib\ext\QTJava.zip
PATH=C:\ProgramData\Oracle\Java\javapath;C:\Program Files\Java\jdk1.8.0_20\bin;C:\Program Files (x86)\CodeBlocks\MinGW\bin;C:\RailsInstaller\Ruby1.9.3\bin
USERNAME=Esteban
OS=Windows_NT
PROCESSOR_IDENTIFIER=Intel64 Family 6 Model 37 Stepping 5, GenuineIntel



---------------  S Y S T E M  ---------------

OS: Windows 7 , 64 bit Build 7601 Service Pack 1

CPU:total 4 (2 cores per cpu, 2 threads per core) family 6 model 37 stepping 5, cmov, cx8, fxsr, mmx, sse, sse2, sse3, ssse3, sse4.1, sse4.2, popcnt, ht, tsc, tscinvbit

Memory: 4k page, physical 6148632k(515140k free), swap 9453000k(5220k free)

vm_info: Java HotSpot(TM) 64-Bit Server VM (25.20-b23) for windows-amd64 JRE (1.8.0_20-b26), built on Jul 30 2014 13:51:23 by "java_re" with MS VC++ 10.0 (VS2010)

time: Wed Nov 26 11:44:21 2014
elapsed time: 50 seconds (0d 0h 0m 50s)

