#
# There is insufficient memory for the Java Runtime Environment to continue.
# Native memory allocation (malloc) failed to allocate 1269776 bytes for Chunk::new
# Possible reasons:
#   The system is out of physical RAM or swap space
#   In 32 bit mode, the process size limit was hit
# Possible solutions:
#   Reduce memory load on the system
#   Increase physical memory or swap space
#   Check if swap backing store is full
#   Use 64 bit Java on a 64 bit OS
#   Decrease Java heap size (-Xmx/-Xms)
#   Decrease number of Java threads
#   Decrease Java thread stack sizes (-Xss)
#   Set larger code cache with -XX:ReservedCodeCacheSize=
# This output file may be truncated or incomplete.
#
#  Out of Memory Error (allocation.cpp:390), pid=4628, tid=8656
#
# JRE version: Java(TM) SE Runtime Environment (8.0_20-b26) (build 1.8.0_20-b26)
# Java VM: Java HotSpot(TM) 64-Bit Server VM (25.20-b23 mixed mode windows-amd64 compressed oops)
# Failed to write core dump. Minidumps are not enabled by default on client versions of Windows
#

---------------  T H R E A D  ---------------

Current thread (0x000000005641a000):  JavaThread "C2 CompilerThread1" daemon [_thread_in_native, id=8656, stack(0x0000000056c60000,0x0000000056d60000)]

Stack: [0x0000000056c60000,0x0000000056d60000]
Native frames: (J=compiled Java code, j=interpreted, Vv=VM code, C=native code)
V  [jvm.dll+0x3152fa]


Current CompileTask:
C2:  12003 1596       4       com.android.dx.dex.code.RopToDop::dopFor (792 bytes)


---------------  P R O C E S S  ---------------

Java Threads: ( => current thread )
  0x0000000054eae800 JavaThread "Service Thread" daemon [_thread_blocked, id=6172, stack(0x0000000056940000,0x0000000056a40000)]
  0x000000005641c000 JavaThread "C1 CompilerThread2" daemon [_thread_blocked, id=10156, stack(0x0000000055f60000,0x0000000056060000)]
=>0x000000005641a000 JavaThread "C2 CompilerThread1" daemon [_thread_in_native, id=8656, stack(0x0000000056c60000,0x0000000056d60000)]
  0x0000000056415000 JavaThread "C2 CompilerThread0" daemon [_thread_in_native, id=5296, stack(0x0000000056a70000,0x0000000056b70000)]
  0x0000000056410800 JavaThread "Attach Listener" daemon [_thread_blocked, id=8308, stack(0x0000000056810000,0x0000000056910000)]
  0x0000000054ea4800 JavaThread "Signal Dispatcher" daemon [_thread_blocked, id=7456, stack(0x00000000561e0000,0x00000000562e0000)]
  0x0000000054e46800 JavaThread "Finalizer" daemon [_thread_blocked, id=11120, stack(0x0000000056310000,0x0000000056410000)]
  0x0000000054e3d800 JavaThread "Reference Handler" daemon [_thread_blocked, id=2548, stack(0x0000000056060000,0x0000000056160000)]
  0x0000000001fcf000 JavaThread "main" [_thread_blocked, id=11208, stack(0x0000000002190000,0x0000000002290000)]

Other Threads:
  0x0000000054e37800 VMThread [stack: 0x0000000055e50000,0x0000000055f50000] [id=10984]
  0x0000000054eaf800 WatcherThread [stack: 0x0000000056e00000,0x0000000056f00000] [id=6404]

VM state:not at safepoint (normal execution)

VM Mutex/Monitor currently owned by a thread:  ([mutex/lock_event])
[0x0000000001fccb30] Heap_lock - owner thread: 0x0000000001fcf000

Heap:
 PSYoungGen      total 52736K, used 3554K [0x00000000eab00000, 0x00000000ee200000, 0x0000000100000000)
  eden space 49152K, 0% used [0x00000000eab00000,0x00000000eab00050,0x00000000edb00000)
  from space 3584K, 99% used [0x00000000edb00000,0x00000000ede788f0,0x00000000ede80000)
  to   space 3584K, 0% used [0x00000000ede80000,0x00000000ede80000,0x00000000ee200000)
 ParOldGen       total 64512K, used 12696K [0x00000000c0000000, 0x00000000c3f00000, 0x00000000eab00000)
  object space 64512K, 19% used [0x00000000c0000000,0x00000000c0c66250,0x00000000c3f00000)
 Metaspace       used 5488K, capacity 6832K, committed 7040K, reserved 1056768K
  class space    used 539K, capacity 616K, committed 640K, reserved 1048576K

Card table byte_map: [0x0000000011920000,0x0000000011b30000] byte_map_base: 0x0000000011320000

Marking Bits: (ParMarkBitMap*) 0x0000000058acb460
 Begin Bits: [0x00000000122b0000, 0x00000000132b0000)
 End Bits:   [0x00000000132b0000, 0x00000000142b0000)

Polling page: 0x0000000000210000

CodeCache: size=245760Kb used=6868Kb max_used=6883Kb free=238891Kb
 bounds [0x0000000002560000, 0x0000000002c30000, 0x0000000011560000]
 total_blobs=1881 nmethods=1623 adapters=173
 compilation: enabled

Compilation events (10 events):
Event: 11.864 Thread 0x000000005641a000 nmethod 1646 0x0000000002c180d0 code [0x0000000002c18480, 0x0000000002c1b4c0]
Event: 11.864 Thread 0x000000005641a000 1611       4       com.android.dx.ssa.SsaBasicBlock::scheduleMovesFromPhis (108 bytes)
Event: 11.871 Thread 0x000000005641a000 nmethod 1611 0x0000000002c17850 code [0x0000000002c179e0, 0x0000000002c17cf0]
Event: 11.871 Thread 0x000000005641a000 1492       4       java.lang.AbstractStringBuilder::append (50 bytes)
Event: 11.878 Thread 0x000000005641a000 nmethod 1492 0x0000000002c17050 code [0x0000000002c171a0, 0x0000000002c17538]
Event: 11.878 Thread 0x000000005641a000 1639       4       com.android.dx.ssa.SsaRenamer$1::visitBlock (16 bytes)
Event: 11.888 Thread 0x000000005641a000 nmethod 1639 0x0000000002c16690 code [0x0000000002c16820, 0x0000000002c16c68]
Event: 11.888 Thread 0x000000005641a000 1640       4       com.android.dx.ssa.SsaRenamer$BlockRenamer::<init> (72 bytes)
Event: 11.895 Thread 0x000000005641a000 nmethod 1640 0x0000000002c15f10 code [0x0000000002c16080, 0x0000000002c163f8]
Event: 11.895 Thread 0x000000005641a000 1596       4       com.android.dx.dex.code.RopToDop::dopFor (792 bytes)

GC Heap History (6 events):
Event: 5.851 GC heap before
{Heap before GC invocations=1 (full 0):
 PSYoungGen      total 28160K, used 24576K [0x00000000eab00000, 0x00000000eca00000, 0x0000000100000000)
  eden space 24576K, 100% used [0x00000000eab00000,0x00000000ec300000,0x00000000ec300000)
  from space 3584K, 0% used [0x00000000ec680000,0x00000000ec680000,0x00000000eca00000)
  to   space 3584K, 0% used [0x00000000ec300000,0x00000000ec300000,0x00000000ec680000)
 ParOldGen       total 64512K, used 0K [0x00000000c0000000, 0x00000000c3f00000, 0x00000000eab00000)
  object space 64512K, 0% used [0x00000000c0000000,0x00000000c0000000,0x00000000c3f00000)
 Metaspace       used 5281K, capacity 6704K, committed 6784K, reserved 1056768K
  class space    used 537K, capacity 616K, committed 640K, reserved 1048576K
Event: 6.273 GC heap after
Heap after GC invocations=1 (full 0):
 PSYoungGen      total 28160K, used 3569K [0x00000000eab00000, 0x00000000ee200000, 0x0000000100000000)
  eden space 24576K, 0% used [0x00000000eab00000,0x00000000eab00000,0x00000000ec300000)
  from space 3584K, 99% used [0x00000000ec300000,0x00000000ec67c798,0x00000000ec680000)
  to   space 3584K, 0% used [0x00000000ede80000,0x00000000ede80000,0x00000000ee200000)
 ParOldGen       total 64512K, used 1509K [0x00000000c0000000, 0x00000000c3f00000, 0x00000000eab00000)
  object space 64512K, 2% used [0x00000000c0000000,0x00000000c0179520,0x00000000c3f00000)
 Metaspace       used 5281K, capacity 6704K, committed 6784K, reserved 1056768K
  class space    used 537K, capacity 616K, committed 640K, reserved 1048576K
}
Event: 7.099 GC heap before
{Heap before GC invocations=2 (full 0):
 PSYoungGen      total 28160K, used 28145K [0x00000000eab00000, 0x00000000ee200000, 0x0000000100000000)
  eden space 24576K, 100% used [0x00000000eab00000,0x00000000ec300000,0x00000000ec300000)
  from space 3584K, 99% used [0x00000000ec300000,0x00000000ec67c798,0x00000000ec680000)
  to   space 3584K, 0% used [0x00000000ede80000,0x00000000ede80000,0x00000000ee200000)
 ParOldGen       total 64512K, used 1509K [0x00000000c0000000, 0x00000000c3f00000, 0x00000000eab00000)
  object space 64512K, 2% used [0x00000000c0000000,0x00000000c0179520,0x00000000c3f00000)
 Metaspace       used 5411K, capacity 6768K, committed 7040K, reserved 1056768K
  class space    used 538K, capacity 616K, committed 640K, reserved 1048576K
Event: 8.033 GC heap after
Heap after GC invocations=2 (full 0):
 PSYoungGen      total 52736K, used 3555K [0x00000000eab00000, 0x00000000ee200000, 0x0000000100000000)
  eden space 49152K, 0% used [0x00000000eab00000,0x00000000eab00000,0x00000000edb00000)
  from space 3584K, 99% used [0x00000000ede80000,0x00000000ee1f8c48,0x00000000ee200000)
  to   space 3584K, 0% used [0x00000000edb00000,0x00000000edb00000,0x00000000ede80000)
 ParOldGen       total 64512K, used 4997K [0x00000000c0000000, 0x00000000c3f00000, 0x00000000eab00000)
  object space 64512K, 7% used [0x00000000c0000000,0x00000000c04e1408,0x00000000c3f00000)
 Metaspace       used 5411K, capacity 6768K, committed 7040K, reserved 1056768K
  class space    used 538K, capacity 616K, committed 640K, reserved 1048576K
}
Event: 10.295 GC heap before
{Heap before GC invocations=3 (full 0):
 PSYoungGen      total 52736K, used 52707K [0x00000000eab00000, 0x00000000ee200000, 0x0000000100000000)
  eden space 49152K, 100% used [0x00000000eab00000,0x00000000edb00000,0x00000000edb00000)
  from space 3584K, 99% used [0x00000000ede80000,0x00000000ee1f8c48,0x00000000ee200000)
  to   space 3584K, 0% used [0x00000000edb00000,0x00000000edb00000,0x00000000ede80000)
 ParOldGen       total 64512K, used 4997K [0x00000000c0000000, 0x00000000c3f00000, 0x00000000eab00000)
  object space 64512K, 7% used [0x00000000c0000000,0x00000000c04e1408,0x00000000c3f00000)
 Metaspace       used 5488K, capacity 6832K, committed 7040K, reserved 1056768K
  class space    used 539K, capacity 616K, committed 640K, reserved 1048576K
Event: 11.616 GC heap after
Heap after GC invocations=3 (full 0):
 PSYoungGen      total 52736K, used 3554K [0x00000000eab00000, 0x00000000ee200000, 0x0000000100000000)
  eden space 49152K, 0% used [0x00000000eab00000,0x00000000eab00000,0x00000000edb00000)
  from space 3584K, 99% used [0x00000000edb00000,0x00000000ede788f0,0x00000000ede80000)
  to   space 3584K, 0% used [0x00000000ede80000,0x00000000ede80000,0x00000000ee200000)
 ParOldGen       total 64512K, used 12696K [0x00000000c0000000, 0x00000000c3f00000, 0x00000000eab00000)
  object space 64512K, 19% used [0x00000000c0000000,0x00000000c0c66250,0x00000000c3f00000)
 Metaspace       used 5488K, capacity 6832K, committed 7040K, reserved 1056768K
  class space    used 539K, capacity 616K, committed 640K, reserved 1048576K
}

Deoptimization events (10 events):
Event: 3.484 Thread 0x0000000001fcf000 Uncommon trap: reason=class_check action=maybe_recompile pc=0x00000000027f69e0 method=com.android.dx.rop.type.Type.equals(Ljava/lang/Object;)Z @ 8
Event: 6.597 Thread 0x0000000001fcf000 Uncommon trap: reason=null_check action=make_not_entrant pc=0x0000000002911090 method=com.android.dx.rop.type.Type.equals(Ljava/lang/Object;)Z @ 8
Event: 6.604 Thread 0x0000000001fcf000 Uncommon trap: reason=bimorphic action=maybe_recompile pc=0x00000000028f8e00 method=java.util.HashMap.getNode(ILjava/lang/Object;)Ljava/util/HashMap$Node; @ 126
Event: 9.435 Thread 0x0000000001fcf000 Uncommon trap: reason=bimorphic action=maybe_recompile pc=0x000000000275e480 method=java.util.HashMap.getNode(ILjava/lang/Object;)Ljava/util/HashMap$Node; @ 126
Event: 9.435 Thread 0x0000000001fcf000 Uncommon trap: reason=class_check action=maybe_recompile pc=0x00000000029dbaac method=java.util.HashMap.putVal(ILjava/lang/Object;Ljava/lang/Object;ZZ)Ljava/lang/Object; @ 203
Event: 9.435 Thread 0x0000000001fcf000 Uncommon trap: reason=unreached action=reinterpret pc=0x0000000002943b44 method=com.android.dx.rop.cst.Constant.compareTo(Lcom/android/dx/rop/cst/Constant;)I @ 12
Event: 9.435 Thread 0x0000000001fcf000 Uncommon trap: reason=bimorphic action=maybe_recompile pc=0x00000000028f8e00 method=java.util.HashMap.getNode(ILjava/lang/Object;)Ljava/util/HashMap$Node; @ 126
Event: 9.810 Thread 0x0000000001fcf000 Uncommon trap: reason=unreached action=reinterpret pc=0x0000000002b9e1b8 method=com.android.dx.cf.code.BytecodeArray.parseInstruction(ILcom/android/dx/cf/code/BytecodeArray$Visitor;)I @ 1198
Event: 9.939 Thread 0x0000000001fcf000 Uncommon trap: reason=unreached action=reinterpret pc=0x0000000002abc4dc method=com.android.dx.ssa.LocalVariableExtractor.processBlock(I)V @ 251
Event: 10.021 Thread 0x0000000001fcf000 Uncommon trap: reason=unreached action=reinterpret pc=0x0000000002bd8ee4 method=com.android.dx.ssa.SCCP.simulateBranch(Lcom/android/dx/ssa/SsaInsn;)V @ 132

Internal exceptions (4 events):
Event: 0.054 Thread 0x0000000001fcf000 Exception <a 'java/lang/NoSuchMethodError': Method sun.misc.Unsafe.defineClass(Ljava/lang/String;[BII)Ljava/lang/Class; name or signature does not match> (0x00000000eab0c588) thrown at [D:\re\workspace\8-2-build-windows-amd64-cygwin\jdk8u20\1074\hotspot\srry<[Œ´?
Event: 0.054 Thread 0x0000000001fcf000 Exception <a 'java/lang/NoSuchMethodError': Method sun.misc.Unsafe.prefetchRead(Ljava/lang/Object;J)V name or signature does not match> (0x00000000eab0c818) thrown at [D:\re\workspace\8-2-build-windows-amd64-cygwin\jdk8u20\1074\hotspot\src\share\vm\prims\jÅ+Iï“⁄@
Event: 3.482 Thread 0x0000000001fcf000 Implicit null exception at 0x00000000028dbd47 to 0x00000000028ddcad
Event: 6.597 Thread 0x0000000001fcf000 Implicit null exception at 0x0000000002910f92 to 0x0000000002911082

Events (10 events):
Event: 9.939 Thread 0x0000000001fcf000 Uncommon trap: trap_request=0xffffffad fr.pc=0x0000000002abc4dc
Event: 9.939 Thread 0x0000000001fcf000 DEOPT PACKING pc=0x0000000002abc4dc sp=0x000000000228e720
Event: 9.939 Thread 0x0000000001fcf000 DEOPT UNPACKING pc=0x00000000025a556a sp=0x000000000228e6e0 mode 2
Event: 10.021 Thread 0x0000000001fcf000 Uncommon trap: trap_request=0xffffffad fr.pc=0x0000000002bd8ee4
Event: 10.021 Thread 0x0000000001fcf000 DEOPT PACKING pc=0x0000000002bd8ee4 sp=0x000000000228e4d0
Event: 10.021 Thread 0x0000000001fcf000 DEOPT UNPACKING pc=0x00000000025a556a sp=0x000000000228e498 mode 2
Event: 10.265 loading class com/android/dx/cf/code/SwitchList
Event: 10.265 loading class com/android/dx/cf/code/SwitchList done
Event: 10.295 Executing VM operation: ParallelGCFailedAllocation
Event: 11.616 Executing VM operation: ParallelGCFailedAllocation done


Dynamic libraries:
0x000000013f520000 - 0x000000013f554000 	C:\PROGRA~1\Java\JDK18~1.0_2\bin\java.exe
0x0000000077b90000 - 0x0000000077d39000 	C:\Windows\SYSTEM32\ntdll.dll
0x0000000077a70000 - 0x0000000077b8f000 	C:\Windows\system32\kernel32.dll
0x000007fefd980000 - 0x000007fefd9ec000 	C:\Windows\system32\KERNELBASE.dll
0x000007fefe550000 - 0x000007fefe62b000 	C:\Windows\system32\ADVAPI32.dll
0x000007fefe140000 - 0x000007fefe1df000 	C:\Windows\system32\msvcrt.dll
0x000007fefe9d0000 - 0x000007fefe9ef000 	C:\Windows\SYSTEM32\sechost.dll
0x000007feff850000 - 0x000007feff97d000 	C:\Windows\system32\RPCRT4.dll
0x0000000077970000 - 0x0000000077a6a000 	C:\Windows\system32\USER32.dll
0x000007feffaf0000 - 0x000007feffb57000 	C:\Windows\system32\GDI32.dll
0x000007fefe9c0000 - 0x000007fefe9ce000 	C:\Windows\system32\LPK.dll
0x000007feffb60000 - 0x000007feffc29000 	C:\Windows\system32\USP10.dll
0x000007fefc4b0000 - 0x000007fefc6a4000 	C:\Windows\WinSxS\amd64_microsoft.windows.common-controls_6595b64144ccf1df_6.0.7601.17514_none_fa396087175ac9ac\COMCTL32.dll
0x000007fefe4d0000 - 0x000007fefe541000 	C:\Windows\system32\SHLWAPI.dll
0x000007feff820000 - 0x000007feff84e000 	C:\Windows\system32\IMM32.DLL
0x000007fefe710000 - 0x000007fefe819000 	C:\Windows\system32\MSCTF.dll
0x0000000058210000 - 0x00000000582e2000 	C:\PROGRA~1\Java\JDK18~1.0_2\jre\bin\msvcr100.dll
0x00000000582f0000 - 0x0000000058b48000 	C:\PROGRA~1\Java\JDK18~1.0_2\jre\bin\server\jvm.dll
0x000007fefb920000 - 0x000007fefb929000 	C:\Windows\system32\WSOCK32.dll
0x000007feffaa0000 - 0x000007feffaed000 	C:\Windows\system32\WS2_32.dll
0x000007fefe820000 - 0x000007fefe828000 	C:\Windows\system32\NSI.dll
0x000007fefb4b0000 - 0x000007fefb4eb000 	C:\Windows\system32\WINMM.dll
0x0000000077d50000 - 0x0000000077d57000 	C:\Windows\system32\PSAPI.DLL
0x000000006d6d0000 - 0x000000006d6df000 	C:\PROGRA~1\Java\JDK18~1.0_2\jre\bin\verify.dll
0x000000006d470000 - 0x000000006d498000 	C:\PROGRA~1\Java\JDK18~1.0_2\jre\bin\java.dll
0x000000006d450000 - 0x000000006d466000 	C:\PROGRA~1\Java\JDK18~1.0_2\jre\bin\zip.dll
0x000007fefe9f0000 - 0x000007feff778000 	C:\Windows\system32\SHELL32.dll
0x000007feffc90000 - 0x000007feffe93000 	C:\Windows\system32\ole32.dll
0x000007fefd950000 - 0x000007fefd95f000 	C:\Windows\system32\profapi.dll

VM Arguments:
jvm_args: -Xmx1024M -Xss1m -Djava.ext.dirs=C:\Users\Esteban\AppData\Local\Android\android-studio\sdk\build-tools\android-4.4W\lib 
java_command: C:\Users\Esteban\AppData\Local\Android\android-studio\sdk\build-tools\android-4.4W\lib\dx.jar --dex --output C:\msysgit\26-11\CI-1430-MiBusCR\Buses\app\build\intermediates\pre-dexed\debug\classes-b637c9411982a595bae5077926884949c67df526.jar C:\msysgit\26-11\CI-1430-MiBusCR\Buses\app\build\intermediates\exploded-aar\com.facebook.android\facebook\3.20.0\classes.jar
java_class_path (initial): C:\Users\Esteban\AppData\Local\Android\android-studio\sdk\build-tools\android-4.4W\lib\dx.jar
Launcher Type: SUN_STANDARD

Environment Variables:
JAVA_HOME=C:\Program Files\Java\jdk1.8.0_20
CLASSPATH=.;C:\Program Files (x86)\Java\jre6\lib\ext\QTJava.zip
PATH=C:\ProgramData\Oracle\Java\javapath;C:\Program Files\Java\jdk1.8.0_20\bin;C:\Program Files (x86)\CodeBlocks\MinGW\bin;C:\RailsInstaller\Ruby1.9.3\bin
USERNAME=Esteban
OS=Windows_NT
PROCESSOR_IDENTIFIER=Intel64 Family 6 Model 37 Stepping 5, GenuineIntel



---------------  S Y S T E M  ---------------

OS: Windows 7 , 64 bit Build 7601 Service Pack 1

CPU:total 4 (2 cores per cpu, 2 threads per core) family 6 model 37 stepping 5, cmov, cx8, fxsr, mmx, sse, sse2, sse3, ssse3, sse4.1, sse4.2, popcnt, ht, tsc, tscinvbit

Memory: 4k page, physical 6148632k(513492k free), swap 9453000k(5084k free)

vm_info: Java HotSpot(TM) 64-Bit Server VM (25.20-b23) for windows-amd64 JRE (1.8.0_20-b26), built on Jul 30 2014 13:51:23 by "java_re" with MS VC++ 10.0 (VS2010)

time: Wed Nov 26 10:53:58 2014
elapsed time: 12 seconds (0d 0h 0m 12s)

