#
# There is insufficient memory for the Java Runtime Environment to continue.
# Native memory allocation (malloc) failed to allocate 88336 bytes for Chunk::new
# Possible reasons:
#   The system is out of physical RAM or swap space
#   In 32 bit mode, the process size limit was hit
# Possible solutions:
#   Reduce memory load on the system
#   Increase physical memory or swap space
#   Check if swap backing store is full
#   Use 64 bit Java on a 64 bit OS
#   Decrease Java heap size (-Xmx/-Xms)
#   Decrease number of Java threads
#   Decrease Java thread stack sizes (-Xss)
#   Set larger code cache with -XX:ReservedCodeCacheSize=
# This output file may be truncated or incomplete.
#
#  Out of Memory Error (allocation.cpp:390), pid=9144, tid=7816
#
# JRE version: Java(TM) SE Runtime Environment (8.0_20-b26) (build 1.8.0_20-b26)
# Java VM: Java HotSpot(TM) 64-Bit Server VM (25.20-b23 mixed mode windows-amd64 compressed oops)
# Failed to write core dump. Minidumps are not enabled by default on client versions of Windows
#

---------------  T H R E A D  ---------------

Current thread (0x0000000056101000):  JavaThread "C2 CompilerThread0" daemon [_thread_in_native, id=7816, stack(0x0000000055cc0000,0x0000000055dc0000)]

Stack: [0x0000000055cc0000,0x0000000055dc0000]
Native frames: (J=compiled Java code, j=interpreted, Vv=VM code, C=native code)
V  [jvm.dll+0x3152fa]


Current CompileTask:
C2:  50834 2287 %     4       com.android.dx.dex.code.OutputFinisher::calculateReservedCount @ 16 (122 bytes)


---------------  P R O C E S S  ---------------

Java Threads: ( => current thread )
  0x0000000056163800 JavaThread "Service Thread" daemon [_thread_blocked, id=10028, stack(0x00000000568a0000,0x00000000569a0000)]
  0x000000005613d000 JavaThread "C1 CompilerThread2" daemon [_thread_in_native, id=3484, stack(0x0000000056b90000,0x0000000056c90000)]
  0x0000000054c8e800 JavaThread "C2 CompilerThread1" daemon [_thread_in_native, id=11136, stack(0x0000000056a20000,0x0000000056b20000)]
=>0x0000000056101000 JavaThread "C2 CompilerThread0" daemon [_thread_in_native, id=7816, stack(0x0000000055cc0000,0x0000000055dc0000)]
  0x0000000056100800 JavaThread "Attach Listener" daemon [_thread_blocked, id=7932, stack(0x0000000056750000,0x0000000056850000)]
  0x0000000054c84800 JavaThread "Signal Dispatcher" daemon [_thread_blocked, id=10004, stack(0x00000000565d0000,0x00000000566d0000)]
  0x0000000054c26800 JavaThread "Finalizer" daemon [_thread_blocked, id=10508, stack(0x0000000056000000,0x0000000056100000)]
  0x0000000054c1d800 JavaThread "Reference Handler" daemon [_thread_blocked, id=1472, stack(0x0000000055e70000,0x0000000055f70000)]
  0x0000000001dff000 JavaThread "main" [_thread_in_Java, id=11132, stack(0x0000000002090000,0x0000000002190000)]

Other Threads:
  0x0000000054c17800 VMThread [stack: 0x0000000055b90000,0x0000000055c90000] [id=844]
  0x0000000056166800 WatcherThread [stack: 0x0000000056d50000,0x0000000056e50000] [id=8208]

VM state:not at safepoint (normal execution)

VM Mutex/Monitor currently owned by a thread: None

Heap:
 PSYoungGen      total 101888K, used 54569K [0x00000000eab00000, 0x00000000f1200000, 0x0000000100000000)
  eden space 98304K, 51% used [0x00000000eab00000,0x00000000edcd01b0,0x00000000f0b00000)
  from space 3584K, 99% used [0x00000000f0e80000,0x00000000f11fa480,0x00000000f1200000)
  to   space 3584K, 0% used [0x00000000f0b00000,0x00000000f0b00000,0x00000000f0e80000)
 ParOldGen       total 64512K, used 20319K [0x00000000c0000000, 0x00000000c3f00000, 0x00000000eab00000)
  object space 64512K, 31% used [0x00000000c0000000,0x00000000c13d7d10,0x00000000c3f00000)
 Metaspace       used 5922K, capacity 7088K, committed 7296K, reserved 1056768K
  class space    used 582K, capacity 616K, committed 640K, reserved 1048576K

Card table byte_map: [0x0000000011820000,0x0000000011a30000] byte_map_base: 0x0000000011220000

Marking Bits: (ParMarkBitMap*) 0x0000000058acb460
 Begin Bits: [0x0000000012090000, 0x0000000013090000)
 End Bits:   [0x0000000013090000, 0x0000000014090000)

Polling page: 0x0000000000310000

CodeCache: size=245760Kb used=9121Kb max_used=9121Kb free=236638Kb
 bounds [0x0000000002460000, 0x0000000002d50000, 0x0000000011460000]
 total_blobs=2286 nmethods=2026 adapters=173
 compilation: disabled (not enough contiguous free space left)

Compilation events (10 events):
Event: 50.746 Thread 0x000000005613d000 2285       3       com.android.dx.dex.code.form.Form21s::isCompatible (89 bytes)
Event: 50.759 Thread 0x000000005613d000 nmethod 2285 0x0000000002d3f610 code [0x0000000002d3f820, 0x0000000002d406a8]
Event: 50.772 Thread 0x0000000056101000 nmethod 2286% 0x0000000002d4afd0 code [0x0000000002d4b1c0, 0x0000000002d4b820]
Event: 50.772 Thread 0x0000000056101000 2287 %     4       com.android.dx.dex.code.OutputFinisher::calculateReservedCount @ 16 (122 bytes)
Event: 50.792 Thread 0x000000005613d000 2292       3       com.android.dx.dex.code.LocalList$MakeState::checkForEmptyRange (198 bytes)
Event: 50.800 Thread 0x000000005613d000 nmethod 2292 0x0000000002d4c110 code [0x0000000002d4c480, 0x0000000002d4e1c8]
Event: 50.800 Thread 0x000000005613d000 2293       3       com.android.dx.dex.code.LocalList$MakeState::endLocal (51 bytes)
Event: 50.802 Thread 0x000000005613d000 nmethod 2293 0x0000000002d46390 code [0x0000000002d46560, 0x0000000002d46d48]
Event: 50.802 Thread 0x000000005613d000 2295       3       com.android.dx.dex.code.LocalList$MakeState::endLocal (10 bytes)
Event: 50.803 Thread 0x000000005613d000 nmethod 2295 0x0000000002d445d0 code [0x0000000002d44740, 0x0000000002d448c8]

GC Heap History (8 events):
Event: 14.283 GC heap before
{Heap before GC invocations=1 (full 0):
 PSYoungGen      total 28160K, used 24576K [0x00000000eab00000, 0x00000000eca00000, 0x0000000100000000)
  eden space 24576K, 100% used [0x00000000eab00000,0x00000000ec300000,0x00000000ec300000)
  from space 3584K, 0% used [0x00000000ec680000,0x00000000ec680000,0x00000000eca00000)
  to   space 3584K, 0% used [0x00000000ec300000,0x00000000ec300000,0x00000000ec680000)
 ParOldGen       total 64512K, used 0K [0x00000000c0000000, 0x00000000c3f00000, 0x00000000eab00000)
  object space 64512K, 0% used [0x00000000c0000000,0x00000000c0000000,0x00000000c3f00000)
 Metaspace       used 5347K, capacity 6704K, committed 6784K, reserved 1056768K
  class space    used 538K, capacity 616K, committed 640K, reserved 1048576K
Event: 15.076 GC heap after
Heap after GC invocations=1 (full 0):
 PSYoungGen      total 28160K, used 3563K [0x00000000eab00000, 0x00000000ee200000, 0x0000000100000000)
  eden space 24576K, 0% used [0x00000000eab00000,0x00000000eab00000,0x00000000ec300000)
  from space 3584K, 99% used [0x00000000ec300000,0x00000000ec67ae90,0x00000000ec680000)
  to   space 3584K, 0% used [0x00000000ede80000,0x00000000ede80000,0x00000000ee200000)
 ParOldGen       total 64512K, used 1464K [0x00000000c0000000, 0x00000000c3f00000, 0x00000000eab00000)
  object space 64512K, 2% used [0x00000000c0000000,0x00000000c016e0e0,0x00000000c3f00000)
 Metaspace       used 5347K, capacity 6704K, committed 6784K, reserved 1056768K
  class space    used 538K, capacity 616K, committed 640K, reserved 1048576K
}
Event: 17.224 GC heap before
{Heap before GC invocations=2 (full 0):
 PSYoungGen      total 28160K, used 28139K [0x00000000eab00000, 0x00000000ee200000, 0x0000000100000000)
  eden space 24576K, 100% used [0x00000000eab00000,0x00000000ec300000,0x00000000ec300000)
  from space 3584K, 99% used [0x00000000ec300000,0x00000000ec67ae90,0x00000000ec680000)
  to   space 3584K, 0% used [0x00000000ede80000,0x00000000ede80000,0x00000000ee200000)
 ParOldGen       total 64512K, used 1464K [0x00000000c0000000, 0x00000000c3f00000, 0x00000000eab00000)
  object space 64512K, 2% used [0x00000000c0000000,0x00000000c016e0e0,0x00000000c3f00000)
 Metaspace       used 5455K, capacity 6832K, committed 7040K, reserved 1056768K
  class space    used 541K, capacity 616K, committed 640K, reserved 1048576K
Event: 17.385 GC heap after
Heap after GC invocations=2 (full 0):
 PSYoungGen      total 52736K, used 3560K [0x00000000eab00000, 0x00000000ee200000, 0x0000000100000000)
  eden space 49152K, 0% used [0x00000000eab00000,0x00000000eab00000,0x00000000edb00000)
  from space 3584K, 99% used [0x00000000ede80000,0x00000000ee1fa338,0x00000000ee200000)
  to   space 3584K, 0% used [0x00000000edb00000,0x00000000edb00000,0x00000000ede80000)
 ParOldGen       total 64512K, used 5161K [0x00000000c0000000, 0x00000000c3f00000, 0x00000000eab00000)
  object space 64512K, 8% used [0x00000000c0000000,0x00000000c050a4c0,0x00000000c3f00000)
 Metaspace       used 5455K, capacity 6832K, committed 7040K, reserved 1056768K
  class space    used 541K, capacity 616K, committed 640K, reserved 1048576K
}
Event: 26.615 GC heap before
{Heap before GC invocations=3 (full 0):
 PSYoungGen      total 52736K, used 52712K [0x00000000eab00000, 0x00000000ee200000, 0x0000000100000000)
  eden space 49152K, 100% used [0x00000000eab00000,0x00000000edb00000,0x00000000edb00000)
  from space 3584K, 99% used [0x00000000ede80000,0x00000000ee1fa338,0x00000000ee200000)
  to   space 3584K, 0% used [0x00000000edb00000,0x00000000edb00000,0x00000000ede80000)
 ParOldGen       total 64512K, used 5161K [0x00000000c0000000, 0x00000000c3f00000, 0x00000000eab00000)
  object space 64512K, 8% used [0x00000000c0000000,0x00000000c050a4c0,0x00000000c3f00000)
 Metaspace       used 5490K, capacity 6832K, committed 7040K, reserved 1056768K
  class space    used 542K, capacity 616K, committed 640K, reserved 1048576K
Event: 28.702 GC heap after
Heap after GC invocations=3 (full 0):
 PSYoungGen      total 52736K, used 3557K [0x00000000eab00000, 0x00000000f1200000, 0x0000000100000000)
  eden space 49152K, 0% used [0x00000000eab00000,0x00000000eab00000,0x00000000edb00000)
  from space 3584K, 99% used [0x00000000edb00000,0x00000000ede79710,0x00000000ede80000)
  to   space 3584K, 0% used [0x00000000f0e80000,0x00000000f0e80000,0x00000000f1200000)
 ParOldGen       total 64512K, used 12388K [0x00000000c0000000, 0x00000000c3f00000, 0x00000000eab00000)
  object space 64512K, 19% used [0x00000000c0000000,0x00000000c0c19110,0x00000000c3f00000)
 Metaspace       used 5490K, capacity 6832K, committed 7040K, reserved 1056768K
  class space    used 542K, capacity 616K, committed 640K, reserved 1048576K
}
Event: 35.860 GC heap before
{Heap before GC invocations=4 (full 0):
 PSYoungGen      total 52736K, used 52709K [0x00000000eab00000, 0x00000000f1200000, 0x0000000100000000)
  eden space 49152K, 100% used [0x00000000eab00000,0x00000000edb00000,0x00000000edb00000)
  from space 3584K, 99% used [0x00000000edb00000,0x00000000ede79710,0x00000000ede80000)
  to   space 3584K, 0% used [0x00000000f0e80000,0x00000000f0e80000,0x00000000f1200000)
 ParOldGen       total 64512K, used 12388K [0x00000000c0000000, 0x00000000c3f00000, 0x00000000eab00000)
  object space 64512K, 19% used [0x00000000c0000000,0x00000000c0c19110,0x00000000c3f00000)
 Metaspace       used 5607K, capacity 6832K, committed 7040K, reserved 1056768K
  class space    used 561K, capacity 616K, committed 640K, reserved 1048576K
Event: 37.662 GC heap after
Heap after GC invocations=4 (full 0):
 PSYoungGen      total 101888K, used 3561K [0x00000000eab00000, 0x00000000f1200000, 0x0000000100000000)
  eden space 98304K, 0% used [0x00000000eab00000,0x00000000eab00000,0x00000000f0b00000)
  from space 3584K, 99% used [0x00000000f0e80000,0x00000000f11fa480,0x00000000f1200000)
  to   space 3584K, 0% used [0x00000000f0b00000,0x00000000f0b00000,0x00000000f0e80000)
 ParOldGen       total 64512K, used 20319K [0x00000000c0000000, 0x00000000c3f00000, 0x00000000eab00000)
  object space 64512K, 31% used [0x00000000c0000000,0x00000000c13d7d10,0x00000000c3f00000)
 Metaspace       used 5607K, capacity 6832K, committed 7040K, reserved 1056768K
  class space    used 561K, capacity 616K, committed 640K, reserved 1048576K
}

Deoptimization events (10 events):
Event: 42.386 Thread 0x0000000001dff000 Uncommon trap: reason=class_check action=maybe_recompile pc=0x00000000029145d4 method=java.util.Arrays.hashCode([Ljava/lang/Object;)I @ 43
Event: 42.386 Thread 0x0000000001dff000 Uncommon trap: reason=class_check action=maybe_recompile pc=0x00000000029145d4 method=java.util.Arrays.hashCode([Ljava/lang/Object;)I @ 43
Event: 42.386 Thread 0x0000000001dff000 Uncommon trap: reason=class_check action=maybe_recompile pc=0x00000000029145d4 method=java.util.Arrays.hashCode([Ljava/lang/Object;)I @ 43
Event: 42.386 Thread 0x0000000001dff000 Uncommon trap: reason=class_check action=maybe_recompile pc=0x00000000029145d4 method=java.util.Arrays.hashCode([Ljava/lang/Object;)I @ 43
Event: 42.387 Thread 0x0000000001dff000 Uncommon trap: reason=class_check action=maybe_recompile pc=0x0000000002912588 method=java.util.Arrays.hashCode([Ljava/lang/Object;)I @ 43
Event: 49.787 Thread 0x0000000001dff000 Uncommon trap: reason=speculate_class_check action=maybe_recompile pc=0x00000000028358a4 method=com.android.dx.util.FixedSizeList.equals(Ljava/lang/Object;)Z @ 25
Event: 50.232 Thread 0x0000000001dff000 Uncommon trap: reason=speculate_class_check action=maybe_recompile pc=0x00000000028358a4 method=com.android.dx.util.FixedSizeList.equals(Ljava/lang/Object;)Z @ 25
Event: 50.232 Thread 0x0000000001dff000 Uncommon trap: reason=speculate_class_check action=maybe_recompile pc=0x00000000028358a4 method=com.android.dx.util.FixedSizeList.equals(Ljava/lang/Object;)Z @ 25
Event: 50.232 Thread 0x0000000001dff000 Uncommon trap: reason=speculate_class_check action=maybe_recompile pc=0x00000000028358a4 method=com.android.dx.util.FixedSizeList.equals(Ljava/lang/Object;)Z @ 25
Event: 50.644 Thread 0x0000000001dff000 Uncommon trap: reason=unreached action=reinterpret pc=0x0000000002cff768 method=com.android.dx.dex.code.OutputFinisher.findOpcodeForInsn(Lcom/android/dx/dex/code/DalvInsn;Lcom/android/dx/dex/code/Dop;)Lcom/android/dx/dex/code/Dop; @ 1

Internal exceptions (5 events):
Event: 0.206 Thread 0x0000000001dff000 Exception <a 'java/lang/NoSuchMethodError': Method sun.misc.Unsafe.defineClass(Ljava/lang/String;[BII)Ljava/lang/Class; name or signature does not match> (0x00000000eab0c280) thrown at [D:\re\workspace\8-2-build-windows-amd64-cygwin\jdk8u20\1074\hotspot\sräÊ√÷q ?
Event: 0.207 Thread 0x0000000001dff000 Exception <a 'java/lang/NoSuchMethodError': Method sun.misc.Unsafe.prefetchRead(Ljava/lang/Object;J)V name or signature does not match> (0x00000000eab0c510) thrown at [D:\re\workspace\8-2-build-windows-amd64-cygwin\jdk8u20\1074\hotspot\src\share\vm\prims\jWéZÚ&@@
Event: 32.297 Thread 0x0000000001dff000 Exception <a 'java/lang/ArrayIndexOutOfBoundsException': 18> (0x00000000ebfc1de8) thrown at [D:\re\workspace\8-2-build-windows-amd64-cygwin\jdk8u20\1074\hotspot\src\share\vm\interpreter\interpreterRuntime.cpp, line 366]
Event: 32.299 Thread 0x0000000001dff000 Exception <a 'java/lang/ArrayIndexOutOfBoundsException'> (0x00000000ebfc3880) thrown at [D:\re\workspace\8-2-build-windows-amd64-cygwin\jdk8u20\1074\hotspot\src\share\vm\runtime\sharedRuntime.cpp, line 604]
Event: 32.302 Thread 0x0000000001dff000 Exception <a 'java/lang/ArrayIndexOutOfBoundsException'> (0x00000000ebfc4a98) thrown at [D:\re\workspace\8-2-build-windows-amd64-cygwin\jdk8u20\1074\hotspot\src\share\vm\runtime\sharedRuntime.cpp, line 604]

Events (10 events):
Event: 50.232 Thread 0x0000000001dff000 DEOPT PACKING pc=0x00000000028358a4 sp=0x000000000218ee30
Event: 50.232 Thread 0x0000000001dff000 DEOPT UNPACKING pc=0x00000000024a556a sp=0x000000000218edf0 mode 2
Event: 50.232 Thread 0x0000000001dff000 Uncommon trap: trap_request=0xffffff76 fr.pc=0x00000000028358a4
Event: 50.232 Thread 0x0000000001dff000 DEOPT PACKING pc=0x00000000028358a4 sp=0x000000000218ee30
Event: 50.232 Thread 0x0000000001dff000 DEOPT UNPACKING pc=0x00000000024a556a sp=0x000000000218edf0 mode 2
Event: 50.644 Thread 0x0000000001dff000 Uncommon trap: trap_request=0xffffffad fr.pc=0x0000000002cff768
Event: 50.644 Thread 0x0000000001dff000 DEOPT PACKING pc=0x0000000002cff768 sp=0x000000000218ee70
Event: 50.644 Thread 0x0000000001dff000 DEOPT UNPACKING pc=0x00000000024a556a sp=0x000000000218ee10 mode 2
Event: 50.793 Thread 0x0000000001dff000 DEOPT PACKING pc=0x0000000002cf9188 sp=0x000000000218eea0
Event: 50.793 Thread 0x0000000001dff000 DEOPT UNPACKING pc=0x00000000024a71bf sp=0x000000000218ece8 mode 0


Dynamic libraries:
0x000000013f520000 - 0x000000013f554000 	C:\PROGRA~1\Java\JDK18~1.0_2\bin\java.exe
0x0000000077b90000 - 0x0000000077d39000 	C:\Windows\SYSTEM32\ntdll.dll
0x0000000077a70000 - 0x0000000077b8f000 	C:\Windows\system32\kernel32.dll
0x000007fefd980000 - 0x000007fefd9ec000 	C:\Windows\system32\KERNELBASE.dll
0x000007fefe550000 - 0x000007fefe62b000 	C:\Windows\system32\ADVAPI32.dll
0x000007fefe140000 - 0x000007fefe1df000 	C:\Windows\system32\msvcrt.dll
0x000007fefe9d0000 - 0x000007fefe9ef000 	C:\Windows\SYSTEM32\sechost.dll
0x000007feff850000 - 0x000007feff97d000 	C:\Windows\system32\RPCRT4.dll
0x0000000077970000 - 0x0000000077a6a000 	C:\Windows\system32\USER32.dll
0x000007feffaf0000 - 0x000007feffb57000 	C:\Windows\system32\GDI32.dll
0x000007fefe9c0000 - 0x000007fefe9ce000 	C:\Windows\system32\LPK.dll
0x000007feffb60000 - 0x000007feffc29000 	C:\Windows\system32\USP10.dll
0x000007fefc4b0000 - 0x000007fefc6a4000 	C:\Windows\WinSxS\amd64_microsoft.windows.common-controls_6595b64144ccf1df_6.0.7601.17514_none_fa396087175ac9ac\COMCTL32.dll
0x000007fefe4d0000 - 0x000007fefe541000 	C:\Windows\system32\SHLWAPI.dll
0x000007feff820000 - 0x000007feff84e000 	C:\Windows\system32\IMM32.DLL
0x000007fefe710000 - 0x000007fefe819000 	C:\Windows\system32\MSCTF.dll
0x0000000058210000 - 0x00000000582e2000 	C:\PROGRA~1\Java\JDK18~1.0_2\jre\bin\msvcr100.dll
0x00000000582f0000 - 0x0000000058b48000 	C:\PROGRA~1\Java\JDK18~1.0_2\jre\bin\server\jvm.dll
0x000007fefb920000 - 0x000007fefb929000 	C:\Windows\system32\WSOCK32.dll
0x000007feffaa0000 - 0x000007feffaed000 	C:\Windows\system32\WS2_32.dll
0x000007fefe820000 - 0x000007fefe828000 	C:\Windows\system32\NSI.dll
0x000007fefb4b0000 - 0x000007fefb4eb000 	C:\Windows\system32\WINMM.dll
0x0000000077d50000 - 0x0000000077d57000 	C:\Windows\system32\PSAPI.DLL
0x000000006d6d0000 - 0x000000006d6df000 	C:\PROGRA~1\Java\JDK18~1.0_2\jre\bin\verify.dll
0x000000006d470000 - 0x000000006d498000 	C:\PROGRA~1\Java\JDK18~1.0_2\jre\bin\java.dll
0x000000006d450000 - 0x000000006d466000 	C:\PROGRA~1\Java\JDK18~1.0_2\jre\bin\zip.dll
0x000007fefe9f0000 - 0x000007feff778000 	C:\Windows\system32\SHELL32.dll
0x000007feffc90000 - 0x000007feffe93000 	C:\Windows\system32\ole32.dll
0x000007fefd950000 - 0x000007fefd95f000 	C:\Windows\system32\profapi.dll

VM Arguments:
jvm_args: -Xmx1024M -Xss1m -Djava.ext.dirs=C:\Users\Esteban\AppData\Local\Android\android-studio\sdk\build-tools\android-4.4W\lib 
java_command: C:\Users\Esteban\AppData\Local\Android\android-studio\sdk\build-tools\android-4.4W\lib\dx.jar --dex --output C:\msysgit\26-11\CI-1430-MiBusCR\Buses\app\build\intermediates\pre-dexed\debug\classes-2e35d7d5c64922568875ae1a52012b5ba7449985.jar C:\msysgit\26-11\CI-1430-MiBusCR\Buses\app\build\intermediates\exploded-aar\com.android.support\appcompat-v7\20.0.0\classes.jar
java_class_path (initial): C:\Users\Esteban\AppData\Local\Android\android-studio\sdk\build-tools\android-4.4W\lib\dx.jar
Launcher Type: SUN_STANDARD

Environment Variables:
JAVA_HOME=C:\Program Files\Java\jdk1.8.0_20
CLASSPATH=.;C:\Program Files (x86)\Java\jre6\lib\ext\QTJava.zip
PATH=C:\ProgramData\Oracle\Java\javapath;C:\Program Files\Java\jdk1.8.0_20\bin;C:\Program Files (x86)\CodeBlocks\MinGW\bin;C:\RailsInstaller\Ruby1.9.3\bin
USERNAME=Esteban
OS=Windows_NT
PROCESSOR_IDENTIFIER=Intel64 Family 6 Model 37 Stepping 5, GenuineIntel



---------------  S Y S T E M  ---------------

OS: Windows 7 , 64 bit Build 7601 Service Pack 1

CPU:total 4 (2 cores per cpu, 2 threads per core) family 6 model 37 stepping 5, cmov, cx8, fxsr, mmx, sse, sse2, sse3, ssse3, sse4.1, sse4.2, popcnt, ht, tsc, tscinvbit

Memory: 4k page, physical 6148632k(515392k free), swap 9453000k(5152k free)

vm_info: Java HotSpot(TM) 64-Bit Server VM (25.20-b23) for windows-amd64 JRE (1.8.0_20-b26), built on Jul 30 2014 13:51:23 by "java_re" with MS VC++ 10.0 (VS2010)

time: Wed Nov 26 11:44:21 2014
elapsed time: 50 seconds (0d 0h 0m 50s)

