#
# There is insufficient memory for the Java Runtime Environment to continue.
# Native memory allocation (malloc) failed to allocate 32784 bytes for Chunk::new
# Possible reasons:
#   The system is out of physical RAM or swap space
#   In 32 bit mode, the process size limit was hit
# Possible solutions:
#   Reduce memory load on the system
#   Increase physical memory or swap space
#   Check if swap backing store is full
#   Use 64 bit Java on a 64 bit OS
#   Decrease Java heap size (-Xmx/-Xms)
#   Decrease number of Java threads
#   Decrease Java thread stack sizes (-Xss)
#   Set larger code cache with -XX:ReservedCodeCacheSize=
# This output file may be truncated or incomplete.
#
#  Out of Memory Error (allocation.cpp:390), pid=1708, tid=10904
#
# JRE version: Java(TM) SE Runtime Environment (8.0_20-b26) (build 1.8.0_20-b26)
# Java VM: Java HotSpot(TM) 64-Bit Server VM (25.20-b23 mixed mode windows-amd64 compressed oops)
# Failed to write core dump. Minidumps are not enabled by default on client versions of Windows
#

---------------  T H R E A D  ---------------

Current thread (0x0000000056122800):  JavaThread "C2 CompilerThread0" daemon [_thread_in_native, id=10904, stack(0x0000000056850000,0x0000000056950000)]

Stack: [0x0000000056850000,0x0000000056950000]
Native frames: (J=compiled Java code, j=interpreted, Vv=VM code, C=native code)
V  [jvm.dll+0x3152fa]
V  [jvm.dll+0x265d03]
V  [jvm.dll+0x266943]
V  [jvm.dll+0x25e265]
V  [jvm.dll+0xbe255]
V  [jvm.dll+0xbe6fc]
V  [jvm.dll+0xbe9a4]
V  [jvm.dll+0x4e4e30]
V  [jvm.dll+0x46b92f]
V  [jvm.dll+0x46b962]
V  [jvm.dll+0x4da3b4]
V  [jvm.dll+0x436ec1]
V  [jvm.dll+0x45b2c4]
V  [jvm.dll+0x4e0fd8]
V  [jvm.dll+0x4d9ae7]
V  [jvm.dll+0x4d9e69]
V  [jvm.dll+0x4da3d6]
V  [jvm.dll+0x436ec1]
V  [jvm.dll+0x45243b]
V  [jvm.dll+0x435fc2]
V  [jvm.dll+0x97b62]
V  [jvm.dll+0x98353]
V  [jvm.dll+0x22aac4]
V  [jvm.dll+0x283f5a]
C  [msvcr100.dll+0x21d9f]
C  [msvcr100.dll+0x21e3b]
C  [kernel32.dll+0x159ed]
C  [ntdll.dll+0x2c541]


Current CompileTask:
C2:  13857 1694       4       com.android.dx.ssa.SsaMethod::forEachBlockDepthFirstDom (128 bytes)


---------------  P R O C E S S  ---------------

Java Threads: ( => current thread )
  0x0000000056184000 JavaThread "Service Thread" daemon [_thread_blocked, id=10396, stack(0x0000000056970000,0x0000000056a70000)]
  0x0000000056159000 JavaThread "C1 CompilerThread2" daemon [_thread_blocked, id=9088, stack(0x0000000056a90000,0x0000000056b90000)]
  0x000000005614d000 JavaThread "C2 CompilerThread1" daemon [_thread_in_native, id=4272, stack(0x0000000056720000,0x0000000056820000)]
=>0x0000000056122800 JavaThread "C2 CompilerThread0" daemon [_thread_in_native, id=10904, stack(0x0000000056850000,0x0000000056950000)]
  0x0000000054c4a800 JavaThread "Attach Listener" daemon [_thread_blocked, id=10888, stack(0x0000000055c40000,0x0000000055d40000)]
  0x0000000054c49800 JavaThread "Signal Dispatcher" daemon [_thread_blocked, id=4160, stack(0x0000000056620000,0x0000000056720000)]
  0x0000000054be9800 JavaThread "Finalizer" daemon [_thread_blocked, id=6072, stack(0x0000000055f20000,0x0000000056020000)]
  0x0000000054be1000 JavaThread "Reference Handler" daemon [_thread_blocked, id=6780, stack(0x0000000056020000,0x0000000056120000)]
  0x0000000001def000 JavaThread "main" [_thread_in_native, id=10104, stack(0x0000000002190000,0x0000000002290000)]

Other Threads:
  0x0000000054bd7800 VMThread [stack: 0x0000000055d70000,0x0000000055e70000] [id=8364]
  0x0000000056192800 WatcherThread [stack: 0x0000000056c10000,0x0000000056d10000] [id=5200]

VM state:not at safepoint (normal execution)

VM Mutex/Monitor currently owned by a thread: None

Heap:
 PSYoungGen      total 52736K, used 48645K [0x00000000eab00000, 0x00000000f1200000, 0x0000000100000000)
  eden space 49152K, 91% used [0x00000000eab00000,0x00000000ed708db8,0x00000000edb00000)
  from space 3584K, 99% used [0x00000000edb00000,0x00000000ede78770,0x00000000ede80000)
  to   space 3584K, 0% used [0x00000000f0e80000,0x00000000f0e80000,0x00000000f1200000)
 ParOldGen       total 64512K, used 12616K [0x00000000c0000000, 0x00000000c3f00000, 0x00000000eab00000)
  object space 64512K, 19% used [0x00000000c0000000,0x00000000c0c52208,0x00000000c3f00000)
 Metaspace       used 5614K, capacity 6832K, committed 7040K, reserved 1056768K
  class space    used 558K, capacity 616K, committed 640K, reserved 1048576K

Card table byte_map: [0x0000000011920000,0x0000000011b30000] byte_map_base: 0x0000000011320000

Marking Bits: (ParMarkBitMap*) 0x0000000058acb460
 Begin Bits: [0x0000000012050000, 0x0000000013050000)
 End Bits:   [0x0000000013050000, 0x0000000014050000)

Polling page: 0x0000000000310000

CodeCache: size=245760Kb used=7500Kb max_used=7510Kb free=238259Kb
 bounds [0x0000000002560000, 0x0000000002cd0000, 0x0000000011560000]
 total_blobs=1928 nmethods=1670 adapters=173
 compilation: enabled

Compilation events (10 events):
Event: 13.229 Thread 0x0000000056122800 1687 %     4       java.util.BitSet::cardinality @ 4 (32 bytes)
Event: 13.232 Thread 0x000000005614d000 1688       4       com.android.dx.ssa.SsaConverter::edgeSplitMoveExceptionsAndResults (157 bytes)
Event: 13.233 Thread 0x0000000056122800 nmethod 1687% 0x0000000002c5f0d0 code [0x0000000002c5f220, 0x0000000002c5f398]
Event: 13.233 Thread 0x0000000056122800 1689       4       com.android.dx.ssa.PhiInsn::hasSideEffect (19 bytes)
Event: 13.234 Thread 0x0000000056122800 nmethod 1689 0x0000000002b03950 code [0x0000000002b03a80, 0x0000000002b03b18]
Event: 13.234 Thread 0x0000000056122800 1693       4       com.android.dx.cf.code.LocalVariableList::pcAndIndexToLocal (51 bytes)
Event: 13.239 Thread 0x0000000056159000 1698       3       com.android.dx.cf.direct.StdAttributeFactory::constantValue (94 bytes)
Event: 13.239 Thread 0x0000000056122800 nmethod 1693 0x0000000002c5ebd0 code [0x0000000002c5ed20, 0x0000000002c5ef58]
Event: 13.240 Thread 0x0000000056122800 1694       4       com.android.dx.ssa.SsaMethod::forEachBlockDepthFirstDom (128 bytes)
Event: 13.243 Thread 0x0000000056159000 nmethod 1698 0x0000000002ca3510 code [0x0000000002ca3940, 0x0000000002ca5f48]

GC Heap History (6 events):
Event: 3.500 GC heap before
{Heap before GC invocations=1 (full 0):
 PSYoungGen      total 28160K, used 24576K [0x00000000eab00000, 0x00000000eca00000, 0x0000000100000000)
  eden space 24576K, 100% used [0x00000000eab00000,0x00000000ec300000,0x00000000ec300000)
  from space 3584K, 0% used [0x00000000ec680000,0x00000000ec680000,0x00000000eca00000)
  to   space 3584K, 0% used [0x00000000ec300000,0x00000000ec300000,0x00000000ec680000)
 ParOldGen       total 64512K, used 0K [0x00000000c0000000, 0x00000000c3f00000, 0x00000000eab00000)
  object space 64512K, 0% used [0x00000000c0000000,0x00000000c0000000,0x00000000c3f00000)
 Metaspace       used 5319K, capacity 6704K, committed 6784K, reserved 1056768K
  class space    used 537K, capacity 616K, committed 640K, reserved 1048576K
Event: 4.544 GC heap after
Heap after GC invocations=1 (full 0):
 PSYoungGen      total 28160K, used 3569K [0x00000000eab00000, 0x00000000ee200000, 0x0000000100000000)
  eden space 24576K, 0% used [0x00000000eab00000,0x00000000eab00000,0x00000000ec300000)
  from space 3584K, 99% used [0x00000000ec300000,0x00000000ec67c7b0,0x00000000ec680000)
  to   space 3584K, 0% used [0x00000000ede80000,0x00000000ede80000,0x00000000ee200000)
 ParOldGen       total 64512K, used 1465K [0x00000000c0000000, 0x00000000c3f00000, 0x00000000eab00000)
  object space 64512K, 2% used [0x00000000c0000000,0x00000000c016e5d8,0x00000000c3f00000)
 Metaspace       used 5319K, capacity 6704K, committed 6784K, reserved 1056768K
  class space    used 537K, capacity 616K, committed 640K, reserved 1048576K
}
Event: 6.360 GC heap before
{Heap before GC invocations=2 (full 0):
 PSYoungGen      total 28160K, used 28145K [0x00000000eab00000, 0x00000000ee200000, 0x0000000100000000)
  eden space 24576K, 100% used [0x00000000eab00000,0x00000000ec300000,0x00000000ec300000)
  from space 3584K, 99% used [0x00000000ec300000,0x00000000ec67c7b0,0x00000000ec680000)
  to   space 3584K, 0% used [0x00000000ede80000,0x00000000ede80000,0x00000000ee200000)
 ParOldGen       total 64512K, used 1465K [0x00000000c0000000, 0x00000000c3f00000, 0x00000000eab00000)
  object space 64512K, 2% used [0x00000000c0000000,0x00000000c016e5d8,0x00000000c3f00000)
 Metaspace       used 5441K, capacity 6768K, committed 7040K, reserved 1056768K
  class space    used 538K, capacity 616K, committed 640K, reserved 1048576K
Event: 6.949 GC heap after
Heap after GC invocations=2 (full 0):
 PSYoungGen      total 52736K, used 3563K [0x00000000eab00000, 0x00000000ee200000, 0x0000000100000000)
  eden space 49152K, 0% used [0x00000000eab00000,0x00000000eab00000,0x00000000edb00000)
  from space 3584K, 99% used [0x00000000ede80000,0x00000000ee1faf80,0x00000000ee200000)
  to   space 3584K, 0% used [0x00000000edb00000,0x00000000edb00000,0x00000000ede80000)
 ParOldGen       total 64512K, used 5145K [0x00000000c0000000, 0x00000000c3f00000, 0x00000000eab00000)
  object space 64512K, 7% used [0x00000000c0000000,0x00000000c05064c0,0x00000000c3f00000)
 Metaspace       used 5441K, capacity 6768K, committed 7040K, reserved 1056768K
  class space    used 538K, capacity 616K, committed 640K, reserved 1048576K
}
Event: 8.487 GC heap before
{Heap before GC invocations=3 (full 0):
 PSYoungGen      total 52736K, used 52715K [0x00000000eab00000, 0x00000000ee200000, 0x0000000100000000)
  eden space 49152K, 100% used [0x00000000eab00000,0x00000000edb00000,0x00000000edb00000)
  from space 3584K, 99% used [0x00000000ede80000,0x00000000ee1faf80,0x00000000ee200000)
  to   space 3584K, 0% used [0x00000000edb00000,0x00000000edb00000,0x00000000ede80000)
 ParOldGen       total 64512K, used 5145K [0x00000000c0000000, 0x00000000c3f00000, 0x00000000eab00000)
  object space 64512K, 7% used [0x00000000c0000000,0x00000000c05064c0,0x00000000c3f00000)
 Metaspace       used 5518K, capacity 6832K, committed 7040K, reserved 1056768K
  class space    used 539K, capacity 616K, committed 640K, reserved 1048576K
Event: 10.498 GC heap after
Heap after GC invocations=3 (full 0):
 PSYoungGen      total 52736K, used 3553K [0x00000000eab00000, 0x00000000f1200000, 0x0000000100000000)
  eden space 49152K, 0% used [0x00000000eab00000,0x00000000eab00000,0x00000000edb00000)
  from space 3584K, 99% used [0x00000000edb00000,0x00000000ede78770,0x00000000ede80000)
  to   space 3584K, 0% used [0x00000000f0e80000,0x00000000f0e80000,0x00000000f1200000)
 ParOldGen       total 64512K, used 12616K [0x00000000c0000000, 0x00000000c3f00000, 0x00000000eab00000)
  object space 64512K, 19% used [0x00000000c0000000,0x00000000c0c52208,0x00000000c3f00000)
 Metaspace       used 5518K, capacity 6832K, committed 7040K, reserved 1056768K
  class space    used 539K, capacity 616K, committed 640K, reserved 1048576K
}

Deoptimization events (10 events):
Event: 7.724 Thread 0x0000000001def000 Uncommon trap: reason=class_check action=maybe_recompile pc=0x0000000002a122a0 method=java.util.HashMap.putVal(ILjava/lang/Object;Ljava/lang/Object;ZZ)Ljava/lang/Object; @ 203
Event: 7.724 Thread 0x0000000001def000 Uncommon trap: reason=unreached action=reinterpret pc=0x0000000002955344 method=com.android.dx.rop.cst.Constant.compareTo(Lcom/android/dx/rop/cst/Constant;)I @ 12
Event: 7.724 Thread 0x0000000001def000 Uncommon trap: reason=bimorphic action=maybe_recompile pc=0x0000000002a2daa0 method=java.util.HashMap.getNode(ILjava/lang/Object;)Ljava/util/HashMap$Node; @ 126
Event: 7.862 Thread 0x0000000001def000 Uncommon trap: reason=bimorphic action=maybe_recompile pc=0x0000000002bae1ac method=com.android.dx.cf.code.BytecodeArray.parseInstruction(ILcom/android/dx/cf/code/BytecodeArray$Visitor;)I @ 1161
Event: 7.863 Thread 0x0000000001def000 Uncommon trap: reason=bimorphic action=maybe_recompile pc=0x0000000002bae1ac method=com.android.dx.cf.code.BytecodeArray.parseInstruction(ILcom/android/dx/cf/code/BytecodeArray$Visitor;)I @ 1161
Event: 7.918 Thread 0x0000000001def000 Uncommon trap: reason=unreached action=reinterpret pc=0x0000000002bae2d0 method=com.android.dx.cf.code.BytecodeArray.parseInstruction(ILcom/android/dx/cf/code/BytecodeArray$Visitor;)I @ 1198
Event: 8.019 Thread 0x0000000001def000 Uncommon trap: reason=unreached action=reinterpret pc=0x0000000002b57048 method=com.android.dx.ssa.LocalVariableExtractor.processBlock(I)V @ 251
Event: 8.102 Thread 0x0000000001def000 Uncommon trap: reason=unreached action=reinterpret pc=0x0000000002acd7f8 method=com.android.dx.ssa.SCCP.simulateBranch(Lcom/android/dx/ssa/SsaInsn;)V @ 132
Event: 11.524 Thread 0x0000000001def000 Uncommon trap: reason=null_assert action=make_not_entrant pc=0x0000000002c538a8 method=com.android.dx.cf.code.RopperMachine.run(Lcom/android/dx/cf/code/Frame;II)V @ 1112
Event: 11.700 Thread 0x0000000001def000 Uncommon trap: reason=class_check action=maybe_recompile pc=0x0000000002a122a0 method=java.util.HashMap.putVal(ILjava/lang/Object;Ljava/lang/Object;ZZ)Ljava/lang/Object; @ 203

Internal exceptions (7 events):
Event: 0.072 Thread 0x0000000001def000 Exception <a 'java/lang/NoSuchMethodError': Method sun.misc.Unsafe.defineClass(Ljava/lang/String;[BII)Ljava/lang/Class; name or signature does not match> (0x00000000eab0c588) thrown at [D:\re\workspace\8-2-build-windows-amd64-cygwin\jdk8u20\1074\hotspot\sr$V¹ÐÕ|²?
Event: 0.072 Thread 0x0000000001def000 Exception <a 'java/lang/NoSuchMethodError': Method sun.misc.Unsafe.prefetchRead(Ljava/lang/Object;J)V name or signature does not match> (0x00000000eab0c818) thrown at [D:\re\workspace\8-2-build-windows-amd64-cygwin\jdk8u20\1074\hotspot\src\share\vm\prims\j˜¬6ž}Í@
Event: 2.725 Thread 0x0000000001def000 Implicit null exception at 0x00000000028a84d5 to 0x00000000028aa775
Event: 5.580 Thread 0x0000000001def000 Implicit null exception at 0x000000000294ee12 to 0x000000000294ef02
Event: 13.191 Thread 0x0000000001def000 Exception <a 'java/lang/ArrayIndexOutOfBoundsException': 18> (0x00000000ec63ad08) thrown at [D:\re\workspace\8-2-build-windows-amd64-cygwin\jdk8u20\1074\hotspot\src\share\vm\interpreter\interpreterRuntime.cpp, line 366]
Event: 13.192 Thread 0x0000000001def000 Exception <a 'java/lang/ArrayIndexOutOfBoundsException'> (0x00000000ec63c7a0) thrown at [D:\re\workspace\8-2-build-windows-amd64-cygwin\jdk8u20\1074\hotspot\src\share\vm\runtime\sharedRuntime.cpp, line 604]
Event: 13.227 Thread 0x0000000001def000 Exception <a 'java/lang/ArrayIndexOutOfBoundsException'> (0x00000000ec63d9b8) thrown at [D:\re\workspace\8-2-build-windows-amd64-cygwin\jdk8u20\1074\hotspot\src\share\vm\runtime\sharedRuntime.cpp, line 604]

Events (10 events):
Event: 13.192 loading class sun/reflect/generics/reflectiveObjects/ParameterizedTypeImpl
Event: 13.193 loading class java/lang/reflect/ParameterizedType
Event: 13.226 loading class java/lang/reflect/ParameterizedType done
Event: 13.226 loading class sun/reflect/generics/reflectiveObjects/ParameterizedTypeImpl done
Event: 13.227 loading class java/lang/reflect/TypeVariable
Event: 13.227 loading class java/lang/reflect/TypeVariable done
Event: 13.227 loading class sun/reflect/generics/reflectiveObjects/TypeVariableImpl
Event: 13.227 loading class sun/reflect/generics/reflectiveObjects/LazyReflectiveObjectGenerator
Event: 13.227 loading class sun/reflect/generics/reflectiveObjects/LazyReflectiveObjectGenerator done
Event: 13.228 loading class sun/reflect/generics/reflectiveObjects/TypeVariableImpl done


Dynamic libraries:
0x000000013f520000 - 0x000000013f554000 	C:\PROGRA~1\Java\JDK18~1.0_2\bin\java.exe
0x0000000077b90000 - 0x0000000077d39000 	C:\Windows\SYSTEM32\ntdll.dll
0x0000000077a70000 - 0x0000000077b8f000 	C:\Windows\system32\kernel32.dll
0x000007fefd980000 - 0x000007fefd9ec000 	C:\Windows\system32\KERNELBASE.dll
0x000007fefe550000 - 0x000007fefe62b000 	C:\Windows\system32\ADVAPI32.dll
0x000007fefe140000 - 0x000007fefe1df000 	C:\Windows\system32\msvcrt.dll
0x000007fefe9d0000 - 0x000007fefe9ef000 	C:\Windows\SYSTEM32\sechost.dll
0x000007feff850000 - 0x000007feff97d000 	C:\Windows\system32\RPCRT4.dll
0x0000000077970000 - 0x0000000077a6a000 	C:\Windows\system32\USER32.dll
0x000007feffaf0000 - 0x000007feffb57000 	C:\Windows\system32\GDI32.dll
0x000007fefe9c0000 - 0x000007fefe9ce000 	C:\Windows\system32\LPK.dll
0x000007feffb60000 - 0x000007feffc29000 	C:\Windows\system32\USP10.dll
0x000007fefc4b0000 - 0x000007fefc6a4000 	C:\Windows\WinSxS\amd64_microsoft.windows.common-controls_6595b64144ccf1df_6.0.7601.17514_none_fa396087175ac9ac\COMCTL32.dll
0x000007fefe4d0000 - 0x000007fefe541000 	C:\Windows\system32\SHLWAPI.dll
0x000007feff820000 - 0x000007feff84e000 	C:\Windows\system32\IMM32.DLL
0x000007fefe710000 - 0x000007fefe819000 	C:\Windows\system32\MSCTF.dll
0x0000000058210000 - 0x00000000582e2000 	C:\PROGRA~1\Java\JDK18~1.0_2\jre\bin\msvcr100.dll
0x00000000582f0000 - 0x0000000058b48000 	C:\PROGRA~1\Java\JDK18~1.0_2\jre\bin\server\jvm.dll
0x000007fefb920000 - 0x000007fefb929000 	C:\Windows\system32\WSOCK32.dll
0x000007feffaa0000 - 0x000007feffaed000 	C:\Windows\system32\WS2_32.dll
0x000007fefe820000 - 0x000007fefe828000 	C:\Windows\system32\NSI.dll
0x000007fefb4b0000 - 0x000007fefb4eb000 	C:\Windows\system32\WINMM.dll
0x0000000077d50000 - 0x0000000077d57000 	C:\Windows\system32\PSAPI.DLL
0x000000006d6d0000 - 0x000000006d6df000 	C:\PROGRA~1\Java\JDK18~1.0_2\jre\bin\verify.dll
0x000000006d470000 - 0x000000006d498000 	C:\PROGRA~1\Java\JDK18~1.0_2\jre\bin\java.dll
0x000000006d450000 - 0x000000006d466000 	C:\PROGRA~1\Java\JDK18~1.0_2\jre\bin\zip.dll
0x000007fefe9f0000 - 0x000007feff778000 	C:\Windows\system32\SHELL32.dll
0x000007feffc90000 - 0x000007feffe93000 	C:\Windows\system32\ole32.dll
0x000007fefd950000 - 0x000007fefd95f000 	C:\Windows\system32\profapi.dll
0x000007fefaf80000 - 0x000007fefb0a5000 	C:\Windows\system32\dbghelp.dll

VM Arguments:
jvm_args: -Xmx1024M -Xss1m -Djava.ext.dirs=C:\Users\Esteban\AppData\Local\Android\android-studio\sdk\build-tools\android-4.4W\lib 
java_command: C:\Users\Esteban\AppData\Local\Android\android-studio\sdk\build-tools\android-4.4W\lib\dx.jar --dex --output C:\msysgit\26-11\CI-1430-MiBusCR\Buses\app\build\intermediates\pre-dexed\debug\classes-b637c9411982a595bae5077926884949c67df526.jar C:\msysgit\26-11\CI-1430-MiBusCR\Buses\app\build\intermediates\exploded-aar\com.facebook.android\facebook\3.20.0\classes.jar
java_class_path (initial): C:\Users\Esteban\AppData\Local\Android\android-studio\sdk\build-tools\android-4.4W\lib\dx.jar
Launcher Type: SUN_STANDARD

Environment Variables:
JAVA_HOME=C:\Program Files\Java\jdk1.8.0_20
CLASSPATH=.;C:\Program Files (x86)\Java\jre6\lib\ext\QTJava.zip
PATH=C:\ProgramData\Oracle\Java\javapath;C:\Program Files\Java\jdk1.8.0_20\bin;C:\Program Files (x86)\CodeBlocks\MinGW\bin;C:\RailsInstaller\Ruby1.9.3\bin
USERNAME=Esteban
OS=Windows_NT
PROCESSOR_IDENTIFIER=Intel64 Family 6 Model 37 Stepping 5, GenuineIntel



---------------  S Y S T E M  ---------------

OS: Windows 7 , 64 bit Build 7601 Service Pack 1

CPU:total 4 (2 cores per cpu, 2 threads per core) family 6 model 37 stepping 5, cmov, cx8, fxsr, mmx, sse, sse2, sse3, ssse3, sse4.1, sse4.2, popcnt, ht, tsc, tscinvbit

Memory: 4k page, physical 6148632k(641200k free), swap 9453000k(397908k free)

vm_info: Java HotSpot(TM) 64-Bit Server VM (25.20-b23) for windows-amd64 JRE (1.8.0_20-b26), built on Jul 30 2014 13:51:23 by "java_re" with MS VC++ 10.0 (VS2010)

time: Wed Nov 26 10:52:23 2014
elapsed time: 13 seconds (0d 0h 0m 13s)

