#
# There is insufficient memory for the Java Runtime Environment to continue.
# Native memory allocation (malloc) failed to allocate 1337056 bytes for Chunk::new
# Possible reasons:
#   The system is out of physical RAM or swap space
#   In 32 bit mode, the process size limit was hit
# Possible solutions:
#   Reduce memory load on the system
#   Increase physical memory or swap space
#   Check if swap backing store is full
#   Use 64 bit Java on a 64 bit OS
#   Decrease Java heap size (-Xmx/-Xms)
#   Decrease number of Java threads
#   Decrease Java thread stack sizes (-Xss)
#   Set larger code cache with -XX:ReservedCodeCacheSize=
# This output file may be truncated or incomplete.
#
#  Out of Memory Error (allocation.cpp:390), pid=9432, tid=5212
#
# JRE version: Java(TM) SE Runtime Environment (8.0_20-b26) (build 1.8.0_20-b26)
# Java VM: Java HotSpot(TM) 64-Bit Server VM (25.20-b23 mixed mode windows-amd64 compressed oops)
# Failed to write core dump. Minidumps are not enabled by default on client versions of Windows
#

---------------  T H R E A D  ---------------

Current thread (0x0000000056241000):  JavaThread "C2 CompilerThread0" daemon [_thread_in_native, id=5212, stack(0x00000000569f0000,0x0000000056af0000)]

Stack: [0x00000000569f0000,0x0000000056af0000]
Native frames: (J=compiled Java code, j=interpreted, Vv=VM code, C=native code)
V  [jvm.dll+0x3152fa]


Current CompileTask:
C2:   4197 1503       4       com.android.dx.dex.code.OutputFinisher::addConstants (93 bytes)


---------------  P R O C E S S  ---------------

Java Threads: ( => current thread )
  0x00000000562ae000 JavaThread "Service Thread" daemon [_thread_blocked, id=8536, stack(0x0000000056ce0000,0x0000000056de0000)]
  0x0000000054e0e800 JavaThread "C1 CompilerThread2" daemon [_thread_blocked, id=1068, stack(0x0000000055fe0000,0x00000000560e0000)]
  0x0000000056246800 JavaThread "C2 CompilerThread1" daemon [_thread_in_native, id=6848, stack(0x0000000056ba0000,0x0000000056ca0000)]
=>0x0000000056241000 JavaThread "C2 CompilerThread0" daemon [_thread_in_native, id=5212, stack(0x00000000569f0000,0x0000000056af0000)]
  0x0000000056240800 JavaThread "Attach Listener" daemon [_thread_blocked, id=8776, stack(0x00000000567c0000,0x00000000568c0000)]
  0x0000000054e02800 JavaThread "Signal Dispatcher" daemon [_thread_blocked, id=6364, stack(0x00000000566b0000,0x00000000567b0000)]
  0x0000000054da6800 JavaThread "Finalizer" daemon [_thread_blocked, id=3232, stack(0x0000000056140000,0x0000000056240000)]
  0x0000000054d9d800 JavaThread "Reference Handler" daemon [_thread_blocked, id=8440, stack(0x0000000055d20000,0x0000000055e20000)]
  0x00000000001ef000 JavaThread "main" [_thread_blocked, id=11244, stack(0x0000000002050000,0x0000000002150000)]

Other Threads:
  0x0000000054d97800 VMThread [stack: 0x0000000055ed0000,0x0000000055fd0000] [id=1112]
  0x00000000562cd000 WatcherThread [stack: 0x0000000056f90000,0x0000000057090000] [id=9748]

VM state:not at safepoint (normal execution)

VM Mutex/Monitor currently owned by a thread:  ([mutex/lock_event])
[0x00000000001ecba0] Heap_lock - owner thread: 0x00000000001ef000

Heap:
 PSYoungGen      total 28160K, used 3552K [0x00000000eab00000, 0x00000000ee200000, 0x0000000100000000)
  eden space 24576K, 0% used [0x00000000eab00000,0x00000000eab001d0,0x00000000ec300000)
  from space 3584K, 99% used [0x00000000ec680000,0x00000000ec9f8028,0x00000000eca00000)
  to   space 3584K, 0% used [0x00000000ec300000,0x00000000ec300000,0x00000000ec680000)
 ParOldGen       total 64512K, used 4709K [0x00000000c0000000, 0x00000000c3f00000, 0x00000000eab00000)
  object space 64512K, 7% used [0x00000000c0000000,0x00000000c04996e0,0x00000000c3f00000)
 Metaspace       used 5652K, capacity 6960K, committed 7040K, reserved 1056768K
  class space    used 557K, capacity 616K, committed 640K, reserved 1048576K

Card table byte_map: [0x00000000117e0000,0x00000000119f0000] byte_map_base: 0x00000000111e0000

Marking Bits: (ParMarkBitMap*) 0x0000000058acb460
 Begin Bits: [0x0000000012210000, 0x0000000013210000)
 End Bits:   [0x0000000013210000, 0x0000000014210000)

Polling page: 0x00000000000a0000

CodeCache: size=245760Kb used=6385Kb max_used=6385Kb free=239374Kb
 bounds [0x0000000002420000, 0x0000000002a70000, 0x0000000011420000]
 total_blobs=1859 nmethods=1599 adapters=173
 compilation: enabled

Compilation events (10 events):
Event: 3.560 Thread 0x0000000054e0e800 1618       2       com.android.dx.util.FixedSizeList::equals (41 bytes)
Event: 3.561 Thread 0x0000000054e0e800 nmethod 1618 0x0000000002a56950 code [0x0000000002a56ac0, 0x0000000002a56cc8]
Event: 3.561 Thread 0x0000000054e0e800 1619       2       java.util.Arrays::equals (78 bytes)
Event: 3.561 Thread 0x0000000054e0e800 nmethod 1619 0x0000000002a56dd0 code [0x0000000002a56f40, 0x0000000002a571e8]
Event: 3.565 Thread 0x0000000054e0e800 1620       2       com.android.dx.dex.code.BlockAddresses::getLast (10 bytes)
Event: 3.565 Thread 0x0000000054e0e800 nmethod 1620 0x0000000002a57350 code [0x0000000002a574a0, 0x0000000002a57610]
Event: 3.565 Thread 0x0000000054e0e800 1621       2       com.android.dx.dex.code.BlockAddresses::getEnd (10 bytes)
Event: 3.566 Thread 0x0000000054e0e800 nmethod 1621 0x0000000002a57710 code [0x0000000002a57860, 0x0000000002a579d0]
Event: 3.567 Thread 0x0000000054e0e800 1622       2       com.android.dx.dex.code.LocalList$Entry::compareTo (9 bytes)
Event: 3.567 Thread 0x0000000054e0e800 nmethod 1622 0x0000000002a57ad0 code [0x0000000002a57c40, 0x0000000002a57de8]

GC Heap History (4 events):
Event: 2.312 GC heap before
{Heap before GC invocations=1 (full 0):
 PSYoungGen      total 28160K, used 24576K [0x00000000eab00000, 0x00000000eca00000, 0x0000000100000000)
  eden space 24576K, 100% used [0x00000000eab00000,0x00000000ec300000,0x00000000ec300000)
  from space 3584K, 0% used [0x00000000ec680000,0x00000000ec680000,0x00000000eca00000)
  to   space 3584K, 0% used [0x00000000ec300000,0x00000000ec300000,0x00000000ec680000)
 ParOldGen       total 64512K, used 0K [0x00000000c0000000, 0x00000000c3f00000, 0x00000000eab00000)
  object space 64512K, 0% used [0x00000000c0000000,0x00000000c0000000,0x00000000c3f00000)
 Metaspace       used 5278K, capacity 6704K, committed 6784K, reserved 1056768K
  class space    used 536K, capacity 616K, committed 640K, reserved 1048576K
Event: 2.334 GC heap after
Heap after GC invocations=1 (full 0):
 PSYoungGen      total 28160K, used 3559K [0x00000000eab00000, 0x00000000eca00000, 0x0000000100000000)
  eden space 24576K, 0% used [0x00000000eab00000,0x00000000eab00000,0x00000000ec300000)
  from space 3584K, 99% used [0x00000000ec300000,0x00000000ec679c88,0x00000000ec680000)
  to   space 3584K, 0% used [0x00000000ec680000,0x00000000ec680000,0x00000000eca00000)
 ParOldGen       total 64512K, used 1660K [0x00000000c0000000, 0x00000000c3f00000, 0x00000000eab00000)
  object space 64512K, 2% used [0x00000000c0000000,0x00000000c019f170,0x00000000c3f00000)
 Metaspace       used 5278K, capacity 6704K, committed 6784K, reserved 1056768K
  class space    used 536K, capacity 616K, committed 640K, reserved 1048576K
}
Event: 3.569 GC heap before
{Heap before GC invocations=2 (full 0):
 PSYoungGen      total 28160K, used 28135K [0x00000000eab00000, 0x00000000eca00000, 0x0000000100000000)
  eden space 24576K, 100% used [0x00000000eab00000,0x00000000ec300000,0x00000000ec300000)
  from space 3584K, 99% used [0x00000000ec300000,0x00000000ec679c88,0x00000000ec680000)
  to   space 3584K, 0% used [0x00000000ec680000,0x00000000ec680000,0x00000000eca00000)
 ParOldGen       total 64512K, used 1660K [0x00000000c0000000, 0x00000000c3f00000, 0x00000000eab00000)
  object space 64512K, 2% used [0x00000000c0000000,0x00000000c019f170,0x00000000c3f00000)
 Metaspace       used 5652K, capacity 6960K, committed 7040K, reserved 1056768K
  class space    used 557K, capacity 616K, committed 640K, reserved 1048576K
Event: 4.174 GC heap after
Heap after GC invocations=2 (full 0):
 PSYoungGen      total 28160K, used 3552K [0x00000000eab00000, 0x00000000ee200000, 0x0000000100000000)
  eden space 24576K, 0% used [0x00000000eab00000,0x00000000eab00000,0x00000000ec300000)
  from space 3584K, 99% used [0x00000000ec680000,0x00000000ec9f8028,0x00000000eca00000)
  to   space 3584K, 0% used [0x00000000ec300000,0x00000000ec300000,0x00000000ec680000)
 ParOldGen       total 64512K, used 4709K [0x00000000c0000000, 0x00000000c3f00000, 0x00000000eab00000)
  object space 64512K, 7% used [0x00000000c0000000,0x00000000c04996e0,0x00000000c3f00000)
 Metaspace       used 5652K, capacity 6960K, committed 7040K, reserved 1056768K
  class space    used 557K, capacity 616K, committed 640K, reserved 1048576K
}

Deoptimization events (10 events):
Event: 3.385 Thread 0x00000000001ef000 Uncommon trap: reason=bimorphic action=maybe_recompile pc=0x0000000002950ebc method=java.util.HashMap.getNode(ILjava/lang/Object;)Ljava/util/HashMap$Node; @ 126
Event: 3.385 Thread 0x00000000001ef000 Uncommon trap: reason=bimorphic action=maybe_recompile pc=0x000000000261f200 method=java.util.HashMap.getNode(ILjava/lang/Object;)Ljava/util/HashMap$Node; @ 126
Event: 3.493 Thread 0x00000000001ef000 Uncommon trap: reason=speculate_class_check action=maybe_recompile pc=0x00000000027c0068 method=com.android.dx.util.FixedSizeList.equals(Ljava/lang/Object;)Z @ 25
Event: 3.493 Thread 0x00000000001ef000 Uncommon trap: reason=class_check action=maybe_recompile pc=0x00000000027af348 method=java.util.Arrays.equals([Ljava/lang/Object;[Ljava/lang/Object;)Z @ 62
Event: 3.493 Thread 0x00000000001ef000 Uncommon trap: reason=speculate_class_check action=maybe_recompile pc=0x00000000027c0068 method=com.android.dx.util.FixedSizeList.equals(Ljava/lang/Object;)Z @ 25
Event: 3.493 Thread 0x00000000001ef000 Uncommon trap: reason=class_check action=maybe_recompile pc=0x00000000027af348 method=java.util.Arrays.equals([Ljava/lang/Object;[Ljava/lang/Object;)Z @ 62
Event: 3.493 Thread 0x00000000001ef000 Uncommon trap: reason=speculate_class_check action=maybe_recompile pc=0x00000000027c0068 method=com.android.dx.util.FixedSizeList.equals(Ljava/lang/Object;)Z @ 25
Event: 3.493 Thread 0x00000000001ef000 Uncommon trap: reason=class_check action=maybe_recompile pc=0x00000000027af348 method=java.util.Arrays.equals([Ljava/lang/Object;[Ljava/lang/Object;)Z @ 62
Event: 3.493 Thread 0x00000000001ef000 Uncommon trap: reason=speculate_class_check action=maybe_recompile pc=0x00000000027c0068 method=com.android.dx.util.FixedSizeList.equals(Ljava/lang/Object;)Z @ 25
Event: 3.493 Thread 0x00000000001ef000 Uncommon trap: reason=class_check action=maybe_recompile pc=0x00000000027af348 method=java.util.Arrays.equals([Ljava/lang/Object;[Ljava/lang/Object;)Z @ 62

Internal exceptions (2 events):
Event: 0.108 Thread 0x00000000001ef000 Exception <a 'java/lang/NoSuchMethodError': Method sun.misc.Unsafe.defineClass(Ljava/lang/String;[BII)Ljava/lang/Class; name or signature does not match> (0x00000000eab0c2c0) thrown at [D:\re\workspace\8-2-build-windows-amd64-cygwin\jdk8u20\1074\hotspot\sržÿÙÙ§Ÿ»?
Event: 0.108 Thread 0x00000000001ef000 Exception <a 'java/lang/NoSuchMethodError': Method sun.misc.Unsafe.prefetchRead(Ljava/lang/Object;J)V name or signature does not match> (0x00000000eab0c550) thrown at [D:\re\workspace\8-2-build-windows-amd64-cygwin\jdk8u20\1074\hotspot\src\share\vm\prims\j

Events (10 events):
Event: 3.494 loading class com/android/dx/dex/code/CatchTable$Entry
Event: 3.494 loading class com/android/dx/dex/code/CatchTable$Entry done
Event: 3.494 loading class com/android/dx/util/ByteArrayAnnotatedOutput
Event: 3.494 loading class com/android/dx/util/ByteArrayAnnotatedOutput done
Event: 3.544 Thread 0x00000000001ef000 DEOPT PACKING pc=0x0000000002a42e5a sp=0x000000000214e980
Event: 3.544 Thread 0x00000000001ef000 DEOPT UNPACKING pc=0x00000000024671bf sp=0x000000000214e700 mode 0
Event: 3.560 Thread 0x00000000001ef000 DEOPT PACKING pc=0x0000000002a3f09e sp=0x000000000214e980
Event: 3.560 Thread 0x00000000001ef000 DEOPT UNPACKING pc=0x00000000024671bf sp=0x000000000214e730 mode 0
Event: 3.569 Executing VM operation: ParallelGCFailedAllocation
Event: 4.174 Executing VM operation: ParallelGCFailedAllocation done


Dynamic libraries:
0x000000013f520000 - 0x000000013f554000 	C:\PROGRA~1\Java\JDK18~1.0_2\bin\java.exe
0x0000000077b90000 - 0x0000000077d39000 	C:\Windows\SYSTEM32\ntdll.dll
0x0000000077a70000 - 0x0000000077b8f000 	C:\Windows\system32\kernel32.dll
0x000007fefd980000 - 0x000007fefd9ec000 	C:\Windows\system32\KERNELBASE.dll
0x000007fefe550000 - 0x000007fefe62b000 	C:\Windows\system32\ADVAPI32.dll
0x000007fefe140000 - 0x000007fefe1df000 	C:\Windows\system32\msvcrt.dll
0x000007fefe9d0000 - 0x000007fefe9ef000 	C:\Windows\SYSTEM32\sechost.dll
0x000007feff850000 - 0x000007feff97d000 	C:\Windows\system32\RPCRT4.dll
0x0000000077970000 - 0x0000000077a6a000 	C:\Windows\system32\USER32.dll
0x000007feffaf0000 - 0x000007feffb57000 	C:\Windows\system32\GDI32.dll
0x000007fefe9c0000 - 0x000007fefe9ce000 	C:\Windows\system32\LPK.dll
0x000007feffb60000 - 0x000007feffc29000 	C:\Windows\system32\USP10.dll
0x000007fefc4b0000 - 0x000007fefc6a4000 	C:\Windows\WinSxS\amd64_microsoft.windows.common-controls_6595b64144ccf1df_6.0.7601.17514_none_fa396087175ac9ac\COMCTL32.dll
0x000007fefe4d0000 - 0x000007fefe541000 	C:\Windows\system32\SHLWAPI.dll
0x000007feff820000 - 0x000007feff84e000 	C:\Windows\system32\IMM32.DLL
0x000007fefe710000 - 0x000007fefe819000 	C:\Windows\system32\MSCTF.dll
0x0000000058210000 - 0x00000000582e2000 	C:\PROGRA~1\Java\JDK18~1.0_2\jre\bin\msvcr100.dll
0x00000000582f0000 - 0x0000000058b48000 	C:\PROGRA~1\Java\JDK18~1.0_2\jre\bin\server\jvm.dll
0x000007fefb920000 - 0x000007fefb929000 	C:\Windows\system32\WSOCK32.dll
0x000007feffaa0000 - 0x000007feffaed000 	C:\Windows\system32\WS2_32.dll
0x000007fefe820000 - 0x000007fefe828000 	C:\Windows\system32\NSI.dll
0x000007fefb4b0000 - 0x000007fefb4eb000 	C:\Windows\system32\WINMM.dll
0x0000000077d50000 - 0x0000000077d57000 	C:\Windows\system32\PSAPI.DLL
0x000000006d6d0000 - 0x000000006d6df000 	C:\PROGRA~1\Java\JDK18~1.0_2\jre\bin\verify.dll
0x000000006d470000 - 0x000000006d498000 	C:\PROGRA~1\Java\JDK18~1.0_2\jre\bin\java.dll
0x000000006d450000 - 0x000000006d466000 	C:\PROGRA~1\Java\JDK18~1.0_2\jre\bin\zip.dll
0x000007fefe9f0000 - 0x000007feff778000 	C:\Windows\system32\SHELL32.dll
0x000007feffc90000 - 0x000007feffe93000 	C:\Windows\system32\ole32.dll
0x000007fefd950000 - 0x000007fefd95f000 	C:\Windows\system32\profapi.dll

VM Arguments:
jvm_args: -Xmx1024M -Xss1m -Djava.ext.dirs=C:\Users\Esteban\AppData\Local\Android\android-studio\sdk\build-tools\android-4.4W\lib 
java_command: C:\Users\Esteban\AppData\Local\Android\android-studio\sdk\build-tools\android-4.4W\lib\dx.jar --dex --output C:\msysgit\26-11\CI-1430-MiBusCR\Buses\app\build\intermediates\pre-dexed\debug\internal_impl-20.0.0-de75737ce15b3651266bd4e409889b31f6066cd9.jar C:\msysgit\26-11\CI-1430-MiBusCR\Buses\app\build\intermediates\exploded-aar\com.android.support\support-v4\20.0.0\libs\internal_impl-20.0.0.jar
java_class_path (initial): C:\Users\Esteban\AppData\Local\Android\android-studio\sdk\build-tools\android-4.4W\lib\dx.jar
Launcher Type: SUN_STANDARD

Environment Variables:
JAVA_HOME=C:\Program Files\Java\jdk1.8.0_20
CLASSPATH=.;C:\Program Files (x86)\Java\jre6\lib\ext\QTJava.zip
PATH=C:\ProgramData\Oracle\Java\javapath;C:\Program Files\Java\jdk1.8.0_20\bin;C:\Program Files (x86)\CodeBlocks\MinGW\bin;C:\RailsInstaller\Ruby1.9.3\bin
USERNAME=Esteban
OS=Windows_NT
PROCESSOR_IDENTIFIER=Intel64 Family 6 Model 37 Stepping 5, GenuineIntel



---------------  S Y S T E M  ---------------

OS: Windows 7 , 64 bit Build 7601 Service Pack 1

CPU:total 4 (2 cores per cpu, 2 threads per core) family 6 model 37 stepping 5, cmov, cx8, fxsr, mmx, sse, sse2, sse3, ssse3, sse4.1, sse4.2, popcnt, ht, tsc, tscinvbit

Memory: 4k page, physical 6148632k(332584k free), swap 9453000k(5128k free)

vm_info: Java HotSpot(TM) 64-Bit Server VM (25.20-b23) for windows-amd64 JRE (1.8.0_20-b26), built on Jul 30 2014 13:51:23 by "java_re" with MS VC++ 10.0 (VS2010)

time: Wed Nov 26 10:54:20 2014
elapsed time: 4 seconds (0d 0h 0m 4s)

