#
# There is insufficient memory for the Java Runtime Environment to continue.
# Native memory allocation (malloc) failed to allocate 684016 bytes for Chunk::new
# Possible reasons:
#   The system is out of physical RAM or swap space
#   In 32 bit mode, the process size limit was hit
# Possible solutions:
#   Reduce memory load on the system
#   Increase physical memory or swap space
#   Check if swap backing store is full
#   Use 64 bit Java on a 64 bit OS
#   Decrease Java heap size (-Xmx/-Xms)
#   Decrease number of Java threads
#   Decrease Java thread stack sizes (-Xss)
#   Set larger code cache with -XX:ReservedCodeCacheSize=
# This output file may be truncated or incomplete.
#
#  Out of Memory Error (allocation.cpp:390), pid=10972, tid=6704
#
# JRE version: Java(TM) SE Runtime Environment (8.0_20-b26) (build 1.8.0_20-b26)
# Java VM: Java HotSpot(TM) 64-Bit Server VM (25.20-b23 mixed mode windows-amd64 compressed oops)
# Failed to write core dump. Minidumps are not enabled by default on client versions of Windows
#

---------------  T H R E A D  ---------------

Current thread (0x0000000056184000):  JavaThread "C2 CompilerThread1" daemon [_thread_in_native, id=6704, stack(0x0000000056a90000,0x0000000056b90000)]

Stack: [0x0000000056a90000,0x0000000056b90000]
Native frames: (J=compiled Java code, j=interpreted, Vv=VM code, C=native code)
V  [jvm.dll+0x3152fa]


Current CompileTask:
C2:  50752 1963   !   4       com.android.dx.cf.cst.ConstantPoolParser::parse0 (731 bytes)


---------------  P R O C E S S  ---------------

Java Threads: ( => current thread )
  0x00000000561d9800 JavaThread "Service Thread" daemon [_thread_blocked, id=2576, stack(0x0000000056cf0000,0x0000000056df0000)]
  0x0000000056185800 JavaThread "C1 CompilerThread2" daemon [_thread_blocked, id=10564, stack(0x0000000056be0000,0x0000000056ce0000)]
=>0x0000000056184000 JavaThread "C2 CompilerThread1" daemon [_thread_in_native, id=6704, stack(0x0000000056a90000,0x0000000056b90000)]
  0x0000000056181000 JavaThread "C2 CompilerThread0" daemon [_thread_blocked, id=11188, stack(0x0000000056960000,0x0000000056a60000)]
  0x0000000056180800 JavaThread "Attach Listener" daemon [_thread_blocked, id=7416, stack(0x0000000056730000,0x0000000056830000)]
  0x0000000054d74800 JavaThread "Signal Dispatcher" daemon [_thread_blocked, id=9880, stack(0x0000000056620000,0x0000000056720000)]
  0x0000000054d16800 JavaThread "Finalizer" daemon [_thread_blocked, id=9160, stack(0x0000000056080000,0x0000000056180000)]
  0x0000000054d0d800 JavaThread "Reference Handler" daemon [_thread_blocked, id=11232, stack(0x0000000055f40000,0x0000000056040000)]
  0x0000000001f0f000 JavaThread "main" [_thread_in_native, id=9800, stack(0x0000000002120000,0x0000000002220000)]

Other Threads:
  0x0000000054d07800 VMThread [stack: 0x0000000055e40000,0x0000000055f40000] [id=3824]
  0x00000000561e0800 WatcherThread [stack: 0x0000000056ec0000,0x0000000056fc0000] [id=8200]

VM state:not at safepoint (normal execution)

VM Mutex/Monitor currently owned by a thread: None

Heap:
 PSYoungGen      total 101888K, used 88073K [0x00000000eab00000, 0x00000000f1200000, 0x0000000100000000)
  eden space 98304K, 85% used [0x00000000eab00000,0x00000000efd88288,0x00000000f0b00000)
  from space 3584K, 99% used [0x00000000f0e80000,0x00000000f11fa218,0x00000000f1200000)
  to   space 3584K, 0% used [0x00000000f0b00000,0x00000000f0b00000,0x00000000f0e80000)
 ParOldGen       total 64512K, used 20357K [0x00000000c0000000, 0x00000000c3f00000, 0x00000000eab00000)
  object space 64512K, 31% used [0x00000000c0000000,0x00000000c13e16e0,0x00000000c3f00000)
 Metaspace       used 5656K, capacity 6896K, committed 7040K, reserved 1056768K
  class space    used 559K, capacity 616K, committed 640K, reserved 1048576K

Card table byte_map: [0x00000000118b0000,0x0000000011ac0000] byte_map_base: 0x00000000112b0000

Marking Bits: (ParMarkBitMap*) 0x0000000058acb460
 Begin Bits: [0x0000000012180000, 0x0000000013180000)
 End Bits:   [0x0000000013180000, 0x0000000014180000)

Polling page: 0x00000000001a0000

CodeCache: size=245760Kb used=9162Kb max_used=9174Kb free=236598Kb
 bounds [0x00000000024f0000, 0x0000000002df0000, 0x00000000114f0000]
 total_blobs=2066 nmethods=1808 adapters=173
 compilation: enabled

Compilation events (10 events):
Event: 49.476 Thread 0x0000000056185800 nmethod 1998 0x0000000002da5710 code [0x0000000002da58e0, 0x0000000002da5db8]
Event: 49.508 Thread 0x0000000056185800 1999       2       java.util.DualPivotQuicksort::sort (614 bytes)
Event: 49.514 Thread 0x0000000056185800 nmethod 1999 0x0000000002de1c50 code [0x0000000002de1ea0, 0x0000000002de2bf8]
Event: 49.642 Thread 0x0000000056181000 nmethod 1965 0x0000000002de8750 code [0x0000000002de8a60, 0x0000000002dea528]
Event: 49.642 Thread 0x0000000056181000 1987       4       java.util.HashMap::resize (359 bytes)
Event: 49.671 Thread 0x0000000056181000 nmethod 1987 0x0000000002de6d10 code [0x0000000002de6ea0, 0x0000000002de73c8]
Event: 49.671 Thread 0x0000000056181000 1983       4       com.android.dx.ssa.SsaRenamer::setNameForSsaReg (54 bytes)
Event: 49.782 Thread 0x0000000056181000 nmethod 1983 0x0000000002de7610 code [0x0000000002de77a0, 0x0000000002de7ed8]
Event: 49.782 Thread 0x0000000056181000 1966       4       com.android.dx.util.ByteArray::<init> (81 bytes)
Event: 49.784 Thread 0x0000000056181000 nmethod 1966 0x0000000002da3f10 code [0x0000000002da4060, 0x0000000002da4118]

GC Heap History (8 events):
Event: 10.253 GC heap before
{Heap before GC invocations=1 (full 0):
 PSYoungGen      total 28160K, used 24576K [0x00000000eab00000, 0x00000000eca00000, 0x0000000100000000)
  eden space 24576K, 100% used [0x00000000eab00000,0x00000000ec300000,0x00000000ec300000)
  from space 3584K, 0% used [0x00000000ec680000,0x00000000ec680000,0x00000000eca00000)
  to   space 3584K, 0% used [0x00000000ec300000,0x00000000ec300000,0x00000000ec680000)
 ParOldGen       total 64512K, used 0K [0x00000000c0000000, 0x00000000c3f00000, 0x00000000eab00000)
  object space 64512K, 0% used [0x00000000c0000000,0x00000000c0000000,0x00000000c3f00000)
 Metaspace       used 5286K, capacity 6704K, committed 6784K, reserved 1056768K
  class space    used 537K, capacity 616K, committed 640K, reserved 1048576K
Event: 12.403 GC heap after
Heap after GC invocations=1 (full 0):
 PSYoungGen      total 28160K, used 3553K [0x00000000eab00000, 0x00000000ee200000, 0x0000000100000000)
  eden space 24576K, 0% used [0x00000000eab00000,0x00000000eab00000,0x00000000ec300000)
  from space 3584K, 99% used [0x00000000ec300000,0x00000000ec6787a0,0x00000000ec680000)
  to   space 3584K, 0% used [0x00000000ede80000,0x00000000ede80000,0x00000000ee200000)
 ParOldGen       total 64512K, used 1547K [0x00000000c0000000, 0x00000000c3f00000, 0x00000000eab00000)
  object space 64512K, 2% used [0x00000000c0000000,0x00000000c0182d08,0x00000000c3f00000)
 Metaspace       used 5286K, capacity 6704K, committed 6784K, reserved 1056768K
  class space    used 537K, capacity 616K, committed 640K, reserved 1048576K
}
Event: 14.489 GC heap before
{Heap before GC invocations=2 (full 0):
 PSYoungGen      total 28160K, used 28129K [0x00000000eab00000, 0x00000000ee200000, 0x0000000100000000)
  eden space 24576K, 100% used [0x00000000eab00000,0x00000000ec300000,0x00000000ec300000)
  from space 3584K, 99% used [0x00000000ec300000,0x00000000ec6787a0,0x00000000ec680000)
  to   space 3584K, 0% used [0x00000000ede80000,0x00000000ede80000,0x00000000ee200000)
 ParOldGen       total 64512K, used 1547K [0x00000000c0000000, 0x00000000c3f00000, 0x00000000eab00000)
  object space 64512K, 2% used [0x00000000c0000000,0x00000000c0182d08,0x00000000c3f00000)
 Metaspace       used 5417K, capacity 6768K, committed 7040K, reserved 1056768K
  class space    used 538K, capacity 616K, committed 640K, reserved 1048576K
Event: 15.354 GC heap after
Heap after GC invocations=2 (full 0):
 PSYoungGen      total 52736K, used 3569K [0x00000000eab00000, 0x00000000ee200000, 0x0000000100000000)
  eden space 49152K, 0% used [0x00000000eab00000,0x00000000eab00000,0x00000000edb00000)
  from space 3584K, 99% used [0x00000000ede80000,0x00000000ee1fc500,0x00000000ee200000)
  to   space 3584K, 0% used [0x00000000edb00000,0x00000000edb00000,0x00000000ede80000)
 ParOldGen       total 64512K, used 5180K [0x00000000c0000000, 0x00000000c3f00000, 0x00000000eab00000)
  object space 64512K, 8% used [0x00000000c0000000,0x00000000c050f258,0x00000000c3f00000)
 Metaspace       used 5417K, capacity 6768K, committed 7040K, reserved 1056768K
  class space    used 538K, capacity 616K, committed 640K, reserved 1048576K
}
Event: 21.510 GC heap before
{Heap before GC invocations=3 (full 0):
 PSYoungGen      total 52736K, used 52721K [0x00000000eab00000, 0x00000000ee200000, 0x0000000100000000)
  eden space 49152K, 100% used [0x00000000eab00000,0x00000000edb00000,0x00000000edb00000)
  from space 3584K, 99% used [0x00000000ede80000,0x00000000ee1fc500,0x00000000ee200000)
  to   space 3584K, 0% used [0x00000000edb00000,0x00000000edb00000,0x00000000ede80000)
 ParOldGen       total 64512K, used 5180K [0x00000000c0000000, 0x00000000c3f00000, 0x00000000eab00000)
  object space 64512K, 8% used [0x00000000c0000000,0x00000000c050f258,0x00000000c3f00000)
 Metaspace       used 5490K, capacity 6832K, committed 7040K, reserved 1056768K
  class space    used 539K, capacity 616K, committed 640K, reserved 1048576K
Event: 22.609 GC heap after
Heap after GC invocations=3 (full 0):
 PSYoungGen      total 52736K, used 3569K [0x00000000eab00000, 0x00000000f1200000, 0x0000000100000000)
  eden space 49152K, 0% used [0x00000000eab00000,0x00000000eab00000,0x00000000edb00000)
  from space 3584K, 99% used [0x00000000edb00000,0x00000000ede7c730,0x00000000ede80000)
  to   space 3584K, 0% used [0x00000000f0e80000,0x00000000f0e80000,0x00000000f1200000)
 ParOldGen       total 64512K, used 13058K [0x00000000c0000000, 0x00000000c3f00000, 0x00000000eab00000)
  object space 64512K, 20% used [0x00000000c0000000,0x00000000c0cc0a78,0x00000000c3f00000)
 Metaspace       used 5490K, capacity 6832K, committed 7040K, reserved 1056768K
  class space    used 539K, capacity 616K, committed 640K, reserved 1048576K
}
Event: 26.862 GC heap before
{Heap before GC invocations=4 (full 0):
 PSYoungGen      total 52736K, used 52721K [0x00000000eab00000, 0x00000000f1200000, 0x0000000100000000)
  eden space 49152K, 100% used [0x00000000eab00000,0x00000000edb00000,0x00000000edb00000)
  from space 3584K, 99% used [0x00000000edb00000,0x00000000ede7c730,0x00000000ede80000)
  to   space 3584K, 0% used [0x00000000f0e80000,0x00000000f0e80000,0x00000000f1200000)
 ParOldGen       total 64512K, used 13058K [0x00000000c0000000, 0x00000000c3f00000, 0x00000000eab00000)
  object space 64512K, 20% used [0x00000000c0000000,0x00000000c0cc0a78,0x00000000c3f00000)
 Metaspace       used 5587K, capacity 6832K, committed 7040K, reserved 1056768K
  class space    used 558K, capacity 616K, committed 640K, reserved 1048576K
Event: 28.519 GC heap after
Heap after GC invocations=4 (full 0):
 PSYoungGen      total 101888K, used 3560K [0x00000000eab00000, 0x00000000f1200000, 0x0000000100000000)
  eden space 98304K, 0% used [0x00000000eab00000,0x00000000eab00000,0x00000000f0b00000)
  from space 3584K, 99% used [0x00000000f0e80000,0x00000000f11fa218,0x00000000f1200000)
  to   space 3584K, 0% used [0x00000000f0b00000,0x00000000f0b00000,0x00000000f0e80000)
 ParOldGen       total 64512K, used 20357K [0x00000000c0000000, 0x00000000c3f00000, 0x00000000eab00000)
  object space 64512K, 31% used [0x00000000c0000000,0x00000000c13e16e0,0x00000000c3f00000)
 Metaspace       used 5587K, capacity 6832K, committed 7040K, reserved 1056768K
  class space    used 558K, capacity 616K, committed 640K, reserved 1048576K
}

Deoptimization events (10 events):
Event: 23.901 Thread 0x0000000001f0f000 Uncommon trap: reason=unreached action=reinterpret pc=0x00000000029083cc method=com.android.dx.ssa.SsaMethod.updateOneDefinition(Lcom/android/dx/ssa/SsaInsn;Lcom/android/dx/rop/code/RegisterSpec;)V @ 4
Event: 26.730 Thread 0x0000000001f0f000 Uncommon trap: reason=unreached action=reinterpret pc=0x00000000028c63bc method=java.util.HashMap.putVal(ILjava/lang/Object;Ljava/lang/Object;ZZ)Ljava/lang/Object; @ 109
Event: 29.619 Thread 0x0000000001f0f000 Uncommon trap: reason=bimorphic action=maybe_recompile pc=0x0000000002a007e8 method=com.android.dx.ssa.LiteralOpUpgrader.tryReplacingWithConstant(Lcom/android/dx/ssa/NormalSsaInsn;)Z @ 62
Event: 29.653 Thread 0x0000000001f0f000 Uncommon trap: reason=null_assert action=make_not_entrant pc=0x0000000002bc43d4 method=com.android.dx.cf.code.RopperMachine.run(Lcom/android/dx/cf/code/Frame;II)V @ 1112
Event: 32.831 Thread 0x0000000001f0f000 Uncommon trap: reason=unreached action=reinterpret pc=0x0000000002b89ce8 method=java.util.HashMap.resize()[Ljava/util/HashMap$Node; @ 206
Event: 36.590 Thread 0x0000000001f0f000 Uncommon trap: reason=unloaded action=reinterpret pc=0x0000000002a86ca0 method=com.android.dx.cf.cst.ConstantPoolParser.parse0(ILjava/util/BitSet;)Lcom/android/dx/rop/cst/Constant; @ 176
Event: 36.646 Thread 0x0000000001f0f000 Uncommon trap: reason=uninitialized action=reinterpret pc=0x0000000002c320e0 method=com.android.dx.cf.code.BytecodeArray.parseInstruction(ILcom/android/dx/cf/code/BytecodeArray$Visitor;)I @ 1063
Event: 36.718 Thread 0x0000000001f0f000 Uncommon trap: reason=class_check action=maybe_recompile pc=0x0000000002cc668c method=com.android.dx.cf.code.RopperMachine.run(Lcom/android/dx/cf/code/Frame;II)V @ 988
Event: 44.957 Thread 0x0000000001f0f000 Uncommon trap: reason=class_check action=maybe_recompile pc=0x0000000002cc5a40 method=com.android.dx.cf.code.RopperMachine.run(Lcom/android/dx/cf/code/Frame;II)V @ 310
Event: 45.528 Thread 0x0000000001f0f000 Uncommon trap: reason=unreached action=reinterpret pc=0x0000000002d14544 method=com.android.dx.cf.direct.StdAttributeFactory.parse0(Lcom/android/dx/cf/direct/DirectClassFile;ILjava/lang/String;IILcom/android/dx/cf/iface/ParseObserver;)Lcom/android/dx/cf/if

Internal exceptions (7 events):
Event: 0.173 Thread 0x0000000001f0f000 Exception <a 'java/lang/NoSuchMethodError': Method sun.misc.Unsafe.defineClass(Ljava/lang/String;[BII)Ljava/lang/Class; name or signature does not match> (0x00000000eab0c500) thrown at [D:\re\workspace\8-2-build-windows-amd64-cygwin\jdk8u20\1074\hotspot\srf~—è~:∆?
Event: 0.174 Thread 0x0000000001f0f000 Exception <a 'java/lang/NoSuchMethodError': Method sun.misc.Unsafe.prefetchRead(Ljava/lang/Object;J)V name or signature does not match> (0x00000000eab0c790) thrown at [D:\re\workspace\8-2-build-windows-amd64-cygwin\jdk8u20\1074\hotspot\src\share\vm\prims\jª¥ÙÓ«≠!@
Event: 8.839 Thread 0x0000000001f0f000 Implicit null exception at 0x000000000287e107 to 0x0000000002880071
Event: 12.929 Thread 0x0000000001f0f000 Implicit null exception at 0x0000000002878292 to 0x0000000002878382
Event: 23.389 Thread 0x0000000001f0f000 Exception <a 'java/lang/ArrayIndexOutOfBoundsException': 18> (0x00000000ec5b4050) thrown at [D:\re\workspace\8-2-build-windows-amd64-cygwin\jdk8u20\1074\hotspot\src\share\vm\interpreter\interpreterRuntime.cpp, line 366]
Event: 23.391 Thread 0x0000000001f0f000 Exception <a 'java/lang/ArrayIndexOutOfBoundsException'> (0x00000000ec5b5ae8) thrown at [D:\re\workspace\8-2-build-windows-amd64-cygwin\jdk8u20\1074\hotspot\src\share\vm\runtime\sharedRuntime.cpp, line 604]
Event: 23.393 Thread 0x0000000001f0f000 Exception <a 'java/lang/ArrayIndexOutOfBoundsException'> (0x00000000ec5b6d00) thrown at [D:\re\workspace\8-2-build-windows-amd64-cygwin\jdk8u20\1074\hotspot\src\share\vm\runtime\sharedRuntime.cpp, line 604]

Events (10 events):
Event: 45.633 Thread 0x0000000001f0f000 DEOPT PACKING pc=0x000000000294ddf8 sp=0x000000000221e530
Event: 45.633 Thread 0x0000000001f0f000 DEOPT UNPACKING pc=0x00000000025371bf sp=0x000000000221e360 mode 0
Event: 45.669 Thread 0x0000000001f0f000 DEOPT PACKING pc=0x000000000298e087 sp=0x000000000221e5e0
Event: 45.669 Thread 0x0000000001f0f000 DEOPT UNPACKING pc=0x00000000025371bf sp=0x000000000221e3c8 mode 0
Event: 49.297 Thread 0x0000000001f0f000 DEOPT PACKING pc=0x00000000028f403c sp=0x000000000221e730
Event: 49.297 Thread 0x0000000001f0f000 DEOPT UNPACKING pc=0x00000000025371bf sp=0x000000000221e448 mode 0
Event: 49.413 Thread 0x0000000001f0f000 DEOPT PACKING pc=0x0000000002b8a5fa sp=0x000000000221ecb0
Event: 49.413 Thread 0x0000000001f0f000 DEOPT UNPACKING pc=0x00000000025371bf sp=0x000000000221e968 mode 0
Event: 49.441 Thread 0x0000000001f0f000 DEOPT PACKING pc=0x000000000298e087 sp=0x000000000221e5e0
Event: 49.441 Thread 0x0000000001f0f000 DEOPT UNPACKING pc=0x00000000025371bf sp=0x000000000221e3c8 mode 0


Dynamic libraries:
0x000000013f520000 - 0x000000013f554000 	C:\PROGRA~1\Java\JDK18~1.0_2\bin\java.exe
0x0000000077b90000 - 0x0000000077d39000 	C:\Windows\SYSTEM32\ntdll.dll
0x0000000077a70000 - 0x0000000077b8f000 	C:\Windows\system32\kernel32.dll
0x000007fefd980000 - 0x000007fefd9ec000 	C:\Windows\system32\KERNELBASE.dll
0x000007fefe550000 - 0x000007fefe62b000 	C:\Windows\system32\ADVAPI32.dll
0x000007fefe140000 - 0x000007fefe1df000 	C:\Windows\system32\msvcrt.dll
0x000007fefe9d0000 - 0x000007fefe9ef000 	C:\Windows\SYSTEM32\sechost.dll
0x000007feff850000 - 0x000007feff97d000 	C:\Windows\system32\RPCRT4.dll
0x0000000077970000 - 0x0000000077a6a000 	C:\Windows\system32\USER32.dll
0x000007feffaf0000 - 0x000007feffb57000 	C:\Windows\system32\GDI32.dll
0x000007fefe9c0000 - 0x000007fefe9ce000 	C:\Windows\system32\LPK.dll
0x000007feffb60000 - 0x000007feffc29000 	C:\Windows\system32\USP10.dll
0x000007fefc4b0000 - 0x000007fefc6a4000 	C:\Windows\WinSxS\amd64_microsoft.windows.common-controls_6595b64144ccf1df_6.0.7601.17514_none_fa396087175ac9ac\COMCTL32.dll
0x000007fefe4d0000 - 0x000007fefe541000 	C:\Windows\system32\SHLWAPI.dll
0x000007feff820000 - 0x000007feff84e000 	C:\Windows\system32\IMM32.DLL
0x000007fefe710000 - 0x000007fefe819000 	C:\Windows\system32\MSCTF.dll
0x0000000058210000 - 0x00000000582e2000 	C:\PROGRA~1\Java\JDK18~1.0_2\jre\bin\msvcr100.dll
0x00000000582f0000 - 0x0000000058b48000 	C:\PROGRA~1\Java\JDK18~1.0_2\jre\bin\server\jvm.dll
0x000007fefb920000 - 0x000007fefb929000 	C:\Windows\system32\WSOCK32.dll
0x000007feffaa0000 - 0x000007feffaed000 	C:\Windows\system32\WS2_32.dll
0x000007fefe820000 - 0x000007fefe828000 	C:\Windows\system32\NSI.dll
0x000007fefb4b0000 - 0x000007fefb4eb000 	C:\Windows\system32\WINMM.dll
0x0000000077d50000 - 0x0000000077d57000 	C:\Windows\system32\PSAPI.DLL
0x000000006d6d0000 - 0x000000006d6df000 	C:\PROGRA~1\Java\JDK18~1.0_2\jre\bin\verify.dll
0x000000006d470000 - 0x000000006d498000 	C:\PROGRA~1\Java\JDK18~1.0_2\jre\bin\java.dll
0x000000006d450000 - 0x000000006d466000 	C:\PROGRA~1\Java\JDK18~1.0_2\jre\bin\zip.dll
0x000007fefe9f0000 - 0x000007feff778000 	C:\Windows\system32\SHELL32.dll
0x000007feffc90000 - 0x000007feffe93000 	C:\Windows\system32\ole32.dll
0x000007fefd950000 - 0x000007fefd95f000 	C:\Windows\system32\profapi.dll

VM Arguments:
jvm_args: -Xmx1024M -Xss1m -Djava.ext.dirs=C:\Users\Esteban\AppData\Local\Android\android-studio\sdk\build-tools\android-4.4W\lib 
java_command: C:\Users\Esteban\AppData\Local\Android\android-studio\sdk\build-tools\android-4.4W\lib\dx.jar --dex --output C:\msysgit\26-11\CI-1430-MiBusCR\Buses\app\build\intermediates\pre-dexed\debug\classes-b637c9411982a595bae5077926884949c67df526.jar C:\msysgit\26-11\CI-1430-MiBusCR\Buses\app\build\intermediates\exploded-aar\com.facebook.android\facebook\3.20.0\classes.jar
java_class_path (initial): C:\Users\Esteban\AppData\Local\Android\android-studio\sdk\build-tools\android-4.4W\lib\dx.jar
Launcher Type: SUN_STANDARD

Environment Variables:
JAVA_HOME=C:\Program Files\Java\jdk1.8.0_20
CLASSPATH=.;C:\Program Files (x86)\Java\jre6\lib\ext\QTJava.zip
PATH=C:\ProgramData\Oracle\Java\javapath;C:\Program Files\Java\jdk1.8.0_20\bin;C:\Program Files (x86)\CodeBlocks\MinGW\bin;C:\RailsInstaller\Ruby1.9.3\bin
USERNAME=Esteban
OS=Windows_NT
PROCESSOR_IDENTIFIER=Intel64 Family 6 Model 37 Stepping 5, GenuineIntel



---------------  S Y S T E M  ---------------

OS: Windows 7 , 64 bit Build 7601 Service Pack 1

CPU:total 4 (2 cores per cpu, 2 threads per core) family 6 model 37 stepping 5, cmov, cx8, fxsr, mmx, sse, sse2, sse3, ssse3, sse4.1, sse4.2, popcnt, ht, tsc, tscinvbit

Memory: 4k page, physical 6148632k(516280k free), swap 9453000k(5112k free)

vm_info: Java HotSpot(TM) 64-Bit Server VM (25.20-b23) for windows-amd64 JRE (1.8.0_20-b26), built on Jul 30 2014 13:51:23 by "java_re" with MS VC++ 10.0 (VS2010)

time: Wed Nov 26 11:44:21 2014
elapsed time: 50 seconds (0d 0h 0m 50s)

