#
# There is insufficient memory for the Java Runtime Environment to continue.
# Native memory allocation (malloc) failed to allocate 32744 bytes for ChunkPool::allocate
# Possible reasons:
#   The system is out of physical RAM or swap space
#   In 32 bit mode, the process size limit was hit
# Possible solutions:
#   Reduce memory load on the system
#   Increase physical memory or swap space
#   Check if swap backing store is full
#   Use 64 bit Java on a 64 bit OS
#   Decrease Java heap size (-Xmx/-Xms)
#   Decrease number of Java threads
#   Decrease Java thread stack sizes (-Xss)
#   Set larger code cache with -XX:ReservedCodeCacheSize=
# This output file may be truncated or incomplete.
#
#  Out of Memory Error (allocation.cpp:273), pid=1432, tid=5604
#
# JRE version: Java(TM) SE Runtime Environment (8.0_20-b26) (build 1.8.0_20-b26)
# Java VM: Java HotSpot(TM) 64-Bit Server VM (25.20-b23 mixed mode windows-amd64 compressed oops)
# Failed to write core dump. Minidumps are not enabled by default on client versions of Windows
#

---------------  T H R E A D  ---------------

Current thread (0x0000000056206800):  JavaThread "C2 CompilerThread1" daemon [_thread_in_native, id=5604, stack(0x0000000056af0000,0x0000000056bf0000)]

Stack: [0x0000000056af0000,0x0000000056bf0000]
Native frames: (J=compiled Java code, j=interpreted, Vv=VM code, C=native code)
V  [jvm.dll+0x3152fa]


Current CompileTask:
C2:  13124 1597   !   4       com.android.dx.cf.cst.ConstantPoolParser::parse0 (731 bytes)


---------------  P R O C E S S  ---------------

Java Threads: ( => current thread )
  0x000000005626d800 JavaThread "Service Thread" daemon [_thread_blocked, id=6656, stack(0x00000000569e0000,0x0000000056ae0000)]
  0x0000000056208800 JavaThread "C1 CompilerThread2" daemon [_thread_in_native, id=7776, stack(0x0000000056c20000,0x0000000056d20000)]
=>0x0000000056206800 JavaThread "C2 CompilerThread1" daemon [_thread_in_native, id=5604, stack(0x0000000056af0000,0x0000000056bf0000)]
  0x0000000056201000 JavaThread "C2 CompilerThread0" daemon [_thread_in_native, id=5996, stack(0x0000000056870000,0x0000000056970000)]
  0x0000000054e37800 JavaThread "Attach Listener" daemon [_thread_blocked, id=4032, stack(0x0000000011ca0000,0x0000000011da0000)]
  0x0000000054e34800 JavaThread "Signal Dispatcher" daemon [_thread_blocked, id=9272, stack(0x0000000056730000,0x0000000056830000)]
  0x0000000054dd0800 JavaThread "Finalizer" daemon [_thread_blocked, id=8920, stack(0x0000000056100000,0x0000000056200000)]
  0x0000000054dcd000 JavaThread "Reference Handler" daemon [_thread_blocked, id=11120, stack(0x0000000055f50000,0x0000000056050000)]
  0x00000000000ff000 JavaThread "main" [_thread_in_native, id=8104, stack(0x0000000001fe0000,0x00000000020e0000)]

Other Threads:
  0x0000000054dc7800 VMThread [stack: 0x0000000055e30000,0x0000000055f30000] [id=5512]
  0x0000000056288800 WatcherThread [stack: 0x0000000056610000,0x0000000056710000] [id=9480]

VM state:not at safepoint (normal execution)

VM Mutex/Monitor currently owned by a thread: None

Heap:
 PSYoungGen      total 52736K, used 41825K [0x00000000eab00000, 0x00000000ee200000, 0x0000000100000000)
  eden space 49152K, 77% used [0x00000000eab00000,0x00000000ed05e370,0x00000000edb00000)
  from space 3584K, 99% used [0x00000000ede80000,0x00000000ee1fa318,0x00000000ee200000)
  to   space 3584K, 0% used [0x00000000edb00000,0x00000000edb00000,0x00000000ede80000)
 ParOldGen       total 64512K, used 5204K [0x00000000c0000000, 0x00000000c3f00000, 0x00000000eab00000)
  object space 64512K, 8% used [0x00000000c0000000,0x00000000c05150e0,0x00000000c3f00000)
 Metaspace       used 5485K, capacity 6832K, committed 7040K, reserved 1056768K
  class space    used 542K, capacity 616K, committed 640K, reserved 1048576K

Card table byte_map: [0x0000000011770000,0x0000000011980000] byte_map_base: 0x0000000011170000

Marking Bits: (ParMarkBitMap*) 0x0000000058acb460
 Begin Bits: [0x0000000012240000, 0x0000000013240000)
 End Bits:   [0x0000000013240000, 0x0000000014240000)

Polling page: 0x0000000000120000

CodeCache: size=245760Kb used=6673Kb max_used=6676Kb free=239087Kb
 bounds [0x00000000023b0000, 0x0000000002a50000, 0x00000000113b0000]
 total_blobs=1812 nmethods=1554 adapters=173
 compilation: enabled

Compilation events (10 events):
Event: 12.109 Thread 0x0000000056206800 1597   !   4       com.android.dx.cf.cst.ConstantPoolParser::parse0 (731 bytes)
Event: 12.110 Thread 0x0000000056208800 nmethod 1596 0x0000000002a2b3d0 code [0x0000000002a2b620, 0x0000000002a2c488]
Event: 12.939 Thread 0x0000000056208800 1598       3       java.lang.String::<init> (15 bytes)
Event: 12.940 Thread 0x0000000056208800 nmethod 1598 0x00000000029fcc10 code [0x00000000029fcda0, 0x00000000029fd188]
Event: 12.940 Thread 0x0000000056208800 1599       3       java.util.TreeMap$Values::size (8 bytes)
Event: 12.940 Thread 0x0000000056208800 nmethod 1599 0x00000000029f2710 code [0x00000000029f2860, 0x00000000029f29f0]
Event: 12.974 Thread 0x0000000056208800 1602       3       com.android.dx.cf.attrib.RawAttribute::<init> (17 bytes)
Event: 12.975 Thread 0x0000000056208800 nmethod 1602 0x00000000029f1c50 code [0x00000000029f1e00, 0x00000000029f23c8]
Event: 12.975 Thread 0x0000000056208800 1603       3       com.android.dx.cf.code.OneLocalsArray::makeInitialized (55 bytes)
Event: 12.976 Thread 0x0000000056208800 nmethod 1603 0x0000000002a2a890 code [0x0000000002a2aa40, 0x0000000002a2b0b8]

GC Heap History (4 events):
Event: 6.203 GC heap before
{Heap before GC invocations=1 (full 0):
 PSYoungGen      total 28160K, used 24576K [0x00000000eab00000, 0x00000000eca00000, 0x0000000100000000)
  eden space 24576K, 100% used [0x00000000eab00000,0x00000000ec300000,0x00000000ec300000)
  from space 3584K, 0% used [0x00000000ec680000,0x00000000ec680000,0x00000000eca00000)
  to   space 3584K, 0% used [0x00000000ec300000,0x00000000ec300000,0x00000000ec680000)
 ParOldGen       total 64512K, used 0K [0x00000000c0000000, 0x00000000c3f00000, 0x00000000eab00000)
  object space 64512K, 0% used [0x00000000c0000000,0x00000000c0000000,0x00000000c3f00000)
 Metaspace       used 5321K, capacity 6704K, committed 6784K, reserved 1056768K
  class space    used 538K, capacity 616K, committed 640K, reserved 1048576K
Event: 6.910 GC heap after
Heap after GC invocations=1 (full 0):
 PSYoungGen      total 28160K, used 3562K [0x00000000eab00000, 0x00000000ee200000, 0x0000000100000000)
  eden space 24576K, 0% used [0x00000000eab00000,0x00000000eab00000,0x00000000ec300000)
  from space 3584K, 99% used [0x00000000ec300000,0x00000000ec67aaa8,0x00000000ec680000)
  to   space 3584K, 0% used [0x00000000ede80000,0x00000000ede80000,0x00000000ee200000)
 ParOldGen       total 64512K, used 1528K [0x00000000c0000000, 0x00000000c3f00000, 0x00000000eab00000)
  object space 64512K, 2% used [0x00000000c0000000,0x00000000c017e1f8,0x00000000c3f00000)
 Metaspace       used 5321K, capacity 6704K, committed 6784K, reserved 1056768K
  class space    used 538K, capacity 616K, committed 640K, reserved 1048576K
}
Event: 7.512 GC heap before
{Heap before GC invocations=2 (full 0):
 PSYoungGen      total 28160K, used 28138K [0x00000000eab00000, 0x00000000ee200000, 0x0000000100000000)
  eden space 24576K, 100% used [0x00000000eab00000,0x00000000ec300000,0x00000000ec300000)
  from space 3584K, 99% used [0x00000000ec300000,0x00000000ec67aaa8,0x00000000ec680000)
  to   space 3584K, 0% used [0x00000000ede80000,0x00000000ede80000,0x00000000ee200000)
 ParOldGen       total 64512K, used 1528K [0x00000000c0000000, 0x00000000c3f00000, 0x00000000eab00000)
  object space 64512K, 2% used [0x00000000c0000000,0x00000000c017e1f8,0x00000000c3f00000)
 Metaspace       used 5438K, capacity 6768K, committed 7040K, reserved 1056768K
  class space    used 541K, capacity 616K, committed 640K, reserved 1048576K
Event: 9.445 GC heap after
Heap after GC invocations=2 (full 0):
 PSYoungGen      total 52736K, used 3560K [0x00000000eab00000, 0x00000000ee200000, 0x0000000100000000)
  eden space 49152K, 0% used [0x00000000eab00000,0x00000000eab00000,0x00000000edb00000)
  from space 3584K, 99% used [0x00000000ede80000,0x00000000ee1fa318,0x00000000ee200000)
  to   space 3584K, 0% used [0x00000000edb00000,0x00000000edb00000,0x00000000ede80000)
 ParOldGen       total 64512K, used 5204K [0x00000000c0000000, 0x00000000c3f00000, 0x00000000eab00000)
  object space 64512K, 8% used [0x00000000c0000000,0x00000000c05150e0,0x00000000c3f00000)
 Metaspace       used 5438K, capacity 6768K, committed 7040K, reserved 1056768K
  class space    used 541K, capacity 616K, committed 640K, reserved 1048576K
}

Deoptimization events (10 events):
Event: 10.657 Thread 0x00000000000ff000 Uncommon trap: reason=bimorphic action=maybe_recompile pc=0x00000000028c7198 method=com.android.dx.cf.code.BytecodeArray.parseInstruction(ILcom/android/dx/cf/code/BytecodeArray$Visitor;)I @ 939
Event: 10.658 Thread 0x00000000000ff000 Uncommon trap: reason=bimorphic action=maybe_recompile pc=0x00000000028c7198 method=com.android.dx.cf.code.BytecodeArray.parseInstruction(ILcom/android/dx/cf/code/BytecodeArray$Visitor;)I @ 939
Event: 10.688 Thread 0x00000000000ff000 Uncommon trap: reason=bimorphic action=maybe_recompile pc=0x00000000025a88c0 method=java.util.HashMap.getNode(ILjava/lang/Object;)Ljava/util/HashMap$Node; @ 126
Event: 10.688 Thread 0x00000000000ff000 Uncommon trap: reason=class_check action=maybe_recompile pc=0x000000000282e4e4 method=java.util.HashMap.putVal(ILjava/lang/Object;Ljava/lang/Object;ZZ)Ljava/lang/Object; @ 203
Event: 10.874 Thread 0x00000000000ff000 Uncommon trap: reason=bimorphic action=maybe_recompile pc=0x00000000025a88c0 method=java.util.HashMap.getNode(ILjava/lang/Object;)Ljava/util/HashMap$Node; @ 126
Event: 10.874 Thread 0x00000000000ff000 Uncommon trap: reason=class_check action=maybe_recompile pc=0x000000000282e4e4 method=java.util.HashMap.putVal(ILjava/lang/Object;Ljava/lang/Object;ZZ)Ljava/lang/Object; @ 203
Event: 10.880 Thread 0x00000000000ff000 Uncommon trap: reason=bimorphic action=maybe_recompile pc=0x00000000025a88c0 method=java.util.HashMap.getNode(ILjava/lang/Object;)Ljava/util/HashMap$Node; @ 126
Event: 10.880 Thread 0x00000000000ff000 Uncommon trap: reason=class_check action=maybe_recompile pc=0x000000000282e4e4 method=java.util.HashMap.putVal(ILjava/lang/Object;Ljava/lang/Object;ZZ)Ljava/lang/Object; @ 203
Event: 10.881 Thread 0x00000000000ff000 Uncommon trap: reason=class_check action=maybe_recompile pc=0x000000000282e4e4 method=java.util.HashMap.putVal(ILjava/lang/Object;Ljava/lang/Object;ZZ)Ljava/lang/Object; @ 203
Event: 10.881 Thread 0x00000000000ff000 Uncommon trap: reason=bimorphic action=maybe_recompile pc=0x0000000002649544 method=java.util.HashMap.getNode(ILjava/lang/Object;)Ljava/util/HashMap$Node; @ 126

Internal exceptions (3 events):
Event: 0.070 Thread 0x00000000000ff000 Exception <a 'java/lang/NoSuchMethodError': Method sun.misc.Unsafe.defineClass(Ljava/lang/String;[BII)Ljava/lang/Class; name or signature does not match> (0x00000000eab0c588) thrown at [D:\re\workspace\8-2-build-windows-amd64-cygwin\jdk8u20\1074\hotspot\sr2a.‘hﬂ±?
Event: 0.070 Thread 0x00000000000ff000 Exception <a 'java/lang/NoSuchMethodError': Method sun.misc.Unsafe.prefetchRead(Ljava/lang/Object;J)V name or signature does not match> (0x00000000eab0c818) thrown at [D:\re\workspace\8-2-build-windows-amd64-cygwin\jdk8u20\1074\hotspot\src\share\vm\prims\jY|‰r¥@
Event: 5.426 Thread 0x00000000000ff000 Implicit null exception at 0x0000000002728a29 to 0x000000000272a961

Events (10 events):
Event: 10.880 Thread 0x00000000000ff000 DEOPT PACKING pc=0x000000000282e4e4 sp=0x00000000020de940
Event: 10.880 Thread 0x00000000000ff000 DEOPT UNPACKING pc=0x00000000023f556a sp=0x00000000020de8b8 mode 2
Event: 10.881 Thread 0x00000000000ff000 Uncommon trap: trap_request=0xffffffde fr.pc=0x000000000282e4e4
Event: 10.881 Thread 0x00000000000ff000 DEOPT PACKING pc=0x000000000282e4e4 sp=0x00000000020de940
Event: 10.881 Thread 0x00000000000ff000 DEOPT UNPACKING pc=0x00000000023f556a sp=0x00000000020de8b8 mode 2
Event: 10.881 Thread 0x00000000000ff000 Uncommon trap: trap_request=0xffffffc6 fr.pc=0x0000000002649544
Event: 10.881 Thread 0x00000000000ff000 DEOPT PACKING pc=0x0000000002649544 sp=0x00000000020de610
Event: 10.881 Thread 0x00000000000ff000 DEOPT UNPACKING pc=0x00000000023f556a sp=0x00000000020de538 mode 2
Event: 11.990 loading class com/android/dx/cf/attrib/AttRuntimeVisibleAnnotations
Event: 11.990 loading class com/android/dx/cf/attrib/AttRuntimeVisibleAnnotations done


Dynamic libraries:
0x000000013f520000 - 0x000000013f554000 	C:\PROGRA~1\Java\JDK18~1.0_2\bin\java.exe
0x0000000077b90000 - 0x0000000077d39000 	C:\Windows\SYSTEM32\ntdll.dll
0x0000000077a70000 - 0x0000000077b8f000 	C:\Windows\system32\kernel32.dll
0x000007fefd980000 - 0x000007fefd9ec000 	C:\Windows\system32\KERNELBASE.dll
0x000007fefe550000 - 0x000007fefe62b000 	C:\Windows\system32\ADVAPI32.dll
0x000007fefe140000 - 0x000007fefe1df000 	C:\Windows\system32\msvcrt.dll
0x000007fefe9d0000 - 0x000007fefe9ef000 	C:\Windows\SYSTEM32\sechost.dll
0x000007feff850000 - 0x000007feff97d000 	C:\Windows\system32\RPCRT4.dll
0x0000000077970000 - 0x0000000077a6a000 	C:\Windows\system32\USER32.dll
0x000007feffaf0000 - 0x000007feffb57000 	C:\Windows\system32\GDI32.dll
0x000007fefe9c0000 - 0x000007fefe9ce000 	C:\Windows\system32\LPK.dll
0x000007feffb60000 - 0x000007feffc29000 	C:\Windows\system32\USP10.dll
0x000007fefc4b0000 - 0x000007fefc6a4000 	C:\Windows\WinSxS\amd64_microsoft.windows.common-controls_6595b64144ccf1df_6.0.7601.17514_none_fa396087175ac9ac\COMCTL32.dll
0x000007fefe4d0000 - 0x000007fefe541000 	C:\Windows\system32\SHLWAPI.dll
0x000007feff820000 - 0x000007feff84e000 	C:\Windows\system32\IMM32.DLL
0x000007fefe710000 - 0x000007fefe819000 	C:\Windows\system32\MSCTF.dll
0x0000000058210000 - 0x00000000582e2000 	C:\PROGRA~1\Java\JDK18~1.0_2\jre\bin\msvcr100.dll
0x00000000582f0000 - 0x0000000058b48000 	C:\PROGRA~1\Java\JDK18~1.0_2\jre\bin\server\jvm.dll
0x000007fefb920000 - 0x000007fefb929000 	C:\Windows\system32\WSOCK32.dll
0x000007feffaa0000 - 0x000007feffaed000 	C:\Windows\system32\WS2_32.dll
0x000007fefe820000 - 0x000007fefe828000 	C:\Windows\system32\NSI.dll
0x000007fefb4b0000 - 0x000007fefb4eb000 	C:\Windows\system32\WINMM.dll
0x0000000077d50000 - 0x0000000077d57000 	C:\Windows\system32\PSAPI.DLL
0x000000006d6d0000 - 0x000000006d6df000 	C:\PROGRA~1\Java\JDK18~1.0_2\jre\bin\verify.dll
0x000000006d470000 - 0x000000006d498000 	C:\PROGRA~1\Java\JDK18~1.0_2\jre\bin\java.dll
0x000000006d450000 - 0x000000006d466000 	C:\PROGRA~1\Java\JDK18~1.0_2\jre\bin\zip.dll
0x000007fefe9f0000 - 0x000007feff778000 	C:\Windows\system32\SHELL32.dll
0x000007feffc90000 - 0x000007feffe93000 	C:\Windows\system32\ole32.dll
0x000007fefd950000 - 0x000007fefd95f000 	C:\Windows\system32\profapi.dll

VM Arguments:
jvm_args: -Xmx1024M -Xss1m -Djava.ext.dirs=C:\Users\Esteban\AppData\Local\Android\android-studio\sdk\build-tools\android-4.4W\lib 
java_command: C:\Users\Esteban\AppData\Local\Android\android-studio\sdk\build-tools\android-4.4W\lib\dx.jar --dex --output C:\msysgit\26-11\CI-1430-MiBusCR\Buses\app\build\intermediates\pre-dexed\debug\classes-2e35d7d5c64922568875ae1a52012b5ba7449985.jar C:\msysgit\26-11\CI-1430-MiBusCR\Buses\app\build\intermediates\exploded-aar\com.android.support\appcompat-v7\20.0.0\classes.jar
java_class_path (initial): C:\Users\Esteban\AppData\Local\Android\android-studio\sdk\build-tools\android-4.4W\lib\dx.jar
Launcher Type: SUN_STANDARD

Environment Variables:
JAVA_HOME=C:\Program Files\Java\jdk1.8.0_20
CLASSPATH=.;C:\Program Files (x86)\Java\jre6\lib\ext\QTJava.zip
PATH=C:\ProgramData\Oracle\Java\javapath;C:\Program Files\Java\jdk1.8.0_20\bin;C:\Program Files (x86)\CodeBlocks\MinGW\bin;C:\RailsInstaller\Ruby1.9.3\bin
USERNAME=Esteban
OS=Windows_NT
PROCESSOR_IDENTIFIER=Intel64 Family 6 Model 37 Stepping 5, GenuineIntel



---------------  S Y S T E M  ---------------

OS: Windows 7 , 64 bit Build 7601 Service Pack 1

CPU:total 4 (2 cores per cpu, 2 threads per core) family 6 model 37 stepping 5, cmov, cx8, fxsr, mmx, sse, sse2, sse3, ssse3, sse4.1, sse4.2, popcnt, ht, tsc, tscinvbit

Memory: 4k page, physical 6148632k(499800k free), swap 9453000k(5024k free)

vm_info: Java HotSpot(TM) 64-Bit Server VM (25.20-b23) for windows-amd64 JRE (1.8.0_20-b26), built on Jul 30 2014 13:51:23 by "java_re" with MS VC++ 10.0 (VS2010)

time: Wed Nov 26 10:52:22 2014
elapsed time: 13 seconds (0d 0h 0m 13s)

