#
# There is insufficient memory for the Java Runtime Environment to continue.
# Native memory allocation (malloc) failed to allocate 65552 bytes for Chunk::new
# Possible reasons:
#   The system is out of physical RAM or swap space
#   In 32 bit mode, the process size limit was hit
# Possible solutions:
#   Reduce memory load on the system
#   Increase physical memory or swap space
#   Check if swap backing store is full
#   Use 64 bit Java on a 64 bit OS
#   Decrease Java heap size (-Xmx/-Xms)
#   Decrease number of Java threads
#   Decrease Java thread stack sizes (-Xss)
#   Set larger code cache with -XX:ReservedCodeCacheSize=
# This output file may be truncated or incomplete.
#
#  Out of Memory Error (allocation.cpp:390), pid=7220, tid=10048
#
# JRE version: Java(TM) SE Runtime Environment (8.0_20-b26) (build 1.8.0_20-b26)
# Java VM: Java HotSpot(TM) 64-Bit Server VM (25.20-b23 mixed mode windows-amd64 compressed oops)
# Failed to write core dump. Minidumps are not enabled by default on client versions of Windows
#

---------------  T H R E A D  ---------------

Current thread (0x0000000054dec000):  JavaThread "C2 CompilerThread1" daemon [_thread_in_native, id=10048, stack(0x0000000055d30000,0x0000000055e30000)]

Stack: [0x0000000055d30000,0x0000000055e30000]
Native frames: (J=compiled Java code, j=interpreted, Vv=VM code, C=native code)
V  [jvm.dll+0x3152fa]


Current CompileTask:
C2:  13149 1678       4       com.android.dx.ssa.SsaBasicBlock::newFromRop (183 bytes)


---------------  P R O C E S S  ---------------

Java Threads: ( => current thread )
  0x0000000056104000 JavaThread "Service Thread" daemon [_thread_blocked, id=6452, stack(0x0000000056cb0000,0x0000000056db0000)]
  0x0000000054def800 JavaThread "C1 CompilerThread2" daemon [_thread_blocked, id=9920, stack(0x0000000056ae0000,0x0000000056be0000)]
=>0x0000000054dec000 JavaThread "C2 CompilerThread1" daemon [_thread_in_native, id=10048, stack(0x0000000055d30000,0x0000000055e30000)]
  0x00000000560a1000 JavaThread "C2 CompilerThread0" daemon [_thread_in_vm, id=7404, stack(0x00000000568e0000,0x00000000569e0000)]
  0x0000000054de7800 JavaThread "Attach Listener" daemon [_thread_blocked, id=1584, stack(0x0000000056740000,0x0000000056840000)]
  0x0000000054de4800 JavaThread "Signal Dispatcher" daemon [_thread_blocked, id=5608, stack(0x0000000056600000,0x0000000056700000)]
  0x0000000054d80800 JavaThread "Finalizer" daemon [_thread_blocked, id=3916, stack(0x0000000055fa0000,0x00000000560a0000)]
  0x0000000054d7d800 JavaThread "Reference Handler" daemon [_thread_blocked, id=6552, stack(0x0000000055e30000,0x0000000055f30000)]
  0x0000000001f1f000 JavaThread "main" [_thread_in_Java, id=2548, stack(0x00000000020f0000,0x00000000021f0000)]

Other Threads:
  0x0000000054d77800 VMThread [stack: 0x0000000055bd0000,0x0000000055cd0000] [id=7652]
  0x0000000056122800 WatcherThread [stack: 0x0000000056ec0000,0x0000000056fc0000] [id=3388]

VM state:not at safepoint (normal execution)

VM Mutex/Monitor currently owned by a thread: None

Heap:
 PSYoungGen      total 52736K, used 8456K [0x00000000eab00000, 0x00000000ee200000, 0x0000000100000000)
  eden space 49152K, 9% used [0x00000000eab00000,0x00000000eafc5568,0x00000000edb00000)
  from space 3584K, 99% used [0x00000000ede80000,0x00000000ee1fcc00,0x00000000ee200000)
  to   space 3584K, 0% used [0x00000000edb00000,0x00000000edb00000,0x00000000ede80000)
 ParOldGen       total 64512K, used 13150K [0x00000000c0000000, 0x00000000c3f00000, 0x00000000eab00000)
  object space 64512K, 20% used [0x00000000c0000000,0x00000000c0cd78f0,0x00000000c3f00000)
 Metaspace       used 5481K, capacity 6832K, committed 7040K, reserved 1056768K
  class space    used 536K, capacity 616K, committed 640K, reserved 1048576K

Card table byte_map: [0x0000000011880000,0x0000000011a90000] byte_map_base: 0x0000000011280000

Marking Bits: (ParMarkBitMap*) 0x0000000058acb460
 Begin Bits: [0x00000000121f0000, 0x00000000131f0000)
 End Bits:   [0x00000000131f0000, 0x00000000141f0000)

Polling page: 0x0000000000110000

CodeCache: size=245760Kb used=6738Kb max_used=6748Kb free=239021Kb
 bounds [0x00000000024c0000, 0x0000000002b70000, 0x00000000114c0000]
 total_blobs=1898 nmethods=1640 adapters=173
 compilation: enabled

Compilation events (10 events):
Event: 13.113 Thread 0x0000000054dec000 nmethod 1673 0x0000000002b42e90 code [0x0000000002b43000, 0x0000000002b43378]
Event: 13.114 Thread 0x00000000560a1000 nmethod 1672 0x0000000002b446d0 code [0x0000000002b44860, 0x0000000002b44ca8]
Event: 13.116 Thread 0x0000000054dec000 1674       4       com.android.dx.ssa.back.FirstFitLocalCombiningAllocator$1::visitNonMoveInsn (6 bytes)
Event: 13.117 Thread 0x0000000054dec000 nmethod 1674 0x0000000002ac71d0 code [0x0000000002ac7320, 0x0000000002ac7388]
Event: 13.117 Thread 0x0000000054def800 1675       1       com.android.dx.rop.cst.TypedConstant::getFrameType (2 bytes)
Event: 13.118 Thread 0x0000000054def800 nmethod 1675 0x0000000002b23190 code [0x0000000002b232e0, 0x0000000002b233f0]
Event: 13.118 Thread 0x0000000054def800 1676       1       com.android.dx.rop.cst.CstKnownNull::hashCode (3 bytes)
Event: 13.118 Thread 0x0000000054def800 nmethod 1676 0x0000000002ae3b50 code [0x0000000002ae3ca0, 0x0000000002ae3db0]
Event: 13.118 Thread 0x00000000560a1000 1677       4       com.android.dx.dex.code.RopToDop::dopFor (792 bytes)
Event: 13.119 Thread 0x0000000054dec000 1678       4       com.android.dx.ssa.SsaBasicBlock::newFromRop (183 bytes)

GC Heap History (8 events):
Event: 3.612 GC heap before
{Heap before GC invocations=1 (full 0):
 PSYoungGen      total 28160K, used 24576K [0x00000000eab00000, 0x00000000eca00000, 0x0000000100000000)
  eden space 24576K, 100% used [0x00000000eab00000,0x00000000ec300000,0x00000000ec300000)
  from space 3584K, 0% used [0x00000000ec680000,0x00000000ec680000,0x00000000eca00000)
  to   space 3584K, 0% used [0x00000000ec300000,0x00000000ec300000,0x00000000ec680000)
 ParOldGen       total 64512K, used 0K [0x00000000c0000000, 0x00000000c3f00000, 0x00000000eab00000)
  object space 64512K, 0% used [0x00000000c0000000,0x00000000c0000000,0x00000000c3f00000)
 Metaspace       used 5248K, capacity 6640K, committed 6784K, reserved 1056768K
  class space    used 533K, capacity 616K, committed 640K, reserved 1048576K
Event: 3.639 GC heap after
Heap after GC invocations=1 (full 0):
 PSYoungGen      total 28160K, used 3575K [0x00000000eab00000, 0x00000000eca00000, 0x0000000100000000)
  eden space 24576K, 0% used [0x00000000eab00000,0x00000000eab00000,0x00000000ec300000)
  from space 3584K, 99% used [0x00000000ec300000,0x00000000ec67dc78,0x00000000ec680000)
  to   space 3584K, 0% used [0x00000000ec680000,0x00000000ec680000,0x00000000eca00000)
 ParOldGen       total 64512K, used 2024K [0x00000000c0000000, 0x00000000c3f00000, 0x00000000eab00000)
  object space 64512K, 3% used [0x00000000c0000000,0x00000000c01fa298,0x00000000c3f00000)
 Metaspace       used 5248K, capacity 6640K, committed 6784K, reserved 1056768K
  class space    used 533K, capacity 616K, committed 640K, reserved 1048576K
}
Event: 4.436 GC heap before
{Heap before GC invocations=2 (full 0):
 PSYoungGen      total 28160K, used 28151K [0x00000000eab00000, 0x00000000eca00000, 0x0000000100000000)
  eden space 24576K, 100% used [0x00000000eab00000,0x00000000ec300000,0x00000000ec300000)
  from space 3584K, 99% used [0x00000000ec300000,0x00000000ec67dc78,0x00000000ec680000)
  to   space 3584K, 0% used [0x00000000ec680000,0x00000000ec680000,0x00000000eca00000)
 ParOldGen       total 64512K, used 2024K [0x00000000c0000000, 0x00000000c3f00000, 0x00000000eab00000)
  object space 64512K, 3% used [0x00000000c0000000,0x00000000c01fa298,0x00000000c3f00000)
 Metaspace       used 5374K, capacity 6704K, committed 6784K, reserved 1056768K
  class space    used 536K, capacity 616K, committed 640K, reserved 1048576K
Event: 6.416 GC heap after
Heap after GC invocations=2 (full 0):
 PSYoungGen      total 28160K, used 3576K [0x00000000eab00000, 0x00000000ee200000, 0x0000000100000000)
  eden space 24576K, 0% used [0x00000000eab00000,0x00000000eab00000,0x00000000ec300000)
  from space 3584K, 99% used [0x00000000ec680000,0x00000000ec9fe2b0,0x00000000eca00000)
  to   space 3584K, 0% used [0x00000000ec300000,0x00000000ec300000,0x00000000ec680000)
 ParOldGen       total 64512K, used 5336K [0x00000000c0000000, 0x00000000c3f00000, 0x00000000eab00000)
  object space 64512K, 8% used [0x00000000c0000000,0x00000000c0536110,0x00000000c3f00000)
 Metaspace       used 5374K, capacity 6704K, committed 6784K, reserved 1056768K
  class space    used 536K, capacity 616K, committed 640K, reserved 1048576K
}
Event: 6.911 GC heap before
{Heap before GC invocations=3 (full 0):
 PSYoungGen      total 28160K, used 28152K [0x00000000eab00000, 0x00000000ee200000, 0x0000000100000000)
  eden space 24576K, 100% used [0x00000000eab00000,0x00000000ec300000,0x00000000ec300000)
  from space 3584K, 99% used [0x00000000ec680000,0x00000000ec9fe2b0,0x00000000eca00000)
  to   space 3584K, 0% used [0x00000000ec300000,0x00000000ec300000,0x00000000ec680000)
 ParOldGen       total 64512K, used 5336K [0x00000000c0000000, 0x00000000c3f00000, 0x00000000eab00000)
  object space 64512K, 8% used [0x00000000c0000000,0x00000000c0536110,0x00000000c3f00000)
 Metaspace       used 5470K, capacity 6832K, committed 7040K, reserved 1056768K
  class space    used 536K, capacity 616K, committed 640K, reserved 1048576K
Event: 8.822 GC heap after
Heap after GC invocations=3 (full 0):
 PSYoungGen      total 28160K, used 3571K [0x00000000eab00000, 0x00000000ee200000, 0x0000000100000000)
  eden space 24576K, 0% used [0x00000000eab00000,0x00000000eab00000,0x00000000ec300000)
  from space 3584K, 99% used [0x00000000ec300000,0x00000000ec67cc00,0x00000000ec680000)
  to   space 3584K, 0% used [0x00000000ede80000,0x00000000ede80000,0x00000000ee200000)
 ParOldGen       total 64512K, used 9315K [0x00000000c0000000, 0x00000000c3f00000, 0x00000000eab00000)
  object space 64512K, 14% used [0x00000000c0000000,0x00000000c0918c00,0x00000000c3f00000)
 Metaspace       used 5470K, capacity 6832K, committed 7040K, reserved 1056768K
  class space    used 536K, capacity 616K, committed 640K, reserved 1048576K
}
Event: 9.386 GC heap before
{Heap before GC invocations=4 (full 0):
 PSYoungGen      total 28160K, used 28147K [0x00000000eab00000, 0x00000000ee200000, 0x0000000100000000)
  eden space 24576K, 100% used [0x00000000eab00000,0x00000000ec300000,0x00000000ec300000)
  from space 3584K, 99% used [0x00000000ec300000,0x00000000ec67cc00,0x00000000ec680000)
  to   space 3584K, 0% used [0x00000000ede80000,0x00000000ede80000,0x00000000ee200000)
 ParOldGen       total 64512K, used 9315K [0x00000000c0000000, 0x00000000c3f00000, 0x00000000eab00000)
  object space 64512K, 14% used [0x00000000c0000000,0x00000000c0918c00,0x00000000c3f00000)
 Metaspace       used 5480K, capacity 6832K, committed 7040K, reserved 1056768K
  class space    used 536K, capacity 616K, committed 640K, reserved 1048576K
Event: 10.718 GC heap after
Heap after GC invocations=4 (full 0):
 PSYoungGen      total 52736K, used 3571K [0x00000000eab00000, 0x00000000ee200000, 0x0000000100000000)
  eden space 49152K, 0% used [0x00000000eab00000,0x00000000eab00000,0x00000000edb00000)
  from space 3584K, 99% used [0x00000000ede80000,0x00000000ee1fcc00,0x00000000ee200000)
  to   space 3584K, 0% used [0x00000000edb00000,0x00000000edb00000,0x00000000ede80000)
 ParOldGen       total 64512K, used 13150K [0x00000000c0000000, 0x00000000c3f00000, 0x00000000eab00000)
  object space 64512K, 20% used [0x00000000c0000000,0x00000000c0cd78f0,0x00000000c3f00000)
 Metaspace       used 5480K, capacity 6832K, committed 7040K, reserved 1056768K
  class space    used 536K, capacity 616K, committed 640K, reserved 1048576K
}

Deoptimization events (10 events):
Event: 2.767 Thread 0x0000000001f1f000 Uncommon trap: reason=null_check action=make_not_entrant pc=0x00000000027e5d38 method=com.android.dx.ssa.SsaRenamer.getLocalForNewReg(I)Lcom/android/dx/rop/code/LocalItem; @ 19
Event: 3.525 Thread 0x0000000001f1f000 Uncommon trap: reason=class_check action=maybe_recompile pc=0x00000000028cceb0 method=com.android.dx.ssa.NormalSsaInsn.accept(Lcom/android/dx/ssa/SsaInsn$Visitor;)V @ 9
Event: 3.664 Thread 0x0000000001f1f000 Uncommon trap: reason=class_check action=maybe_recompile pc=0x00000000028cceb0 method=com.android.dx.ssa.NormalSsaInsn.accept(Lcom/android/dx/ssa/SsaInsn$Visitor;)V @ 9
Event: 3.784 Thread 0x0000000001f1f000 Uncommon trap: reason=class_check action=maybe_recompile pc=0x00000000028cceb0 method=com.android.dx.ssa.NormalSsaInsn.accept(Lcom/android/dx/ssa/SsaInsn$Visitor;)V @ 9
Event: 3.784 Thread 0x0000000001f1f000 Uncommon trap: reason=class_check action=maybe_recompile pc=0x0000000002751aa0 method=com.android.dx.ssa.NormalSsaInsn.accept(Lcom/android/dx/ssa/SsaInsn$Visitor;)V @ 9
Event: 3.790 Thread 0x0000000001f1f000 Uncommon trap: reason=class_check action=maybe_recompile pc=0x00000000028cceb0 method=com.android.dx.ssa.NormalSsaInsn.accept(Lcom/android/dx/ssa/SsaInsn$Visitor;)V @ 9
Event: 3.798 Thread 0x0000000001f1f000 Uncommon trap: reason=null_check action=make_not_entrant pc=0x000000000287b190 method=com.android.dx.rop.type.Type.equals(Ljava/lang/Object;)Z @ 8
Event: 6.518 Thread 0x0000000001f1f000 Uncommon trap: reason=uninitialized action=reinterpret pc=0x00000000029fc058 method=com.android.dx.cf.code.BytecodeArray.parseInstruction(ILcom/android/dx/cf/code/BytecodeArray$Visitor;)I @ 999
Event: 6.578 Thread 0x0000000001f1f000 Uncommon trap: reason=unreached action=reinterpret pc=0x00000000027d5244 method=com.android.dx.rop.cst.Constant.compareTo(Lcom/android/dx/rop/cst/Constant;)I @ 12
Event: 8.916 Thread 0x0000000001f1f000 Uncommon trap: reason=class_check action=maybe_recompile pc=0x0000000002a9380c method=com.android.dx.rop.code.RegisterSpec.withSimpleType()Lcom/android/dx/rop/code/RegisterSpec; @ 21

Internal exceptions (4 events):
Event: 0.088 Thread 0x0000000001f1f000 Exception <a 'java/lang/NoSuchMethodError': Method sun.misc.Unsafe.defineClass(Ljava/lang/String;[BII)Ljava/lang/Class; name or signature does not match> (0x00000000eab0c550) thrown at [D:\re\workspace\8-2-build-windows-amd64-cygwin\jdk8u20\1074\hotspot\srý‹õ§£•¶?
Event: 0.088 Thread 0x0000000001f1f000 Exception <a 'java/lang/NoSuchMethodError': Method sun.misc.Unsafe.prefetchRead(Ljava/lang/Object;J)V name or signature does not match> (0x00000000eab0c7e0) thrown at [D:\re\workspace\8-2-build-windows-amd64-cygwin\jdk8u20\1074\hotspot\src\share\vm\prims\jä2Di#@
Event: 2.767 Thread 0x0000000001f1f000 Implicit null exception at 0x00000000027e3ad1 to 0x00000000027e5d11
Event: 3.798 Thread 0x0000000001f1f000 Implicit null exception at 0x000000000287b092 to 0x000000000287b182

Events (10 events):
Event: 8.867 Thread 0x0000000001f1f000 DEOPT UNPACKING pc=0x00000000025071bf sp=0x00000000021ee718 mode 0
Event: 8.916 Thread 0x0000000001f1f000 Uncommon trap: trap_request=0xffffffde fr.pc=0x0000000002a9380c
Event: 8.916 Thread 0x0000000001f1f000 DEOPT PACKING pc=0x0000000002a9380c sp=0x00000000021eeb80
Event: 8.916 Thread 0x0000000001f1f000 DEOPT UNPACKING pc=0x000000000250556a sp=0x00000000021eeae8 mode 2
Event: 9.187 Thread 0x0000000001f1f000 DEOPT PACKING pc=0x000000000279ae6b sp=0x00000000021ee950
Event: 9.187 Thread 0x0000000001f1f000 DEOPT UNPACKING pc=0x00000000025071bf sp=0x00000000021ee718 mode 0
Event: 9.240 Thread 0x0000000001f1f000 DEOPT PACKING pc=0x000000000279ab99 sp=0x00000000021ee950
Event: 9.240 Thread 0x0000000001f1f000 DEOPT UNPACKING pc=0x00000000025071bf sp=0x00000000021ee718 mode 0
Event: 9.386 Executing VM operation: ParallelGCFailedAllocation
Event: 10.719 Executing VM operation: ParallelGCFailedAllocation done


Dynamic libraries:
0x000000013f520000 - 0x000000013f554000 	C:\PROGRA~1\Java\JDK18~1.0_2\bin\java.exe
0x0000000077b90000 - 0x0000000077d39000 	C:\Windows\SYSTEM32\ntdll.dll
0x0000000077a70000 - 0x0000000077b8f000 	C:\Windows\system32\kernel32.dll
0x000007fefd980000 - 0x000007fefd9ec000 	C:\Windows\system32\KERNELBASE.dll
0x000007fefe550000 - 0x000007fefe62b000 	C:\Windows\system32\ADVAPI32.dll
0x000007fefe140000 - 0x000007fefe1df000 	C:\Windows\system32\msvcrt.dll
0x000007fefe9d0000 - 0x000007fefe9ef000 	C:\Windows\SYSTEM32\sechost.dll
0x000007feff850000 - 0x000007feff97d000 	C:\Windows\system32\RPCRT4.dll
0x0000000077970000 - 0x0000000077a6a000 	C:\Windows\system32\USER32.dll
0x000007feffaf0000 - 0x000007feffb57000 	C:\Windows\system32\GDI32.dll
0x000007fefe9c0000 - 0x000007fefe9ce000 	C:\Windows\system32\LPK.dll
0x000007feffb60000 - 0x000007feffc29000 	C:\Windows\system32\USP10.dll
0x000007fefc4b0000 - 0x000007fefc6a4000 	C:\Windows\WinSxS\amd64_microsoft.windows.common-controls_6595b64144ccf1df_6.0.7601.17514_none_fa396087175ac9ac\COMCTL32.dll
0x000007fefe4d0000 - 0x000007fefe541000 	C:\Windows\system32\SHLWAPI.dll
0x000007feff820000 - 0x000007feff84e000 	C:\Windows\system32\IMM32.DLL
0x000007fefe710000 - 0x000007fefe819000 	C:\Windows\system32\MSCTF.dll
0x0000000058210000 - 0x00000000582e2000 	C:\PROGRA~1\Java\JDK18~1.0_2\jre\bin\msvcr100.dll
0x00000000582f0000 - 0x0000000058b48000 	C:\PROGRA~1\Java\JDK18~1.0_2\jre\bin\server\jvm.dll
0x000007fefb920000 - 0x000007fefb929000 	C:\Windows\system32\WSOCK32.dll
0x000007feffaa0000 - 0x000007feffaed000 	C:\Windows\system32\WS2_32.dll
0x000007fefe820000 - 0x000007fefe828000 	C:\Windows\system32\NSI.dll
0x000007fefb4b0000 - 0x000007fefb4eb000 	C:\Windows\system32\WINMM.dll
0x0000000077d50000 - 0x0000000077d57000 	C:\Windows\system32\PSAPI.DLL
0x000000006d6d0000 - 0x000000006d6df000 	C:\PROGRA~1\Java\JDK18~1.0_2\jre\bin\verify.dll
0x000000006d470000 - 0x000000006d498000 	C:\PROGRA~1\Java\JDK18~1.0_2\jre\bin\java.dll
0x000000006d450000 - 0x000000006d466000 	C:\PROGRA~1\Java\JDK18~1.0_2\jre\bin\zip.dll
0x000007fefe9f0000 - 0x000007feff778000 	C:\Windows\system32\SHELL32.dll
0x000007feffc90000 - 0x000007feffe93000 	C:\Windows\system32\ole32.dll
0x000007fefd950000 - 0x000007fefd95f000 	C:\Windows\system32\profapi.dll

VM Arguments:
jvm_args: -Xmx1024M -Xss1m -Djava.ext.dirs=C:\Users\Esteban\AppData\Local\Android\android-studio\sdk\build-tools\android-4.4W\lib 
java_command: C:\Users\Esteban\AppData\Local\Android\android-studio\sdk\build-tools\android-4.4W\lib\dx.jar --dex --output C:\msysgit\26-11\CI-1430-MiBusCR\Buses\app\build\intermediates\pre-dexed\debug\firebase-client-jvm-1.0.18-0ad7c72af977b6d0a1ea90d45951a8ca29cea4ef.jar C:\msysgit\26-11\CI-1430-MiBusCR\Buses\app\libs\firebase-client-jvm-1.0.18.jar
java_class_path (initial): C:\Users\Esteban\AppData\Local\Android\android-studio\sdk\build-tools\android-4.4W\lib\dx.jar
Launcher Type: SUN_STANDARD

Environment Variables:
JAVA_HOME=C:\Program Files\Java\jdk1.8.0_20
CLASSPATH=.;C:\Program Files (x86)\Java\jre6\lib\ext\QTJava.zip
PATH=C:\ProgramData\Oracle\Java\javapath;C:\Program Files\Java\jdk1.8.0_20\bin;C:\Program Files (x86)\CodeBlocks\MinGW\bin;C:\RailsInstaller\Ruby1.9.3\bin
USERNAME=Esteban
OS=Windows_NT
PROCESSOR_IDENTIFIER=Intel64 Family 6 Model 37 Stepping 5, GenuineIntel



---------------  S Y S T E M  ---------------

OS: Windows 7 , 64 bit Build 7601 Service Pack 1

CPU:total 4 (2 cores per cpu, 2 threads per core) family 6 model 37 stepping 5, cmov, cx8, fxsr, mmx, sse, sse2, sse3, ssse3, sse4.1, sse4.2, popcnt, ht, tsc, tscinvbit

Memory: 4k page, physical 6148632k(499800k free), swap 9453000k(5024k free)

vm_info: Java HotSpot(TM) 64-Bit Server VM (25.20-b23) for windows-amd64 JRE (1.8.0_20-b26), built on Jul 30 2014 13:51:23 by "java_re" with MS VC++ 10.0 (VS2010)

time: Wed Nov 26 10:52:22 2014
elapsed time: 13 seconds (0d 0h 0m 13s)

