#
# There is insufficient memory for the Java Runtime Environment to continue.
# Native memory allocation (malloc) failed to allocate 32744 bytes for ChunkPool::allocate
# Possible reasons:
#   The system is out of physical RAM or swap space
#   In 32 bit mode, the process size limit was hit
# Possible solutions:
#   Reduce memory load on the system
#   Increase physical memory or swap space
#   Check if swap backing store is full
#   Use 64 bit Java on a 64 bit OS
#   Decrease Java heap size (-Xmx/-Xms)
#   Decrease number of Java threads
#   Decrease Java thread stack sizes (-Xss)
#   Set larger code cache with -XX:ReservedCodeCacheSize=
# This output file may be truncated or incomplete.
#
#  Out of Memory Error (allocation.cpp:273), pid=6168, tid=3376
#
# JRE version: Java(TM) SE Runtime Environment (8.0_20-b26) (build 1.8.0_20-b26)
# Java VM: Java HotSpot(TM) 64-Bit Server VM (25.20-b23 mixed mode windows-amd64 compressed oops)
# Failed to write core dump. Minidumps are not enabled by default on client versions of Windows
#

---------------  T H R E A D  ---------------

Current thread (0x0000000054d6e800):  JavaThread "C2 CompilerThread1" daemon [_thread_in_native, id=3376, stack(0x0000000056ba0000,0x0000000056ca0000)]

Stack: [0x0000000056ba0000,0x0000000056ca0000]
Native frames: (J=compiled Java code, j=interpreted, Vv=VM code, C=native code)
V  [jvm.dll+0x3152fa]


Current CompileTask:
C2:  12036 1619   !   4       com.android.dx.cf.cst.ConstantPoolParser::parse0 (731 bytes)


---------------  P R O C E S S  ---------------

Java Threads: ( => current thread )
  0x0000000056161000 JavaThread "Service Thread" daemon [_thread_blocked, id=9428, stack(0x0000000056d00000,0x0000000056e00000)]
  0x00000000560ff800 JavaThread "C1 CompilerThread2" daemon [_thread_blocked, id=9092, stack(0x0000000056830000,0x0000000056930000)]
=>0x0000000054d6e800 JavaThread "C2 CompilerThread1" daemon [_thread_in_native, id=3376, stack(0x0000000056ba0000,0x0000000056ca0000)]
  0x0000000054d6c000 JavaThread "C2 CompilerThread0" daemon [_thread_in_native, id=5732, stack(0x00000000569b0000,0x0000000056ab0000)]
  0x0000000054d6b000 JavaThread "Attach Listener" daemon [_thread_blocked, id=7912, stack(0x0000000056700000,0x0000000056800000)]
  0x0000000054d68000 JavaThread "Signal Dispatcher" daemon [_thread_blocked, id=4864, stack(0x00000000564f0000,0x00000000565f0000)]
  0x0000000054d00800 JavaThread "Finalizer" daemon [_thread_blocked, id=4312, stack(0x0000000055ff0000,0x00000000560f0000)]
  0x0000000054cfd000 JavaThread "Reference Handler" daemon [_thread_blocked, id=6728, stack(0x0000000055cc0000,0x0000000055dc0000)]
  0x0000000001e1f000 JavaThread "main" [_thread_in_native, id=10272, stack(0x0000000001f90000,0x0000000002090000)]

Other Threads:
  0x0000000054cf7000 VMThread [stack: 0x0000000055e40000,0x0000000055f40000] [id=7968]
  0x0000000056164000 WatcherThread [stack: 0x0000000056f90000,0x0000000057090000] [id=10828]

VM state:not at safepoint (normal execution)

VM Mutex/Monitor currently owned by a thread: None

Heap:
 PSYoungGen      total 52736K, used 7486K [0x00000000eab00000, 0x00000000ee200000, 0x0000000100000000)
  eden space 49152K, 7% used [0x00000000eab00000,0x00000000eaed0ec8,0x00000000edb00000)
  from space 3584K, 99% used [0x00000000edb00000,0x00000000ede7e950,0x00000000ede80000)
  to   space 3584K, 0% used [0x00000000ede80000,0x00000000ede80000,0x00000000ee200000)
 ParOldGen       total 64512K, used 13068K [0x00000000c0000000, 0x00000000c3f00000, 0x00000000eab00000)
  object space 64512K, 20% used [0x00000000c0000000,0x00000000c0cc3380,0x00000000c3f00000)
 Metaspace       used 5486K, capacity 6832K, committed 7040K, reserved 1056768K
  class space    used 536K, capacity 616K, committed 640K, reserved 1048576K

Card table byte_map: [0x0000000011720000,0x0000000011930000] byte_map_base: 0x0000000011120000

Marking Bits: (ParMarkBitMap*) 0x0000000058acb460
 Begin Bits: [0x0000000012170000, 0x0000000013170000)
 End Bits:   [0x0000000013170000, 0x0000000014170000)

Polling page: 0x0000000000310000

CodeCache: size=245760Kb used=7138Kb max_used=7152Kb free=238621Kb
 bounds [0x0000000002360000, 0x0000000002a70000, 0x0000000011360000]
 total_blobs=1908 nmethods=1650 adapters=173
 compilation: enabled

Compilation events (10 events):
Event: 9.178 Thread 0x00000000560ff800 1677       2       com.android.dx.ssa.PhiInsn::updateSourcesToDefinitions (68 bytes)
Event: 9.179 Thread 0x00000000560ff800 nmethod 1677 0x0000000002a4c2d0 code [0x0000000002a4c480, 0x0000000002a4c838]
Event: 11.504 Thread 0x0000000054d6c000 nmethod 1612 0x0000000002a53210 code [0x0000000002a536c0, 0x0000000002a56f40]
Event: 11.505 Thread 0x0000000054d6c000 1631       4       java.util.ArrayList::remove (77 bytes)
Event: 11.515 Thread 0x0000000054d6c000 nmethod 1631 0x0000000002a4fbd0 code [0x0000000002a4fd20, 0x0000000002a500b8]
Event: 11.515 Thread 0x0000000054d6c000 1636       4       com.android.dx.ssa.SsaMethod::getUseListCopy (56 bytes)
Event: 11.526 Thread 0x0000000054d6c000 nmethod 1636 0x0000000002a4d550 code [0x0000000002a4d6c0, 0x0000000002a4dbe8]
Event: 11.526 Thread 0x0000000054d6c000 1621       4       com.android.dx.ssa.SsaConverter::placePhiFunctions (394 bytes)
Event: 11.622 Thread 0x00000000560ff800 1679       2       com.android.dx.ssa.back.FirstFitLocalCombiningAllocator::processPhiInsn (255 bytes)
Event: 11.625 Thread 0x00000000560ff800 nmethod 1679 0x0000000002a51450 code [0x0000000002a516e0, 0x0000000002a521f8]

GC Heap History (6 events):
Event: 3.760 GC heap before
{Heap before GC invocations=1 (full 0):
 PSYoungGen      total 28160K, used 24576K [0x00000000eab00000, 0x00000000eca00000, 0x0000000100000000)
  eden space 24576K, 100% used [0x00000000eab00000,0x00000000ec300000,0x00000000ec300000)
  from space 3584K, 0% used [0x00000000ec680000,0x00000000ec680000,0x00000000eca00000)
  to   space 3584K, 0% used [0x00000000ec300000,0x00000000ec300000,0x00000000ec680000)
 ParOldGen       total 64512K, used 0K [0x00000000c0000000, 0x00000000c3f00000, 0x00000000eab00000)
  object space 64512K, 0% used [0x00000000c0000000,0x00000000c0000000,0x00000000c3f00000)
 Metaspace       used 5252K, capacity 6640K, committed 6784K, reserved 1056768K
  class space    used 533K, capacity 616K, committed 640K, reserved 1048576K
Event: 4.126 GC heap after
Heap after GC invocations=1 (full 0):
 PSYoungGen      total 28160K, used 3562K [0x00000000eab00000, 0x00000000ee200000, 0x0000000100000000)
  eden space 24576K, 0% used [0x00000000eab00000,0x00000000eab00000,0x00000000ec300000)
  from space 3584K, 99% used [0x00000000ec300000,0x00000000ec67aa90,0x00000000ec680000)
  to   space 3584K, 0% used [0x00000000ede80000,0x00000000ede80000,0x00000000ee200000)
 ParOldGen       total 64512K, used 2017K [0x00000000c0000000, 0x00000000c3f00000, 0x00000000eab00000)
  object space 64512K, 3% used [0x00000000c0000000,0x00000000c01f8410,0x00000000c3f00000)
 Metaspace       used 5252K, capacity 6640K, committed 6784K, reserved 1056768K
  class space    used 533K, capacity 616K, committed 640K, reserved 1048576K
}
Event: 5.366 GC heap before
{Heap before GC invocations=2 (full 0):
 PSYoungGen      total 28160K, used 28138K [0x00000000eab00000, 0x00000000ee200000, 0x0000000100000000)
  eden space 24576K, 100% used [0x00000000eab00000,0x00000000ec300000,0x00000000ec300000)
  from space 3584K, 99% used [0x00000000ec300000,0x00000000ec67aa90,0x00000000ec680000)
  to   space 3584K, 0% used [0x00000000ede80000,0x00000000ede80000,0x00000000ee200000)
 ParOldGen       total 64512K, used 2017K [0x00000000c0000000, 0x00000000c3f00000, 0x00000000eab00000)
  object space 64512K, 3% used [0x00000000c0000000,0x00000000c01f8410,0x00000000c3f00000)
 Metaspace       used 5424K, capacity 6768K, committed 7040K, reserved 1056768K
  class space    used 536K, capacity 616K, committed 640K, reserved 1048576K
Event: 6.216 GC heap after
Heap after GC invocations=2 (full 0):
 PSYoungGen      total 52736K, used 3555K [0x00000000eab00000, 0x00000000ee200000, 0x0000000100000000)
  eden space 49152K, 0% used [0x00000000eab00000,0x00000000eab00000,0x00000000edb00000)
  from space 3584K, 99% used [0x00000000ede80000,0x00000000ee1f8d40,0x00000000ee200000)
  to   space 3584K, 0% used [0x00000000edb00000,0x00000000edb00000,0x00000000ede80000)
 ParOldGen       total 64512K, used 5399K [0x00000000c0000000, 0x00000000c3f00000, 0x00000000eab00000)
  object space 64512K, 8% used [0x00000000c0000000,0x00000000c0545d60,0x00000000c3f00000)
 Metaspace       used 5424K, capacity 6768K, committed 7040K, reserved 1056768K
  class space    used 536K, capacity 616K, committed 640K, reserved 1048576K
}
Event: 9.180 GC heap before
{Heap before GC invocations=3 (full 0):
 PSYoungGen      total 52736K, used 52707K [0x00000000eab00000, 0x00000000ee200000, 0x0000000100000000)
  eden space 49152K, 100% used [0x00000000eab00000,0x00000000edb00000,0x00000000edb00000)
  from space 3584K, 99% used [0x00000000ede80000,0x00000000ee1f8d40,0x00000000ee200000)
  to   space 3584K, 0% used [0x00000000edb00000,0x00000000edb00000,0x00000000ede80000)
 ParOldGen       total 64512K, used 5399K [0x00000000c0000000, 0x00000000c3f00000, 0x00000000eab00000)
  object space 64512K, 8% used [0x00000000c0000000,0x00000000c0545d60,0x00000000c3f00000)
 Metaspace       used 5486K, capacity 6832K, committed 7040K, reserved 1056768K
  class space    used 536K, capacity 616K, committed 640K, reserved 1048576K
Event: 11.492 GC heap after
Heap after GC invocations=3 (full 0):
 PSYoungGen      total 52736K, used 3578K [0x00000000eab00000, 0x00000000ee200000, 0x0000000100000000)
  eden space 49152K, 0% used [0x00000000eab00000,0x00000000eab00000,0x00000000edb00000)
  from space 3584K, 99% used [0x00000000edb00000,0x00000000ede7e950,0x00000000ede80000)
  to   space 3584K, 0% used [0x00000000ede80000,0x00000000ede80000,0x00000000ee200000)
 ParOldGen       total 64512K, used 13068K [0x00000000c0000000, 0x00000000c3f00000, 0x00000000eab00000)
  object space 64512K, 20% used [0x00000000c0000000,0x00000000c0cc3380,0x00000000c3f00000)
 Metaspace       used 5486K, capacity 6832K, committed 7040K, reserved 1056768K
  class space    used 536K, capacity 616K, committed 640K, reserved 1048576K
}

Deoptimization events (10 events):
Event: 4.141 Thread 0x0000000001e1f000 Uncommon trap: reason=class_check action=maybe_recompile pc=0x00000000027220e0 method=com.android.dx.ssa.NormalSsaInsn.accept(Lcom/android/dx/ssa/SsaInsn$Visitor;)V @ 9
Event: 4.623 Thread 0x0000000001e1f000 Uncommon trap: reason=class_check action=maybe_recompile pc=0x00000000027220e0 method=com.android.dx.ssa.NormalSsaInsn.accept(Lcom/android/dx/ssa/SsaInsn$Visitor;)V @ 9
Event: 4.623 Thread 0x0000000001e1f000 Uncommon trap: reason=class_check action=maybe_recompile pc=0x00000000025df4a0 method=com.android.dx.ssa.NormalSsaInsn.accept(Lcom/android/dx/ssa/SsaInsn$Visitor;)V @ 9
Event: 4.927 Thread 0x0000000001e1f000 Uncommon trap: reason=class_check action=maybe_recompile pc=0x00000000027220e0 method=com.android.dx.ssa.NormalSsaInsn.accept(Lcom/android/dx/ssa/SsaInsn$Visitor;)V @ 9
Event: 4.935 Thread 0x0000000001e1f000 Uncommon trap: reason=null_check action=make_not_entrant pc=0x0000000002888190 method=com.android.dx.rop.type.Type.equals(Ljava/lang/Object;)Z @ 8
Event: 5.344 Thread 0x0000000001e1f000 Uncommon trap: reason=unloaded action=reinterpret pc=0x000000000282ab20 method=com.android.dx.cf.cst.ConstantPoolParser.parse0(ILjava/util/BitSet;)Lcom/android/dx/rop/cst/Constant; @ 198
Event: 8.034 Thread 0x0000000001e1f000 Uncommon trap: reason=uninitialized action=reinterpret pc=0x00000000028d1c20 method=com.android.dx.cf.code.BytecodeArray.parseInstruction(ILcom/android/dx/cf/code/BytecodeArray$Visitor;)I @ 999
Event: 8.078 Thread 0x0000000001e1f000 Uncommon trap: reason=unreached action=reinterpret pc=0x000000000277eec4 method=com.android.dx.rop.cst.Constant.compareTo(Lcom/android/dx/rop/cst/Constant;)I @ 12
Event: 8.847 Thread 0x0000000001e1f000 Uncommon trap: reason=class_check action=maybe_recompile pc=0x0000000002960fa4 method=com.android.dx.rop.code.RegisterSpec.withSimpleType()Lcom/android/dx/rop/code/RegisterSpec; @ 21
Event: 9.136 Thread 0x0000000001e1f000 Uncommon trap: reason=unreached action=reinterpret pc=0x000000000299bab4 method=com.android.dx.cf.code.RopperMachine.jopToRopOpcode(ILcom/android/dx/rop/cst/Constant;)I @ 950

Internal exceptions (4 events):
Event: 0.048 Thread 0x0000000001e1f000 Exception <a 'java/lang/NoSuchMethodError': Method sun.misc.Unsafe.defineClass(Ljava/lang/String;[BII)Ljava/lang/Class; name or signature does not match> (0x00000000eab0c550) thrown at [D:\re\workspace\8-2-build-windows-amd64-cygwin\jdk8u20\1074\hotspot\srJGCa@ле?
Event: 0.048 Thread 0x0000000001e1f000 Exception <a 'java/lang/NoSuchMethodError': Method sun.misc.Unsafe.prefetchRead(Ljava/lang/Object;J)V name or signature does not match> (0x00000000eab0c7e0) thrown at [D:\re\workspace\8-2-build-windows-amd64-cygwin\jdk8u20\1074\hotspot\src\share\vm\prims\j	Ф╔0@
Event: 2.524 Thread 0x0000000001e1f000 Implicit null exception at 0x00000000026c9c1c to 0x00000000026cc0a1
Event: 4.935 Thread 0x0000000001e1f000 Implicit null exception at 0x0000000002888092 to 0x0000000002888182

Events (10 events):
Event: 8.847 Thread 0x0000000001e1f000 DEOPT UNPACKING pc=0x00000000023a556a sp=0x000000000208eb78 mode 2
Event: 9.088 Thread 0x0000000001e1f000 DEOPT PACKING pc=0x000000000275d136 sp=0x000000000208eab0
Event: 9.088 Thread 0x0000000001e1f000 DEOPT UNPACKING pc=0x00000000023a71bf sp=0x000000000208e8e0 mode 0
Event: 9.136 Thread 0x0000000001e1f000 Uncommon trap: trap_request=0xffffffad fr.pc=0x000000000299bab4
Event: 9.136 Thread 0x0000000001e1f000 DEOPT PACKING pc=0x000000000299bab4 sp=0x000000000208e060
Event: 9.136 Thread 0x0000000001e1f000 DEOPT UNPACKING pc=0x00000000023a556a sp=0x000000000208dff0 mode 2
Event: 9.171 Thread 0x0000000001e1f000 DEOPT PACKING pc=0x000000000275d136 sp=0x000000000208ea00
Event: 9.171 Thread 0x0000000001e1f000 DEOPT UNPACKING pc=0x00000000023a71bf sp=0x000000000208e830 mode 0
Event: 9.180 Executing VM operation: ParallelGCFailedAllocation
Event: 11.492 Executing VM operation: ParallelGCFailedAllocation done


Dynamic libraries:
0x000000013f520000 - 0x000000013f554000 	C:\PROGRA~1\Java\JDK18~1.0_2\bin\java.exe
0x0000000077b90000 - 0x0000000077d39000 	C:\Windows\SYSTEM32\ntdll.dll
0x0000000077a70000 - 0x0000000077b8f000 	C:\Windows\system32\kernel32.dll
0x000007fefd980000 - 0x000007fefd9ec000 	C:\Windows\system32\KERNELBASE.dll
0x000007fefe550000 - 0x000007fefe62b000 	C:\Windows\system32\ADVAPI32.dll
0x000007fefe140000 - 0x000007fefe1df000 	C:\Windows\system32\msvcrt.dll
0x000007fefe9d0000 - 0x000007fefe9ef000 	C:\Windows\SYSTEM32\sechost.dll
0x000007feff850000 - 0x000007feff97d000 	C:\Windows\system32\RPCRT4.dll
0x0000000077970000 - 0x0000000077a6a000 	C:\Windows\system32\USER32.dll
0x000007feffaf0000 - 0x000007feffb57000 	C:\Windows\system32\GDI32.dll
0x000007fefe9c0000 - 0x000007fefe9ce000 	C:\Windows\system32\LPK.dll
0x000007feffb60000 - 0x000007feffc29000 	C:\Windows\system32\USP10.dll
0x000007fefc4b0000 - 0x000007fefc6a4000 	C:\Windows\WinSxS\amd64_microsoft.windows.common-controls_6595b64144ccf1df_6.0.7601.17514_none_fa396087175ac9ac\COMCTL32.dll
0x000007fefe4d0000 - 0x000007fefe541000 	C:\Windows\system32\SHLWAPI.dll
0x000007feff820000 - 0x000007feff84e000 	C:\Windows\system32\IMM32.DLL
0x000007fefe710000 - 0x000007fefe819000 	C:\Windows\system32\MSCTF.dll
0x0000000058210000 - 0x00000000582e2000 	C:\PROGRA~1\Java\JDK18~1.0_2\jre\bin\msvcr100.dll
0x00000000582f0000 - 0x0000000058b48000 	C:\PROGRA~1\Java\JDK18~1.0_2\jre\bin\server\jvm.dll
0x000007fefb920000 - 0x000007fefb929000 	C:\Windows\system32\WSOCK32.dll
0x000007feffaa0000 - 0x000007feffaed000 	C:\Windows\system32\WS2_32.dll
0x000007fefe820000 - 0x000007fefe828000 	C:\Windows\system32\NSI.dll
0x000007fefb4b0000 - 0x000007fefb4eb000 	C:\Windows\system32\WINMM.dll
0x0000000077d50000 - 0x0000000077d57000 	C:\Windows\system32\PSAPI.DLL
0x000000006d6d0000 - 0x000000006d6df000 	C:\PROGRA~1\Java\JDK18~1.0_2\jre\bin\verify.dll
0x000000006d470000 - 0x000000006d498000 	C:\PROGRA~1\Java\JDK18~1.0_2\jre\bin\java.dll
0x000000006d450000 - 0x000000006d466000 	C:\PROGRA~1\Java\JDK18~1.0_2\jre\bin\zip.dll
0x000007fefe9f0000 - 0x000007feff778000 	C:\Windows\system32\SHELL32.dll
0x000007feffc90000 - 0x000007feffe93000 	C:\Windows\system32\ole32.dll
0x000007fefd950000 - 0x000007fefd95f000 	C:\Windows\system32\profapi.dll

VM Arguments:
jvm_args: -Xmx1024M -Xss1m -Djava.ext.dirs=C:\Users\Esteban\AppData\Local\Android\android-studio\sdk\build-tools\android-4.4W\lib 
java_command: C:\Users\Esteban\AppData\Local\Android\android-studio\sdk\build-tools\android-4.4W\lib\dx.jar --dex --output C:\msysgit\26-11\CI-1430-MiBusCR\Buses\app\build\intermediates\pre-dexed\debug\firebase-client-jvm-1.0.18-0ad7c72af977b6d0a1ea90d45951a8ca29cea4ef.jar C:\msysgit\26-11\CI-1430-MiBusCR\Buses\app\libs\firebase-client-jvm-1.0.18.jar
java_class_path (initial): C:\Users\Esteban\AppData\Local\Android\android-studio\sdk\build-tools\android-4.4W\lib\dx.jar
Launcher Type: SUN_STANDARD

Environment Variables:
JAVA_HOME=C:\Program Files\Java\jdk1.8.0_20
CLASSPATH=.;C:\Program Files (x86)\Java\jre6\lib\ext\QTJava.zip
PATH=C:\ProgramData\Oracle\Java\javapath;C:\Program Files\Java\jdk1.8.0_20\bin;C:\Program Files (x86)\CodeBlocks\MinGW\bin;C:\RailsInstaller\Ruby1.9.3\bin
USERNAME=Esteban
OS=Windows_NT
PROCESSOR_IDENTIFIER=Intel64 Family 6 Model 37 Stepping 5, GenuineIntel



---------------  S Y S T E M  ---------------

OS: Windows 7 , 64 bit Build 7601 Service Pack 1

CPU:total 4 (2 cores per cpu, 2 threads per core) family 6 model 37 stepping 5, cmov, cx8, fxsr, mmx, sse, sse2, sse3, ssse3, sse4.1, sse4.2, popcnt, ht, tsc, tscinvbit

Memory: 4k page, physical 6148632k(513440k free), swap 9453000k(5084k free)

vm_info: Java HotSpot(TM) 64-Bit Server VM (25.20-b23) for windows-amd64 JRE (1.8.0_20-b26), built on Jul 30 2014 13:51:23 by "java_re" with MS VC++ 10.0 (VS2010)

time: Wed Nov 26 10:53:58 2014
elapsed time: 12 seconds (0d 0h 0m 12s)

